{"/Users/vvssgowtham/Documents/FreelanceMarketPlace/frontend/src/components/cards/FreelancerCard.tsx": {"path":"/Users/vvssgowtham/Documents/FreelanceMarketPlace/frontend/src/components/cards/FreelancerCard.tsx","statementMap":{"0":{"start":{"line":21,"column":54},"end":{"line":124,"column":null}},"1":{"start":{"line":35,"column":2},"end":{"line":122,"column":null}},"2":{"start":{"line":99,"column":12},"end":{"line":104,"column":null}}},"fnMap":{"0":{"name":"(anonymous_0)","decl":{"start":{"line":21,"column":54},"end":{"line":21,"column":55}},"loc":{"start":{"line":34,"column":6},"end":{"line":124,"column":null}},"line":34},"1":{"name":"(anonymous_1)","decl":{"start":{"line":98,"column":34},"end":{"line":98,"column":35}},"loc":{"start":{"line":99,"column":12},"end":{"line":104,"column":null}},"line":99}},"branchMap":{"0":{"loc":{"start":{"line":31,"column":2},"end":{"line":31,"column":null}},"type":"default-arg","locations":[{"start":{"line":31,"column":15},"end":{"line":31,"column":null}}],"line":31},"1":{"loc":{"start":{"line":44,"column":9},"end":{"line":49,"column":null}},"type":"binary-expr","locations":[{"start":{"line":44,"column":9},"end":{"line":44,"column":null}},{"start":{"line":45,"column":10},"end":{"line":49,"column":null}}],"line":44},"2":{"loc":{"start":{"line":64,"column":11},"end":{"line":67,"column":null}},"type":"binary-expr","locations":[{"start":{"line":64,"column":11},"end":{"line":64,"column":null}},{"start":{"line":65,"column":12},"end":{"line":67,"column":null}}],"line":64},"3":{"loc":{"start":{"line":106,"column":11},"end":{"line":109,"column":null}},"type":"binary-expr","locations":[{"start":{"line":106,"column":11},"end":{"line":106,"column":null}},{"start":{"line":107,"column":12},"end":{"line":109,"column":null}}],"line":106}},"s":{"0":1,"1":10,"2":30},"f":{"0":10,"1":30},"b":{"0":[10],"1":[10,9],"2":[10,9],"3":[10,10]},"meta":{"lastBranch":4,"lastFunction":2,"lastStatement":3,"seen":{"s:21:54:124:Infinity":0,"f:21:54:21:55":0,"b:31:15:31:Infinity":0,"s:35:2:122:Infinity":1,"b:44:9:44:Infinity:45:10:49:Infinity":1,"b:64:11:64:Infinity:65:12:67:Infinity":2,"f:98:34:98:35":1,"s:99:12:104:Infinity":2,"b:106:11:106:Infinity:107:12:109:Infinity":3}}}
,"/Users/vvssgowtham/Documents/FreelanceMarketPlace/frontend/src/components/cards/PricingCard.tsx": {"path":"/Users/vvssgowtham/Documents/FreelanceMarketPlace/frontend/src/components/cards/PricingCard.tsx","statementMap":{"0":{"start":{"line":17,"column":48},"end":{"line":96,"column":null}},"1":{"start":{"line":27,"column":2},"end":{"line":94,"column":null}},"2":{"start":{"line":64,"column":10},"end":{"line":79,"column":null}}},"fnMap":{"0":{"name":"(anonymous_0)","decl":{"start":{"line":17,"column":48},"end":{"line":17,"column":49}},"loc":{"start":{"line":26,"column":6},"end":{"line":96,"column":null}},"line":26},"1":{"name":"(anonymous_1)","decl":{"start":{"line":63,"column":22},"end":{"line":63,"column":23}},"loc":{"start":{"line":64,"column":10},"end":{"line":79,"column":null}},"line":64}},"branchMap":{"0":{"loc":{"start":{"line":20,"column":2},"end":{"line":20,"column":null}},"type":"default-arg","locations":[{"start":{"line":20,"column":18},"end":{"line":20,"column":null}}],"line":20},"1":{"loc":{"start":{"line":22,"column":2},"end":{"line":22,"column":null}},"type":"default-arg","locations":[{"start":{"line":22,"column":14},"end":{"line":22,"column":null}}],"line":22},"2":{"loc":{"start":{"line":23,"column":2},"end":{"line":23,"column":null}},"type":"default-arg","locations":[{"start":{"line":23,"column":13},"end":{"line":23,"column":null}}],"line":23},"3":{"loc":{"start":{"line":31,"column":8},"end":{"line":33,"column":null}},"type":"cond-expr","locations":[{"start":{"line":32,"column":12},"end":{"line":32,"column":null}},{"start":{"line":33,"column":12},"end":{"line":33,"column":null}}],"line":31},"4":{"loc":{"start":{"line":37,"column":7},"end":{"line":40,"column":null}},"type":"binary-expr","locations":[{"start":{"line":37,"column":7},"end":{"line":37,"column":null}},{"start":{"line":38,"column":8},"end":{"line":40,"column":null}}],"line":37},"5":{"loc":{"start":{"line":47,"column":12},"end":{"line":47,"column":null}},"type":"cond-expr","locations":[{"start":{"line":47,"column":24},"end":{"line":47,"column":38}},{"start":{"line":47,"column":38},"end":{"line":47,"column":null}}],"line":47},"6":{"loc":{"start":{"line":71,"column":16},"end":{"line":73,"column":null}},"type":"cond-expr","locations":[{"start":{"line":72,"column":20},"end":{"line":72,"column":null}},{"start":{"line":73,"column":20},"end":{"line":73,"column":null}}],"line":71},"7":{"loc":{"start":{"line":86,"column":10},"end":{"line":88,"column":null}},"type":"cond-expr","locations":[{"start":{"line":87,"column":14},"end":{"line":87,"column":null}},{"start":{"line":88,"column":14},"end":{"line":88,"column":null}}],"line":86}},"s":{"0":1,"1":13,"2":36},"f":{"0":13,"1":36},"b":{"0":[13],"1":[13],"2":[13],"3":[3,10],"4":[13,3],"5":[3,10],"6":[9,27],"7":[3,10]},"meta":{"lastBranch":8,"lastFunction":2,"lastStatement":3,"seen":{"s:17:48:96:Infinity":0,"f:17:48:17:49":0,"b:20:18:20:Infinity":0,"b:22:14:22:Infinity":1,"b:23:13:23:Infinity":2,"s:27:2:94:Infinity":1,"b:32:12:32:Infinity:33:12:33:Infinity":3,"b:37:7:37:Infinity:38:8:40:Infinity":4,"b:47:24:47:38:47:38:47:Infinity":5,"f:63:22:63:23":1,"s:64:10:79:Infinity":2,"b:72:20:72:Infinity:73:20:73:Infinity":6,"b:87:14:87:Infinity:88:14:88:Infinity":7}}}
,"/Users/vvssgowtham/Documents/FreelanceMarketPlace/frontend/src/components/cards/ProjectCard.tsx": {"path":"/Users/vvssgowtham/Documents/FreelanceMarketPlace/frontend/src/components/cards/ProjectCard.tsx","statementMap":{"0":{"start":{"line":18,"column":21},"end":{"line":22,"column":null}},"1":{"start":{"line":24,"column":48},"end":{"line":127,"column":null}},"2":{"start":{"line":35,"column":2},"end":{"line":125,"column":null}},"3":{"start":{"line":71,"column":10},"end":{"line":76,"column":null}}},"fnMap":{"0":{"name":"(anonymous_0)","decl":{"start":{"line":24,"column":48},"end":{"line":24,"column":49}},"loc":{"start":{"line":34,"column":6},"end":{"line":127,"column":null}},"line":34},"1":{"name":"(anonymous_1)","decl":{"start":{"line":70,"column":32},"end":{"line":70,"column":33}},"loc":{"start":{"line":71,"column":10},"end":{"line":76,"column":null}},"line":71}},"branchMap":{"0":{"loc":{"start":{"line":78,"column":9},"end":{"line":81,"column":null}},"type":"binary-expr","locations":[{"start":{"line":78,"column":9},"end":{"line":78,"column":null}},{"start":{"line":79,"column":10},"end":{"line":81,"column":null}}],"line":78}},"s":{"0":1,"1":1,"2":13,"3":36},"f":{"0":13,"1":36},"b":{"0":[13,11]},"meta":{"lastBranch":1,"lastFunction":2,"lastStatement":4,"seen":{"s:18:21:22:Infinity":0,"s:24:48:127:Infinity":1,"f:24:48:24:49":0,"s:35:2:125:Infinity":2,"f:70:32:70:33":1,"s:71:10:76:Infinity":3,"b:78:9:78:Infinity:79:10:81:Infinity":0}}}
,"/Users/vvssgowtham/Documents/FreelanceMarketPlace/frontend/src/components/cards/StatsCard.tsx": {"path":"/Users/vvssgowtham/Documents/FreelanceMarketPlace/frontend/src/components/cards/StatsCard.tsx","statementMap":{"0":{"start":{"line":18,"column":44},"end":{"line":75,"column":null}},"1":{"start":{"line":27,"column":2},"end":{"line":73,"column":null}}},"fnMap":{"0":{"name":"(anonymous_0)","decl":{"start":{"line":18,"column":44},"end":{"line":18,"column":45}},"loc":{"start":{"line":26,"column":6},"end":{"line":75,"column":null}},"line":26}},"branchMap":{"0":{"loc":{"start":{"line":23,"column":2},"end":{"line":23,"column":null}},"type":"default-arg","locations":[{"start":{"line":23,"column":19},"end":{"line":23,"column":null}}],"line":23},"1":{"loc":{"start":{"line":24,"column":2},"end":{"line":24,"column":null}},"type":"default-arg","locations":[{"start":{"line":24,"column":16},"end":{"line":24,"column":null}}],"line":24},"2":{"loc":{"start":{"line":45,"column":9},"end":{"line":63,"column":null}},"type":"binary-expr","locations":[{"start":{"line":45,"column":9},"end":{"line":45,"column":null}},{"start":{"line":46,"column":10},"end":{"line":63,"column":null}}],"line":45},"3":{"loc":{"start":{"line":49,"column":14},"end":{"line":51,"column":null}},"type":"cond-expr","locations":[{"start":{"line":50,"column":18},"end":{"line":50,"column":null}},{"start":{"line":51,"column":18},"end":{"line":51,"column":null}}],"line":49},"4":{"loc":{"start":{"line":54,"column":13},"end":{"line":57,"column":null}},"type":"cond-expr","locations":[{"start":{"line":55,"column":14},"end":{"line":55,"column":null}},{"start":{"line":57,"column":14},"end":{"line":57,"column":null}}],"line":54}},"s":{"0":1,"1":12},"f":{"0":12},"b":{"0":[12],"1":[12],"2":[12,2],"3":[1,1],"4":[1,1]},"meta":{"lastBranch":5,"lastFunction":1,"lastStatement":2,"seen":{"s:18:44:75:Infinity":0,"f:18:44:18:45":0,"b:23:19:23:Infinity":0,"b:24:16:24:Infinity":1,"s:27:2:73:Infinity":1,"b:45:9:45:Infinity:46:10:63:Infinity":2,"b:50:18:50:Infinity:51:18:51:Infinity":3,"b:55:14:55:Infinity:57:14:57:Infinity":4}}}
,"/Users/vvssgowtham/Documents/FreelanceMarketPlace/frontend/src/components/cards/TestimonialCard.tsx": {"path":"/Users/vvssgowtham/Documents/FreelanceMarketPlace/frontend/src/components/cards/TestimonialCard.tsx","statementMap":{"0":{"start":{"line":14,"column":56},"end":{"line":70,"column":null}},"1":{"start":{"line":22,"column":2},"end":{"line":68,"column":null}},"2":{"start":{"line":56,"column":14},"end":{"line":63,"column":null}}},"fnMap":{"0":{"name":"(anonymous_0)","decl":{"start":{"line":14,"column":56},"end":{"line":14,"column":57}},"loc":{"start":{"line":21,"column":6},"end":{"line":70,"column":null}},"line":21},"1":{"name":"(anonymous_1)","decl":{"start":{"line":55,"column":31},"end":{"line":55,"column":32}},"loc":{"start":{"line":56,"column":14},"end":{"line":63,"column":null}},"line":56}},"branchMap":{"0":{"loc":{"start":{"line":19,"column":2},"end":{"line":19,"column":null}},"type":"default-arg","locations":[{"start":{"line":19,"column":11},"end":{"line":19,"column":null}}],"line":19},"1":{"loc":{"start":{"line":61,"column":18},"end":{"line":61,"column":null}},"type":"cond-expr","locations":[{"start":{"line":61,"column":43},"end":{"line":61,"column":57}},{"start":{"line":61,"column":57},"end":{"line":61,"column":null}}],"line":61}},"s":{"0":1,"1":10,"2":50},"f":{"0":10,"1":50},"b":{"0":[10],"1":[41,9]},"meta":{"lastBranch":2,"lastFunction":2,"lastStatement":3,"seen":{"s:14:56:70:Infinity":0,"f:14:56:14:57":0,"b:19:11:19:Infinity":0,"s:22:2:68:Infinity":1,"f:55:31:55:32":1,"s:56:14:63:Infinity":2,"b:61:43:61:57:61:57:61:Infinity":1}}}
,"/Users/vvssgowtham/Documents/FreelanceMarketPlace/frontend/src/components/chat/ChatArea.tsx": {"path":"/Users/vvssgowtham/Documents/FreelanceMarketPlace/frontend/src/components/chat/ChatArea.tsx","statementMap":{"0":{"start":{"line":51,"column":17},"end":{"line":258,"column":null}},"1":{"start":{"line":68,"column":44},"end":{"line":68,"column":null}},"2":{"start":{"line":69,"column":8},"end":{"line":69,"column":null}},"3":{"start":{"line":70,"column":8},"end":{"line":70,"column":null}},"4":{"start":{"line":73,"column":2},"end":{"line":89,"column":null}},"5":{"start":{"line":74,"column":31},"end":{"line":81,"column":null}},"6":{"start":{"line":75,"column":6},"end":{"line":80,"column":null}},"7":{"start":{"line":79,"column":8},"end":{"line":79,"column":null}},"8":{"start":{"line":83,"column":4},"end":{"line":85,"column":null}},"9":{"start":{"line":84,"column":6},"end":{"line":84,"column":null}},"10":{"start":{"line":86,"column":4},"end":{"line":88,"column":null}},"11":{"start":{"line":87,"column":6},"end":{"line":87,"column":null}},"12":{"start":{"line":90,"column":21},"end":{"line":90,"column":null}},"13":{"start":{"line":92,"column":2},"end":{"line":94,"column":null}},"14":{"start":{"line":93,"column":4},"end":{"line":93,"column":null}},"15":{"start":{"line":96,"column":2},"end":{"line":115,"column":null}},"16":{"start":{"line":97,"column":4},"end":{"line":113,"column":null}},"17":{"start":{"line":117,"column":2},"end":{"line":256,"column":null}},"18":{"start":{"line":174,"column":26},"end":{"line":174,"column":null}},"19":{"start":{"line":175,"column":26},"end":{"line":178,"column":null}},"20":{"start":{"line":180,"column":12},"end":{"line":182,"column":null}},"21":{"start":{"line":183,"column":27},"end":{"line":183,"column":null}},"22":{"start":{"line":184,"column":24},"end":{"line":184,"column":null}},"23":{"start":{"line":186,"column":10},"end":{"line":195,"column":null}},"24":{"start":{"line":210,"column":31},"end":{"line":210,"column":null}},"25":{"start":{"line":225,"column":22},"end":{"line":225,"column":null}},"26":{"start":{"line":242,"column":31},"end":{"line":242,"column":null}},"27":{"start":{"line":243,"column":32},"end":{"line":243,"column":null}}},"fnMap":{"0":{"name":"(anonymous_0)","decl":{"start":{"line":51,"column":17},"end":{"line":51,"column":18}},"loc":{"start":{"line":67,"column":21},"end":{"line":258,"column":null}},"line":67},"1":{"name":"(anonymous_1)","decl":{"start":{"line":73,"column":12},"end":{"line":73,"column":18}},"loc":{"start":{"line":73,"column":18},"end":{"line":89,"column":5}},"line":73},"2":{"name":"(anonymous_2)","decl":{"start":{"line":74,"column":31},"end":{"line":74,"column":32}},"loc":{"start":{"line":74,"column":54},"end":{"line":81,"column":null}},"line":74},"3":{"name":"(anonymous_3)","decl":{"start":{"line":86,"column":11},"end":{"line":86,"column":17}},"loc":{"start":{"line":86,"column":17},"end":{"line":88,"column":null}},"line":86},"4":{"name":"(anonymous_4)","decl":{"start":{"line":92,"column":12},"end":{"line":92,"column":18}},"loc":{"start":{"line":92,"column":18},"end":{"line":94,"column":5}},"line":92},"5":{"name":"(anonymous_5)","decl":{"start":{"line":173,"column":22},"end":{"line":173,"column":23}},"loc":{"start":{"line":173,"column":38},"end":{"line":197,"column":9}},"line":173},"6":{"name":"(anonymous_6)","decl":{"start":{"line":210,"column":25},"end":{"line":210,"column":31}},"loc":{"start":{"line":210,"column":31},"end":{"line":210,"column":null}},"line":210},"7":{"name":"(anonymous_7)","decl":{"start":{"line":224,"column":34},"end":{"line":224,"column":35}},"loc":{"start":{"line":224,"column":49},"end":{"line":227,"column":null}},"line":224},"8":{"name":"(anonymous_8)","decl":{"start":{"line":242,"column":24},"end":{"line":242,"column":25}},"loc":{"start":{"line":242,"column":31},"end":{"line":242,"column":null}},"line":242},"9":{"name":"(anonymous_9)","decl":{"start":{"line":243,"column":25},"end":{"line":243,"column":26}},"loc":{"start":{"line":243,"column":32},"end":{"line":243,"column":null}},"line":243}},"branchMap":{"0":{"loc":{"start":{"line":75,"column":6},"end":{"line":80,"column":null}},"type":"if","locations":[{"start":{"line":75,"column":6},"end":{"line":80,"column":null}},{"start":{},"end":{}}],"line":75},"1":{"loc":{"start":{"line":76,"column":8},"end":{"line":77,"column":null}},"type":"binary-expr","locations":[{"start":{"line":76,"column":8},"end":{"line":76,"column":null}},{"start":{"line":77,"column":8},"end":{"line":77,"column":null}}],"line":76},"2":{"loc":{"start":{"line":83,"column":4},"end":{"line":85,"column":null}},"type":"if","locations":[{"start":{"line":83,"column":4},"end":{"line":85,"column":null}},{"start":{},"end":{}}],"line":83},"3":{"loc":{"start":{"line":90,"column":21},"end":{"line":90,"column":null}},"type":"cond-expr","locations":[{"start":{"line":90,"column":41},"end":{"line":90,"column":52}},{"start":{"line":90,"column":52},"end":{"line":90,"column":null}}],"line":90},"4":{"loc":{"start":{"line":96,"column":2},"end":{"line":115,"column":null}},"type":"if","locations":[{"start":{"line":96,"column":2},"end":{"line":115,"column":null}},{"start":{},"end":{}}],"line":96},"5":{"loc":{"start":{"line":122,"column":11},"end":{"line":128,"column":null}},"type":"binary-expr","locations":[{"start":{"line":122,"column":11},"end":{"line":122,"column":null}},{"start":{"line":123,"column":12},"end":{"line":128,"column":null}}],"line":122},"6":{"loc":{"start":{"line":140,"column":15},"end":{"line":141,"column":null}},"type":"binary-expr","locations":[{"start":{"line":140,"column":15},"end":{"line":140,"column":null}},{"start":{"line":141,"column":16},"end":{"line":141,"column":null}}],"line":140},"7":{"loc":{"start":{"line":145,"column":15},"end":{"line":145,"column":null}},"type":"cond-expr","locations":[{"start":{"line":145,"column":36},"end":{"line":145,"column":47}},{"start":{"line":145,"column":47},"end":{"line":145,"column":null}}],"line":145},"8":{"loc":{"start":{"line":146,"column":15},"end":{"line":146,"column":null}},"type":"binary-expr","locations":[{"start":{"line":146,"column":15},"end":{"line":146,"column":26}},{"start":{"line":146,"column":26},"end":{"line":146,"column":null}}],"line":146},"9":{"loc":{"start":{"line":161,"column":14},"end":{"line":163,"column":null}},"type":"cond-expr","locations":[{"start":{"line":162,"column":18},"end":{"line":162,"column":null}},{"start":{"line":163,"column":18},"end":{"line":163,"column":null}}],"line":161},"10":{"loc":{"start":{"line":180,"column":12},"end":{"line":182,"column":null}},"type":"cond-expr","locations":[{"start":{"line":181,"column":16},"end":{"line":181,"column":null}},{"start":{"line":182,"column":16},"end":{"line":182,"column":null}}],"line":180},"11":{"loc":{"start":{"line":183,"column":27},"end":{"line":183,"column":null}},"type":"binary-expr","locations":[{"start":{"line":183,"column":27},"end":{"line":183,"column":42}},{"start":{"line":183,"column":42},"end":{"line":183,"column":null}}],"line":183},"12":{"loc":{"start":{"line":202,"column":7},"end":{"line":254,"column":null}},"type":"cond-expr","locations":[{"start":{"line":203,"column":8},"end":{"line":203,"column":null}},{"start":{"line":205,"column":8},"end":{"line":254,"column":null}}],"line":202},"13":{"loc":{"start":{"line":213,"column":18},"end":{"line":215,"column":null}},"type":"cond-expr","locations":[{"start":{"line":214,"column":22},"end":{"line":214,"column":null}},{"start":{"line":215,"column":22},"end":{"line":215,"column":null}}],"line":213},"14":{"loc":{"start":{"line":221,"column":15},"end":{"line":235,"column":null}},"type":"binary-expr","locations":[{"start":{"line":221,"column":15},"end":{"line":221,"column":null}},{"start":{"line":222,"column":16},"end":{"line":235,"column":null}}],"line":221},"15":{"loc":{"start":{"line":243,"column":32},"end":{"line":243,"column":null}},"type":"binary-expr","locations":[{"start":{"line":243,"column":32},"end":{"line":243,"column":53}},{"start":{"line":243,"column":53},"end":{"line":243,"column":null}}],"line":243},"16":{"loc":{"start":{"line":248,"column":24},"end":{"line":248,"column":null}},"type":"binary-expr","locations":[{"start":{"line":248,"column":24},"end":{"line":248,"column":48}},{"start":{"line":248,"column":48},"end":{"line":248,"column":null}}],"line":248}},"s":{"0":1,"1":30,"2":30,"3":30,"4":30,"5":8,"6":0,"7":0,"8":8,"9":0,"10":8,"11":8,"12":30,"13":30,"14":8,"15":30,"16":16,"17":14,"18":0,"19":0,"20":0,"21":0,"22":0,"23":0,"24":0,"25":0,"26":0,"27":0},"f":{"0":30,"1":8,"2":0,"3":8,"4":8,"5":0,"6":0,"7":0,"8":0,"9":0},"b":{"0":[0,0],"1":[0,0],"2":[0,8],"3":[30,0],"4":[16,14],"5":[14,14],"6":[30,14],"7":[0,14],"8":[30,14],"9":[0,14],"10":[0,0],"11":[0,0],"12":[0,14],"13":[0,14],"14":[14,0],"15":[0,0],"16":[14,0]},"meta":{"lastBranch":17,"lastFunction":10,"lastStatement":28,"seen":{"s:51:17:258:Infinity":0,"f:51:17:51:18":0,"s:68:44:68:Infinity":1,"s:69:8:69:Infinity":2,"s:70:8:70:Infinity":3,"s:73:2:89:Infinity":4,"f:73:12:73:18":1,"s:74:31:81:Infinity":5,"f:74:31:74:32":2,"b:75:6:80:Infinity:undefined:undefined:undefined:undefined":0,"s:75:6:80:Infinity":6,"b:76:8:76:Infinity:77:8:77:Infinity":1,"s:79:8:79:Infinity":7,"b:83:4:85:Infinity:undefined:undefined:undefined:undefined":2,"s:83:4:85:Infinity":8,"s:84:6:84:Infinity":9,"s:86:4:88:Infinity":10,"f:86:11:86:17":3,"s:87:6:87:Infinity":11,"s:90:21:90:Infinity":12,"b:90:41:90:52:90:52:90:Infinity":3,"s:92:2:94:Infinity":13,"f:92:12:92:18":4,"s:93:4:93:Infinity":14,"b:96:2:115:Infinity:undefined:undefined:undefined:undefined":4,"s:96:2:115:Infinity":15,"s:97:4:113:Infinity":16,"s:117:2:256:Infinity":17,"b:122:11:122:Infinity:123:12:128:Infinity":5,"b:140:15:140:Infinity:141:16:141:Infinity":6,"b:145:36:145:47:145:47:145:Infinity":7,"b:146:15:146:26:146:26:146:Infinity":8,"b:162:18:162:Infinity:163:18:163:Infinity":9,"f:173:22:173:23":5,"s:174:26:174:Infinity":18,"s:175:26:178:Infinity":19,"s:180:12:182:Infinity":20,"b:181:16:181:Infinity:182:16:182:Infinity":10,"s:183:27:183:Infinity":21,"b:183:27:183:42:183:42:183:Infinity":11,"s:184:24:184:Infinity":22,"s:186:10:195:Infinity":23,"b:203:8:203:Infinity:205:8:254:Infinity":12,"f:210:25:210:31":6,"s:210:31:210:Infinity":24,"b:214:22:214:Infinity:215:22:215:Infinity":13,"b:221:15:221:Infinity:222:16:235:Infinity":14,"f:224:34:224:35":7,"s:225:22:225:Infinity":25,"f:242:24:242:25":8,"s:242:31:242:Infinity":26,"f:243:25:243:26":9,"s:243:32:243:Infinity":27,"b:243:32:243:53:243:53:243:Infinity":15,"b:248:24:248:48:248:48:248:Infinity":16}}}
,"/Users/vvssgowtham/Documents/FreelanceMarketPlace/frontend/src/components/chat/ChatAvatar.tsx": {"path":"/Users/vvssgowtham/Documents/FreelanceMarketPlace/frontend/src/components/chat/ChatAvatar.tsx","statementMap":{"0":{"start":{"line":11,"column":19},"end":{"line":66,"column":null}},"1":{"start":{"line":18,"column":22},"end":{"line":25,"column":null}},"2":{"start":{"line":27,"column":36},"end":{"line":34,"column":null}},"3":{"start":{"line":36,"column":29},"end":{"line":43,"column":null}},"4":{"start":{"line":45,"column":2},"end":{"line":64,"column":null}}},"fnMap":{"0":{"name":"(anonymous_0)","decl":{"start":{"line":11,"column":19},"end":{"line":11,"column":20}},"loc":{"start":{"line":17,"column":23},"end":{"line":66,"column":null}},"line":17}},"branchMap":{"0":{"loc":{"start":{"line":13,"column":2},"end":{"line":13,"column":null}},"type":"default-arg","locations":[{"start":{"line":13,"column":9},"end":{"line":13,"column":null}}],"line":13},"1":{"loc":{"start":{"line":14,"column":2},"end":{"line":14,"column":null}},"type":"default-arg","locations":[{"start":{"line":14,"column":11},"end":{"line":14,"column":null}}],"line":14},"2":{"loc":{"start":{"line":16,"column":2},"end":{"line":16,"column":null}},"type":"default-arg","locations":[{"start":{"line":16,"column":24},"end":{"line":16,"column":null}}],"line":16},"3":{"loc":{"start":{"line":50,"column":9},"end":{"line":50,"column":null}},"type":"cond-expr","locations":[{"start":{"line":50,"column":16},"end":{"line":50,"column":47}},{"start":{"line":50,"column":47},"end":{"line":50,"column":null}}],"line":50},"4":{"loc":{"start":{"line":52,"column":7},"end":{"line":62,"column":null}},"type":"binary-expr","locations":[{"start":{"line":52,"column":7},"end":{"line":52,"column":30}},{"start":{"line":52,"column":30},"end":{"line":52,"column":null}},{"start":{"line":53,"column":8},"end":{"line":62,"column":null}}],"line":52}},"s":{"0":1,"1":58,"2":58,"3":58,"4":58},"f":{"0":58},"b":{"0":[58],"1":[58],"2":[58],"3":[58,0],"4":[58,28,0]},"meta":{"lastBranch":5,"lastFunction":1,"lastStatement":5,"seen":{"s:11:19:66:Infinity":0,"f:11:19:11:20":0,"b:13:9:13:Infinity":0,"b:14:11:14:Infinity":1,"b:16:24:16:Infinity":2,"s:18:22:25:Infinity":1,"s:27:36:34:Infinity":2,"s:36:29:43:Infinity":3,"s:45:2:64:Infinity":4,"b:50:16:50:47:50:47:50:Infinity":3,"b:52:7:52:30:52:30:52:Infinity:53:8:62:Infinity":4}}}
,"/Users/vvssgowtham/Documents/FreelanceMarketPlace/frontend/src/components/chat/ChatInfoPanel.tsx": {"path":"/Users/vvssgowtham/Documents/FreelanceMarketPlace/frontend/src/components/chat/ChatInfoPanel.tsx","statementMap":{"0":{"start":{"line":42,"column":22},"end":{"line":209,"column":null}},"1":{"start":{"line":48,"column":21},"end":{"line":48,"column":null}},"2":{"start":{"line":50,"column":2},"end":{"line":207,"column":null}}},"fnMap":{"0":{"name":"(anonymous_0)","decl":{"start":{"line":42,"column":22},"end":{"line":42,"column":23}},"loc":{"start":{"line":47,"column":26},"end":{"line":209,"column":null}},"line":47}},"branchMap":{"0":{"loc":{"start":{"line":48,"column":21},"end":{"line":48,"column":null}},"type":"cond-expr","locations":[{"start":{"line":48,"column":41},"end":{"line":48,"column":52}},{"start":{"line":48,"column":52},"end":{"line":48,"column":null}}],"line":48},"1":{"loc":{"start":{"line":68,"column":11},"end":{"line":69,"column":null}},"type":"binary-expr","locations":[{"start":{"line":68,"column":11},"end":{"line":68,"column":null}},{"start":{"line":69,"column":12},"end":{"line":69,"column":null}}],"line":68},"2":{"loc":{"start":{"line":72,"column":9},"end":{"line":73,"column":null}},"type":"binary-expr","locations":[{"start":{"line":72,"column":9},"end":{"line":72,"column":null}},{"start":{"line":73,"column":10},"end":{"line":73,"column":null}}],"line":72},"3":{"loc":{"start":{"line":88,"column":7},"end":{"line":118,"column":null}},"type":"binary-expr","locations":[{"start":{"line":88,"column":7},"end":{"line":88,"column":null}},{"start":{"line":89,"column":9},"end":{"line":89,"column":32}},{"start":{"line":89,"column":32},"end":{"line":89,"column":null}},{"start":{"line":90,"column":10},"end":{"line":118,"column":null}}],"line":88},"4":{"loc":{"start":{"line":95,"column":15},"end":{"line":104,"column":null}},"type":"binary-expr","locations":[{"start":{"line":95,"column":15},"end":{"line":95,"column":null}},{"start":{"line":96,"column":16},"end":{"line":104,"column":null}}],"line":95},"5":{"loc":{"start":{"line":106,"column":15},"end":{"line":115,"column":null}},"type":"binary-expr","locations":[{"start":{"line":106,"column":15},"end":{"line":106,"column":null}},{"start":{"line":107,"column":16},"end":{"line":115,"column":null}}],"line":106},"6":{"loc":{"start":{"line":122,"column":7},"end":{"line":140,"column":null}},"type":"binary-expr","locations":[{"start":{"line":122,"column":7},"end":{"line":122,"column":null}},{"start":{"line":123,"column":8},"end":{"line":140,"column":null}}],"line":122},"7":{"loc":{"start":{"line":129,"column":14},"end":{"line":129,"column":null}},"type":"cond-expr","locations":[{"start":{"line":129,"column":34},"end":{"line":129,"column":68}},{"start":{"line":129,"column":68},"end":{"line":129,"column":null}}],"line":129},"8":{"loc":{"start":{"line":148,"column":9},"end":{"line":184,"column":null}},"type":"cond-expr","locations":[{"start":{"line":149,"column":10},"end":{"line":172,"column":null}},{"start":{"line":174,"column":10},"end":{"line":184,"column":null}}],"line":148},"9":{"loc":{"start":{"line":192,"column":13},"end":{"line":193,"column":null}},"type":"binary-expr","locations":[{"start":{"line":192,"column":13},"end":{"line":192,"column":null}},{"start":{"line":193,"column":14},"end":{"line":193,"column":null}}],"line":192},"10":{"loc":{"start":{"line":198,"column":16},"end":{"line":198,"column":null}},"type":"cond-expr","locations":[{"start":{"line":198,"column":37},"end":{"line":198,"column":54}},{"start":{"line":198,"column":54},"end":{"line":198,"column":null}}],"line":198},"11":{"loc":{"start":{"line":203,"column":13},"end":{"line":203,"column":null}},"type":"cond-expr","locations":[{"start":{"line":203,"column":34},"end":{"line":203,"column":49}},{"start":{"line":203,"column":49},"end":{"line":203,"column":null}}],"line":203}},"s":{"0":1,"1":0,"2":0},"f":{"0":0},"b":{"0":[0,0],"1":[0,0],"2":[0,0],"3":[0,0,0,0],"4":[0,0],"5":[0,0],"6":[0,0],"7":[0,0],"8":[0,0],"9":[0,0],"10":[0,0],"11":[0,0]},"meta":{"lastBranch":12,"lastFunction":1,"lastStatement":3,"seen":{"s:42:22:209:Infinity":0,"f:42:22:42:23":0,"s:48:21:48:Infinity":1,"b:48:41:48:52:48:52:48:Infinity":0,"s:50:2:207:Infinity":2,"b:68:11:68:Infinity:69:12:69:Infinity":1,"b:72:9:72:Infinity:73:10:73:Infinity":2,"b:88:7:88:Infinity:89:9:89:32:89:32:89:Infinity:90:10:118:Infinity":3,"b:95:15:95:Infinity:96:16:104:Infinity":4,"b:106:15:106:Infinity:107:16:115:Infinity":5,"b:122:7:122:Infinity:123:8:140:Infinity":6,"b:129:34:129:68:129:68:129:Infinity":7,"b:149:10:172:Infinity:174:10:184:Infinity":8,"b:192:13:192:Infinity:193:14:193:Infinity":9,"b:198:37:198:54:198:54:198:Infinity":10,"b:203:34:203:49:203:49:203:Infinity":11}}}
,"/Users/vvssgowtham/Documents/FreelanceMarketPlace/frontend/src/components/chat/ChatTermsOverlay.tsx": {"path":"/Users/vvssgowtham/Documents/FreelanceMarketPlace/frontend/src/components/chat/ChatTermsOverlay.tsx","statementMap":{"0":{"start":{"line":8,"column":25},"end":{"line":34,"column":null}},"1":{"start":{"line":9,"column":2},"end":{"line":32,"column":null}}},"fnMap":{"0":{"name":"(anonymous_0)","decl":{"start":{"line":8,"column":25},"end":{"line":8,"column":26}},"loc":{"start":{"line":8,"column":71},"end":{"line":34,"column":null}},"line":8}},"branchMap":{},"s":{"0":1,"1":0},"f":{"0":0},"b":{},"meta":{"lastBranch":0,"lastFunction":1,"lastStatement":2,"seen":{"s:8:25:34:Infinity":0,"f:8:25:8:26":0,"s:9:2:32:Infinity":1}}}
,"/Users/vvssgowtham/Documents/FreelanceMarketPlace/frontend/src/components/chat/ConversationList.tsx": {"path":"/Users/vvssgowtham/Documents/FreelanceMarketPlace/frontend/src/components/chat/ConversationList.tsx","statementMap":{"0":{"start":{"line":39,"column":25},"end":{"line":181,"column":null}},"1":{"start":{"line":51,"column":32},"end":{"line":61,"column":null}},"2":{"start":{"line":52,"column":26},"end":{"line":54,"column":null}},"3":{"start":{"line":56,"column":6},"end":{"line":56,"column":null}},"4":{"start":{"line":59,"column":6},"end":{"line":59,"column":null}},"5":{"start":{"line":60,"column":4},"end":{"line":60,"column":null}},"6":{"start":{"line":63,"column":21},"end":{"line":63,"column":null}},"7":{"start":{"line":65,"column":2},"end":{"line":179,"column":null}},"8":{"start":{"line":82,"column":29},"end":{"line":82,"column":null}},"9":{"start":{"line":88,"column":27},"end":{"line":88,"column":null}},"10":{"start":{"line":99,"column":27},"end":{"line":99,"column":null}},"11":{"start":{"line":120,"column":10},"end":{"line":176,"column":null}},"12":{"start":{"line":122,"column":27},"end":{"line":122,"column":null}}},"fnMap":{"0":{"name":"(anonymous_0)","decl":{"start":{"line":39,"column":25},"end":{"line":39,"column":26}},"loc":{"start":{"line":50,"column":29},"end":{"line":181,"column":null}},"line":50},"1":{"name":"(anonymous_1)","decl":{"start":{"line":51,"column":53},"end":{"line":51,"column":54}},"loc":{"start":{"line":51,"column":63},"end":{"line":61,"column":3}},"line":51},"2":{"name":"(anonymous_2)","decl":{"start":{"line":82,"column":22},"end":{"line":82,"column":23}},"loc":{"start":{"line":82,"column":29},"end":{"line":82,"column":null}},"line":82},"3":{"name":"(anonymous_3)","decl":{"start":{"line":88,"column":21},"end":{"line":88,"column":27}},"loc":{"start":{"line":88,"column":27},"end":{"line":88,"column":null}},"line":88},"4":{"name":"(anonymous_4)","decl":{"start":{"line":99,"column":21},"end":{"line":99,"column":27}},"loc":{"start":{"line":99,"column":27},"end":{"line":99,"column":null}},"line":99},"5":{"name":"(anonymous_5)","decl":{"start":{"line":119,"column":35},"end":{"line":119,"column":36}},"loc":{"start":{"line":120,"column":10},"end":{"line":176,"column":null}},"line":120},"6":{"name":"(anonymous_6)","decl":{"start":{"line":122,"column":21},"end":{"line":122,"column":27}},"loc":{"start":{"line":122,"column":27},"end":{"line":122,"column":null}},"line":122}},"branchMap":{"0":{"loc":{"start":{"line":56,"column":6},"end":{"line":56,"column":null}},"type":"binary-expr","locations":[{"start":{"line":56,"column":6},"end":{"line":56,"column":27}},{"start":{"line":56,"column":27},"end":{"line":56,"column":50}},{"start":{"line":56,"column":50},"end":{"line":56,"column":null}}],"line":56},"1":{"loc":{"start":{"line":59,"column":6},"end":{"line":59,"column":null}},"type":"binary-expr","locations":[{"start":{"line":59,"column":6},"end":{"line":59,"column":31}},{"start":{"line":59,"column":31},"end":{"line":59,"column":null}}],"line":59},"2":{"loc":{"start":{"line":60,"column":11},"end":{"line":60,"column":null}},"type":"binary-expr","locations":[{"start":{"line":60,"column":11},"end":{"line":60,"column":28}},{"start":{"line":60,"column":28},"end":{"line":60,"column":45}},{"start":{"line":60,"column":45},"end":{"line":60,"column":null}}],"line":60},"3":{"loc":{"start":{"line":63,"column":21},"end":{"line":63,"column":null}},"type":"cond-expr","locations":[{"start":{"line":63,"column":41},"end":{"line":63,"column":52}},{"start":{"line":63,"column":52},"end":{"line":63,"column":null}}],"line":63},"4":{"loc":{"start":{"line":91,"column":14},"end":{"line":93,"column":null}},"type":"cond-expr","locations":[{"start":{"line":92,"column":18},"end":{"line":92,"column":null}},{"start":{"line":93,"column":18},"end":{"line":93,"column":null}}],"line":91},"5":{"loc":{"start":{"line":102,"column":14},"end":{"line":104,"column":null}},"type":"cond-expr","locations":[{"start":{"line":103,"column":18},"end":{"line":103,"column":null}},{"start":{"line":104,"column":18},"end":{"line":104,"column":null}}],"line":102},"6":{"loc":{"start":{"line":114,"column":9},"end":{"line":117,"column":null}},"type":"binary-expr","locations":[{"start":{"line":114,"column":9},"end":{"line":114,"column":null}},{"start":{"line":115,"column":10},"end":{"line":117,"column":null}}],"line":114},"7":{"loc":{"start":{"line":125,"column":14},"end":{"line":127,"column":null}},"type":"cond-expr","locations":[{"start":{"line":126,"column":18},"end":{"line":126,"column":null}},{"start":{"line":127,"column":18},"end":{"line":127,"column":null}}],"line":125},"8":{"loc":{"start":{"line":144,"column":19},"end":{"line":145,"column":null}},"type":"binary-expr","locations":[{"start":{"line":144,"column":19},"end":{"line":144,"column":null}},{"start":{"line":145,"column":20},"end":{"line":145,"column":null}}],"line":144},"9":{"loc":{"start":{"line":152,"column":15},"end":{"line":155,"column":null}},"type":"binary-expr","locations":[{"start":{"line":152,"column":15},"end":{"line":152,"column":null}},{"start":{"line":153,"column":16},"end":{"line":155,"column":null}}],"line":152},"10":{"loc":{"start":{"line":157,"column":15},"end":{"line":163,"column":null}},"type":"binary-expr","locations":[{"start":{"line":157,"column":15},"end":{"line":157,"column":null}},{"start":{"line":158,"column":16},"end":{"line":163,"column":null}}],"line":157},"11":{"loc":{"start":{"line":171,"column":13},"end":{"line":174,"column":null}},"type":"binary-expr","locations":[{"start":{"line":171,"column":13},"end":{"line":171,"column":null}},{"start":{"line":172,"column":14},"end":{"line":174,"column":null}}],"line":171}},"s":{"0":1,"1":30,"2":14,"3":14,"4":14,"5":14,"6":30,"7":30,"8":0,"9":0,"10":0,"11":14,"12":0},"f":{"0":30,"1":14,"2":0,"3":0,"4":0,"5":14,"6":0},"b":{"0":[14,0,0],"1":[14,14],"2":[14,14,14],"3":[30,0],"4":[30,0],"5":[0,30],"6":[30,16],"7":[14,0],"8":[14,14],"9":[14,14],"10":[14,0],"11":[14,14]},"meta":{"lastBranch":12,"lastFunction":7,"lastStatement":13,"seen":{"s:39:25:181:Infinity":0,"f:39:25:39:26":0,"s:51:32:61:Infinity":1,"f:51:53:51:54":1,"s:52:26:54:Infinity":2,"s:56:6:56:Infinity":3,"b:56:6:56:27:56:27:56:50:56:50:56:Infinity":0,"s:59:6:59:Infinity":4,"b:59:6:59:31:59:31:59:Infinity":1,"s:60:4:60:Infinity":5,"b:60:11:60:28:60:28:60:45:60:45:60:Infinity":2,"s:63:21:63:Infinity":6,"b:63:41:63:52:63:52:63:Infinity":3,"s:65:2:179:Infinity":7,"f:82:22:82:23":2,"s:82:29:82:Infinity":8,"f:88:21:88:27":3,"s:88:27:88:Infinity":9,"b:92:18:92:Infinity:93:18:93:Infinity":4,"f:99:21:99:27":4,"s:99:27:99:Infinity":10,"b:103:18:103:Infinity:104:18:104:Infinity":5,"b:114:9:114:Infinity:115:10:117:Infinity":6,"f:119:35:119:36":5,"s:120:10:176:Infinity":11,"f:122:21:122:27":6,"s:122:27:122:Infinity":12,"b:126:18:126:Infinity:127:18:127:Infinity":7,"b:144:19:144:Infinity:145:20:145:Infinity":8,"b:152:15:152:Infinity:153:16:155:Infinity":9,"b:157:15:157:Infinity:158:16:163:Infinity":10,"b:171:13:171:Infinity:172:14:174:Infinity":11}}}
,"/Users/vvssgowtham/Documents/FreelanceMarketPlace/frontend/src/components/chat/MessageBubble.tsx": {"path":"/Users/vvssgowtham/Documents/FreelanceMarketPlace/frontend/src/components/chat/MessageBubble.tsx","statementMap":{"0":{"start":{"line":13,"column":22},"end":{"line":60,"column":null}},"1":{"start":{"line":21,"column":2},"end":{"line":58,"column":null}}},"fnMap":{"0":{"name":"(anonymous_0)","decl":{"start":{"line":13,"column":22},"end":{"line":13,"column":23}},"loc":{"start":{"line":20,"column":26},"end":{"line":60,"column":null}},"line":20}},"branchMap":{"0":{"loc":{"start":{"line":23,"column":7},"end":{"line":28,"column":null}},"type":"binary-expr","locations":[{"start":{"line":23,"column":7},"end":{"line":23,"column":19}},{"start":{"line":23,"column":19},"end":{"line":23,"column":null}},{"start":{"line":24,"column":8},"end":{"line":28,"column":null}}],"line":23},"1":{"loc":{"start":{"line":30,"column":38},"end":{"line":30,"column":77}},"type":"cond-expr","locations":[{"start":{"line":30,"column":46},"end":{"line":30,"column":62}},{"start":{"line":30,"column":62},"end":{"line":30,"column":77}}],"line":30},"2":{"loc":{"start":{"line":35,"column":14},"end":{"line":37,"column":null}},"type":"cond-expr","locations":[{"start":{"line":36,"column":18},"end":{"line":36,"column":null}},{"start":{"line":37,"column":18},"end":{"line":37,"column":null}}],"line":35},"3":{"loc":{"start":{"line":45,"column":14},"end":{"line":45,"column":null}},"type":"cond-expr","locations":[{"start":{"line":45,"column":22},"end":{"line":45,"column":38}},{"start":{"line":45,"column":38},"end":{"line":45,"column":null}}],"line":45},"4":{"loc":{"start":{"line":49,"column":13},"end":{"line":53,"column":null}},"type":"binary-expr","locations":[{"start":{"line":49,"column":13},"end":{"line":49,"column":null}},{"start":{"line":50,"column":15},"end":{"line":53,"column":null}}],"line":49},"5":{"loc":{"start":{"line":50,"column":15},"end":{"line":53,"column":null}},"type":"cond-expr","locations":[{"start":{"line":51,"column":16},"end":{"line":51,"column":null}},{"start":{"line":53,"column":16},"end":{"line":53,"column":null}}],"line":50}},"s":{"0":1,"1":0},"f":{"0":0},"b":{"0":[0,0,0],"1":[0,0],"2":[0,0],"3":[0,0],"4":[0,0],"5":[0,0]},"meta":{"lastBranch":6,"lastFunction":1,"lastStatement":2,"seen":{"s:13:22:60:Infinity":0,"f:13:22:13:23":0,"s:21:2:58:Infinity":1,"b:23:7:23:19:23:19:23:Infinity:24:8:28:Infinity":0,"b:30:46:30:62:30:62:30:77":1,"b:36:18:36:Infinity:37:18:37:Infinity":2,"b:45:22:45:38:45:38:45:Infinity":3,"b:49:13:49:Infinity:50:15:53:Infinity":4,"b:51:16:51:Infinity:53:16:53:Infinity":5}}}
,"/Users/vvssgowtham/Documents/FreelanceMarketPlace/frontend/src/components/chat/index.ts": {"path":"/Users/vvssgowtham/Documents/FreelanceMarketPlace/frontend/src/components/chat/index.ts","statementMap":{},"fnMap":{},"branchMap":{},"s":{},"f":{},"b":{},"meta":{"lastBranch":0,"lastFunction":0,"lastStatement":0,"seen":{}}}
,"/Users/vvssgowtham/Documents/FreelanceMarketPlace/frontend/src/components/common/Breadcrumb.tsx": {"path":"/Users/vvssgowtham/Documents/FreelanceMarketPlace/frontend/src/components/common/Breadcrumb.tsx","statementMap":{"0":{"start":{"line":16,"column":46},"end":{"line":60,"column":null}},"1":{"start":{"line":17,"column":2},"end":{"line":58,"column":null}},"2":{"start":{"line":33,"column":25},"end":{"line":33,"column":null}},"3":{"start":{"line":35,"column":10},"end":{"line":54,"column":null}}},"fnMap":{"0":{"name":"(anonymous_0)","decl":{"start":{"line":16,"column":46},"end":{"line":16,"column":47}},"loc":{"start":{"line":16,"column":72},"end":{"line":60,"column":null}},"line":16},"1":{"name":"(anonymous_1)","decl":{"start":{"line":32,"column":19},"end":{"line":32,"column":20}},"loc":{"start":{"line":32,"column":36},"end":{"line":56,"column":9}},"line":32}},"branchMap":{"0":{"loc":{"start":{"line":41,"column":17},"end":{"line":51,"column":null}},"type":"cond-expr","locations":[{"start":{"line":42,"column":18},"end":{"line":44,"column":null}},{"start":{"line":46,"column":18},"end":{"line":51,"column":null}}],"line":41},"1":{"loc":{"start":{"line":47,"column":24},"end":{"line":47,"column":null}},"type":"binary-expr","locations":[{"start":{"line":47,"column":24},"end":{"line":47,"column":37}},{"start":{"line":47,"column":37},"end":{"line":47,"column":null}}],"line":47}},"s":{"0":2,"1":17,"2":37,"3":37},"f":{"0":17,"1":37},"b":{"0":[16,21],"1":[21,0]},"meta":{"lastBranch":2,"lastFunction":2,"lastStatement":4,"seen":{"s:16:46:60:Infinity":0,"f:16:46:16:47":0,"s:17:2:58:Infinity":1,"f:32:19:32:20":1,"s:33:25:33:Infinity":2,"s:35:10:54:Infinity":3,"b:42:18:44:Infinity:46:18:51:Infinity":0,"b:47:24:47:37:47:37:47:Infinity":1}}}
,"/Users/vvssgowtham/Documents/FreelanceMarketPlace/frontend/src/components/forms/LoginForm.tsx": {"path":"/Users/vvssgowtham/Documents/FreelanceMarketPlace/frontend/src/components/forms/LoginForm.tsx","statementMap":{"0":{"start":{"line":22,"column":19},"end":{"line":27,"column":null}},"1":{"start":{"line":30,"column":8},"end":{"line":36,"column":null}},"2":{"start":{"line":39,"column":4},"end":{"line":39,"column":null}},"3":{"start":{"line":40,"column":4},"end":{"line":40,"column":null}},"4":{"start":{"line":43,"column":2},"end":{"line":86,"column":null}},"5":{"start":{"line":58,"column":16},"end":{"line":64,"column":null}},"6":{"start":{"line":71,"column":16},"end":{"line":77,"column":null}}},"fnMap":{"0":{"name":"LoginForm","decl":{"start":{"line":29,"column":16},"end":{"line":29,"column":28}},"loc":{"start":{"line":29,"column":28},"end":{"line":88,"column":null}},"line":29},"1":{"name":"onSubmit","decl":{"start":{"line":38,"column":11},"end":{"line":38,"column":20}},"loc":{"start":{"line":38,"column":56},"end":{"line":41,"column":null}},"line":38},"2":{"name":"(anonymous_2)","decl":{"start":{"line":57,"column":22},"end":{"line":57,"column":23}},"loc":{"start":{"line":58,"column":16},"end":{"line":64,"column":null}},"line":58},"3":{"name":"(anonymous_3)","decl":{"start":{"line":70,"column":22},"end":{"line":70,"column":23}},"loc":{"start":{"line":71,"column":16},"end":{"line":77,"column":null}},"line":71}},"branchMap":{},"s":{"0":1,"1":34,"2":1,"3":1,"4":34,"5":58,"6":78},"f":{"0":34,"1":1,"2":58,"3":78},"b":{},"meta":{"lastBranch":0,"lastFunction":4,"lastStatement":7,"seen":{"s:22:19:27:Infinity":0,"f:29:16:29:28":0,"s:30:8:36:Infinity":1,"f:38:11:38:20":1,"s:39:4:39:Infinity":2,"s:40:4:40:Infinity":3,"s:43:2:86:Infinity":4,"f:57:22:57:23":2,"s:58:16:64:Infinity":5,"f:70:22:70:23":3,"s:71:16:77:Infinity":6}}}
,"/Users/vvssgowtham/Documents/FreelanceMarketPlace/frontend/src/components/layouts/DashboardHeader.tsx": {"path":"/Users/vvssgowtham/Documents/FreelanceMarketPlace/frontend/src/components/layouts/DashboardHeader.tsx","statementMap":{"0":{"start":{"line":18,"column":56},"end":{"line":100,"column":null}},"1":{"start":{"line":24,"column":15},"end":{"line":24,"column":null}},"2":{"start":{"line":25,"column":8},"end":{"line":25,"column":null}},"3":{"start":{"line":25,"column":49},"end":{"line":25,"column":67}},"4":{"start":{"line":26,"column":15},"end":{"line":26,"column":null}},"5":{"start":{"line":27,"column":2},"end":{"line":98,"column":null}}},"fnMap":{"0":{"name":"(anonymous_0)","decl":{"start":{"line":18,"column":56},"end":{"line":18,"column":57}},"loc":{"start":{"line":23,"column":6},"end":{"line":100,"column":null}},"line":23},"1":{"name":"(anonymous_1)","decl":{"start":{"line":25,"column":42},"end":{"line":25,"column":43}},"loc":{"start":{"line":25,"column":49},"end":{"line":25,"column":67}},"line":25}},"branchMap":{"0":{"loc":{"start":{"line":26,"column":15},"end":{"line":26,"column":null}},"type":"cond-expr","locations":[{"start":{"line":26,"column":45},"end":{"line":26,"column":60}},{"start":{"line":26,"column":60},"end":{"line":26,"column":null}}],"line":26},"1":{"loc":{"start":{"line":73,"column":11},"end":{"line":73,"column":null}},"type":"binary-expr","locations":[{"start":{"line":73,"column":11},"end":{"line":73,"column":35}},{"start":{"line":73,"column":35},"end":{"line":73,"column":null}}],"line":73},"2":{"loc":{"start":{"line":92,"column":15},"end":{"line":92,"column":null}},"type":"binary-expr","locations":[{"start":{"line":92,"column":15},"end":{"line":92,"column":33}},{"start":{"line":92,"column":33},"end":{"line":92,"column":null}}],"line":92},"3":{"loc":{"start":{"line":94,"column":67},"end":{"line":94,"column":89}},"type":"binary-expr","locations":[{"start":{"line":94,"column":67},"end":{"line":94,"column":81}},{"start":{"line":94,"column":81},"end":{"line":94,"column":89}}],"line":94}},"s":{"0":1,"1":7,"2":7,"3":7,"4":7,"5":7},"f":{"0":7,"1":7},"b":{"0":[0,7],"1":[7,0],"2":[7,0],"3":[7,0]},"meta":{"lastBranch":4,"lastFunction":2,"lastStatement":6,"seen":{"s:18:56:100:Infinity":0,"f:18:56:18:57":0,"s:24:15:24:Infinity":1,"s:25:8:25:Infinity":2,"f:25:42:25:43":1,"s:25:49:25:67":3,"s:26:15:26:Infinity":4,"b:26:45:26:60:26:60:26:Infinity":0,"s:27:2:98:Infinity":5,"b:73:11:73:35:73:35:73:Infinity":1,"b:92:15:92:33:92:33:92:Infinity":2,"b:94:67:94:81:94:81:94:89":3}}}
,"/Users/vvssgowtham/Documents/FreelanceMarketPlace/frontend/src/components/layouts/DashboardSidebar.tsx": {"path":"/Users/vvssgowtham/Documents/FreelanceMarketPlace/frontend/src/components/layouts/DashboardSidebar.tsx","statementMap":{"0":{"start":{"line":24,"column":28},"end":{"line":31,"column":null}},"1":{"start":{"line":33,"column":25},"end":{"line":131,"column":null}},"2":{"start":{"line":34,"column":36},"end":{"line":34,"column":null}},"3":{"start":{"line":35,"column":8},"end":{"line":35,"column":null}},"4":{"start":{"line":37,"column":2},"end":{"line":129,"column":null}},"5":{"start":{"line":53,"column":29},"end":{"line":53,"column":null}},"6":{"start":{"line":54,"column":12},"end":{"line":84,"column":null}},"7":{"start":{"line":123,"column":25},"end":{"line":123,"column":null}}},"fnMap":{"0":{"name":"(anonymous_0)","decl":{"start":{"line":33,"column":25},"end":{"line":33,"column":31}},"loc":{"start":{"line":33,"column":31},"end":{"line":131,"column":null}},"line":33},"1":{"name":"(anonymous_1)","decl":{"start":{"line":52,"column":24},"end":{"line":52,"column":25}},"loc":{"start":{"line":52,"column":34},"end":{"line":86,"column":11}},"line":52},"2":{"name":"(anonymous_2)","decl":{"start":{"line":123,"column":19},"end":{"line":123,"column":25}},"loc":{"start":{"line":123,"column":25},"end":{"line":123,"column":null}},"line":123}},"branchMap":{"0":{"loc":{"start":{"line":41,"column":8},"end":{"line":41,"column":null}},"type":"cond-expr","locations":[{"start":{"line":41,"column":22},"end":{"line":41,"column":31}},{"start":{"line":41,"column":31},"end":{"line":41,"column":null}}],"line":41},"1":{"loc":{"start":{"line":60,"column":18},"end":{"line":62,"column":null}},"type":"cond-expr","locations":[{"start":{"line":61,"column":22},"end":{"line":61,"column":null}},{"start":{"line":62,"column":22},"end":{"line":62,"column":null}}],"line":60},"2":{"loc":{"start":{"line":69,"column":20},"end":{"line":71,"column":null}},"type":"cond-expr","locations":[{"start":{"line":70,"column":24},"end":{"line":70,"column":null}},{"start":{"line":71,"column":24},"end":{"line":71,"column":null}}],"line":69},"3":{"loc":{"start":{"line":74,"column":17},"end":{"line":75,"column":null}},"type":"binary-expr","locations":[{"start":{"line":74,"column":17},"end":{"line":74,"column":null}},{"start":{"line":75,"column":18},"end":{"line":75,"column":null}}],"line":74},"4":{"loc":{"start":{"line":79,"column":17},"end":{"line":82,"column":null}},"type":"binary-expr","locations":[{"start":{"line":79,"column":17},"end":{"line":79,"column":null}},{"start":{"line":80,"column":18},"end":{"line":82,"column":null}}],"line":79},"5":{"loc":{"start":{"line":95,"column":12},"end":{"line":95,"column":null}},"type":"cond-expr","locations":[{"start":{"line":95,"column":26},"end":{"line":95,"column":45}},{"start":{"line":95,"column":45},"end":{"line":95,"column":null}}],"line":95},"6":{"loc":{"start":{"line":107,"column":11},"end":{"line":111,"column":null}},"type":"binary-expr","locations":[{"start":{"line":107,"column":11},"end":{"line":107,"column":null}},{"start":{"line":108,"column":12},"end":{"line":111,"column":null}}],"line":107},"7":{"loc":{"start":{"line":114,"column":11},"end":{"line":117,"column":null}},"type":"binary-expr","locations":[{"start":{"line":114,"column":11},"end":{"line":114,"column":null}},{"start":{"line":115,"column":12},"end":{"line":117,"column":null}}],"line":114},"8":{"loc":{"start":{"line":126,"column":11},"end":{"line":126,"column":null}},"type":"cond-expr","locations":[{"start":{"line":126,"column":25},"end":{"line":126,"column":54}},{"start":{"line":126,"column":54},"end":{"line":126,"column":null}}],"line":126}},"s":{"0":1,"1":1,"2":7,"3":7,"4":7,"5":42,"6":42,"7":0},"f":{"0":7,"1":42,"2":0},"b":{"0":[0,7],"1":[0,42],"2":[0,42],"3":[42,42],"4":[42,0],"5":[0,7],"6":[7,7],"7":[7,7],"8":[0,7]},"meta":{"lastBranch":9,"lastFunction":3,"lastStatement":8,"seen":{"s:24:28:31:Infinity":0,"s:33:25:131:Infinity":1,"f:33:25:33:31":0,"s:34:36:34:Infinity":2,"s:35:8:35:Infinity":3,"s:37:2:129:Infinity":4,"b:41:22:41:31:41:31:41:Infinity":0,"f:52:24:52:25":1,"s:53:29:53:Infinity":5,"s:54:12:84:Infinity":6,"b:61:22:61:Infinity:62:22:62:Infinity":1,"b:70:24:70:Infinity:71:24:71:Infinity":2,"b:74:17:74:Infinity:75:18:75:Infinity":3,"b:79:17:79:Infinity:80:18:82:Infinity":4,"b:95:26:95:45:95:45:95:Infinity":5,"b:107:11:107:Infinity:108:12:111:Infinity":6,"b:114:11:114:Infinity:115:12:117:Infinity":7,"f:123:19:123:25":2,"s:123:25:123:Infinity":7,"b:126:25:126:54:126:54:126:Infinity":8}}}
,"/Users/vvssgowtham/Documents/FreelanceMarketPlace/frontend/src/components/layouts/Footer.tsx": {"path":"/Users/vvssgowtham/Documents/FreelanceMarketPlace/frontend/src/components/layouts/Footer.tsx","statementMap":{"0":{"start":{"line":5,"column":15},"end":{"line":132,"column":null}},"1":{"start":{"line":6,"column":8},"end":{"line":6,"column":null}},"2":{"start":{"line":8,"column":22},"end":{"line":39,"column":null}},"3":{"start":{"line":41,"column":2},"end":{"line":130,"column":null}},"4":{"start":{"line":83,"column":12},"end":{"line":99,"column":null}},"5":{"start":{"line":89,"column":18},"end":{"line":96,"column":null}}},"fnMap":{"0":{"name":"(anonymous_0)","decl":{"start":{"line":5,"column":15},"end":{"line":5,"column":21}},"loc":{"start":{"line":5,"column":21},"end":{"line":132,"column":null}},"line":5},"1":{"name":"(anonymous_1)","decl":{"start":{"line":82,"column":42},"end":{"line":82,"column":43}},"loc":{"start":{"line":83,"column":12},"end":{"line":99,"column":null}},"line":83},"2":{"name":"(anonymous_2)","decl":{"start":{"line":88,"column":35},"end":{"line":88,"column":36}},"loc":{"start":{"line":89,"column":18},"end":{"line":96,"column":null}},"line":89}},"branchMap":{},"s":{"0":1,"1":9,"2":9,"3":9,"4":27,"5":135},"f":{"0":9,"1":27,"2":135},"b":{},"meta":{"lastBranch":0,"lastFunction":3,"lastStatement":6,"seen":{"s:5:15:132:Infinity":0,"f:5:15:5:21":0,"s:6:8:6:Infinity":1,"s:8:22:39:Infinity":2,"s:41:2:130:Infinity":3,"f:82:42:82:43":1,"s:83:12:99:Infinity":4,"f:88:35:88:36":2,"s:89:18:96:Infinity":5}}}
,"/Users/vvssgowtham/Documents/FreelanceMarketPlace/frontend/src/components/layouts/PublicNavbar.tsx": {"path":"/Users/vvssgowtham/Documents/FreelanceMarketPlace/frontend/src/components/layouts/PublicNavbar.tsx","statementMap":{"0":{"start":{"line":8,"column":21},"end":{"line":117,"column":null}},"1":{"start":{"line":9,"column":34},"end":{"line":9,"column":null}},"2":{"start":{"line":10,"column":46},"end":{"line":10,"column":null}},"3":{"start":{"line":12,"column":2},"end":{"line":23,"column":null}},"4":{"start":{"line":13,"column":25},"end":{"line":19,"column":null}},"5":{"start":{"line":14,"column":6},"end":{"line":18,"column":null}},"6":{"start":{"line":15,"column":8},"end":{"line":15,"column":null}},"7":{"start":{"line":17,"column":8},"end":{"line":17,"column":null}},"8":{"start":{"line":21,"column":4},"end":{"line":21,"column":null}},"9":{"start":{"line":22,"column":4},"end":{"line":22,"column":null}},"10":{"start":{"line":22,"column":17},"end":{"line":22,"column":null}},"11":{"start":{"line":25,"column":19},"end":{"line":31,"column":null}},"12":{"start":{"line":33,"column":2},"end":{"line":115,"column":null}},"13":{"start":{"line":47,"column":12},"end":{"line":53,"column":null}},"14":{"start":{"line":77,"column":25},"end":{"line":77,"column":null}},"15":{"start":{"line":88,"column":14},"end":{"line":95,"column":null}},"16":{"start":{"line":92,"column":31},"end":{"line":92,"column":null}},"17":{"start":{"line":98,"column":47},"end":{"line":98,"column":null}},"18":{"start":{"line":106,"column":50},"end":{"line":106,"column":null}}},"fnMap":{"0":{"name":"(anonymous_0)","decl":{"start":{"line":8,"column":21},"end":{"line":8,"column":27}},"loc":{"start":{"line":8,"column":27},"end":{"line":117,"column":null}},"line":8},"1":{"name":"(anonymous_1)","decl":{"start":{"line":12,"column":12},"end":{"line":12,"column":18}},"loc":{"start":{"line":12,"column":18},"end":{"line":23,"column":5}},"line":12},"2":{"name":"(anonymous_2)","decl":{"start":{"line":13,"column":25},"end":{"line":13,"column":31}},"loc":{"start":{"line":13,"column":31},"end":{"line":19,"column":null}},"line":13},"3":{"name":"(anonymous_3)","decl":{"start":{"line":22,"column":11},"end":{"line":22,"column":17}},"loc":{"start":{"line":22,"column":17},"end":{"line":22,"column":null}},"line":22},"4":{"name":"(anonymous_4)","decl":{"start":{"line":46,"column":24},"end":{"line":46,"column":25}},"loc":{"start":{"line":47,"column":12},"end":{"line":53,"column":null}},"line":47},"5":{"name":"(anonymous_5)","decl":{"start":{"line":77,"column":19},"end":{"line":77,"column":25}},"loc":{"start":{"line":77,"column":25},"end":{"line":77,"column":null}},"line":77},"6":{"name":"(anonymous_6)","decl":{"start":{"line":87,"column":26},"end":{"line":87,"column":27}},"loc":{"start":{"line":88,"column":14},"end":{"line":95,"column":null}},"line":88},"7":{"name":"(anonymous_7)","decl":{"start":{"line":92,"column":25},"end":{"line":92,"column":31}},"loc":{"start":{"line":92,"column":31},"end":{"line":92,"column":null}},"line":92},"8":{"name":"(anonymous_8)","decl":{"start":{"line":98,"column":41},"end":{"line":98,"column":47}},"loc":{"start":{"line":98,"column":47},"end":{"line":98,"column":null}},"line":98},"9":{"name":"(anonymous_9)","decl":{"start":{"line":106,"column":44},"end":{"line":106,"column":50}},"loc":{"start":{"line":106,"column":50},"end":{"line":106,"column":null}},"line":106}},"branchMap":{"0":{"loc":{"start":{"line":14,"column":6},"end":{"line":18,"column":null}},"type":"if","locations":[{"start":{"line":14,"column":6},"end":{"line":18,"column":null}},{"start":{"line":16,"column":13},"end":{"line":18,"column":null}}],"line":14},"1":{"loc":{"start":{"line":37,"column":8},"end":{"line":37,"column":null}},"type":"cond-expr","locations":[{"start":{"line":37,"column":21},"end":{"line":37,"column":55}},{"start":{"line":37,"column":55},"end":{"line":37,"column":null}}],"line":37},"2":{"loc":{"start":{"line":79,"column":11},"end":{"line":79,"column":null}},"type":"cond-expr","locations":[{"start":{"line":79,"column":30},"end":{"line":79,"column":48}},{"start":{"line":79,"column":48},"end":{"line":79,"column":null}}],"line":79},"3":{"loc":{"start":{"line":84,"column":7},"end":{"line":113,"column":null}},"type":"binary-expr","locations":[{"start":{"line":84,"column":7},"end":{"line":84,"column":null}},{"start":{"line":85,"column":8},"end":{"line":113,"column":null}}],"line":84}},"s":{"0":1,"1":6,"2":6,"3":6,"4":6,"5":0,"6":0,"7":0,"8":6,"9":6,"10":6,"11":6,"12":6,"13":30,"14":0,"15":0,"16":0,"17":0,"18":0},"f":{"0":6,"1":6,"2":0,"3":6,"4":30,"5":0,"6":0,"7":0,"8":0,"9":0},"b":{"0":[0,0],"1":[0,6],"2":[0,6],"3":[6,0]},"meta":{"lastBranch":4,"lastFunction":10,"lastStatement":19,"seen":{"s:8:21:117:Infinity":0,"f:8:21:8:27":0,"s:9:34:9:Infinity":1,"s:10:46:10:Infinity":2,"s:12:2:23:Infinity":3,"f:12:12:12:18":1,"s:13:25:19:Infinity":4,"f:13:25:13:31":2,"b:14:6:18:Infinity:16:13:18:Infinity":0,"s:14:6:18:Infinity":5,"s:15:8:15:Infinity":6,"s:17:8:17:Infinity":7,"s:21:4:21:Infinity":8,"s:22:4:22:Infinity":9,"f:22:11:22:17":3,"s:22:17:22:Infinity":10,"s:25:19:31:Infinity":11,"s:33:2:115:Infinity":12,"b:37:21:37:55:37:55:37:Infinity":1,"f:46:24:46:25":4,"s:47:12:53:Infinity":13,"f:77:19:77:25":5,"s:77:25:77:Infinity":14,"b:79:30:79:48:79:48:79:Infinity":2,"b:84:7:84:Infinity:85:8:113:Infinity":3,"f:87:26:87:27":6,"s:88:14:95:Infinity":15,"f:92:25:92:31":7,"s:92:31:92:Infinity":16,"f:98:41:98:47":8,"s:98:47:98:Infinity":17,"f:106:44:106:50":9,"s:106:50:106:Infinity":18}}}
,"/Users/vvssgowtham/Documents/FreelanceMarketPlace/frontend/src/components/modals/ConfirmationModal.tsx": {"path":"/Users/vvssgowtham/Documents/FreelanceMarketPlace/frontend/src/components/modals/ConfirmationModal.tsx","statementMap":{"0":{"start":{"line":25,"column":67},"end":{"line":75,"column":null}},"1":{"start":{"line":35,"column":2},"end":{"line":73,"column":null}}},"fnMap":{"0":{"name":"(anonymous_0)","decl":{"start":{"line":25,"column":67},"end":{"line":25,"column":68}},"loc":{"start":{"line":34,"column":6},"end":{"line":75,"column":null}},"line":34}},"branchMap":{"0":{"loc":{"start":{"line":31,"column":2},"end":{"line":31,"column":null}},"type":"default-arg","locations":[{"start":{"line":31,"column":17},"end":{"line":31,"column":null}}],"line":31},"1":{"loc":{"start":{"line":32,"column":2},"end":{"line":32,"column":null}},"type":"default-arg","locations":[{"start":{"line":32,"column":16},"end":{"line":32,"column":null}}],"line":32},"2":{"loc":{"start":{"line":33,"column":2},"end":{"line":33,"column":null}},"type":"default-arg","locations":[{"start":{"line":33,"column":9},"end":{"line":33,"column":null}}],"line":33},"3":{"loc":{"start":{"line":40,"column":13},"end":{"line":48,"column":null}},"type":"cond-expr","locations":[{"start":{"line":41,"column":14},"end":{"line":41,"column":null}},{"start":{"line":43,"column":14},"end":{"line":48,"column":null}}],"line":40},"4":{"loc":{"start":{"line":46,"column":18},"end":{"line":46,"column":null}},"type":"cond-expr","locations":[{"start":{"line":46,"column":38},"end":{"line":46,"column":55}},{"start":{"line":46,"column":55},"end":{"line":46,"column":null}}],"line":46},"5":{"loc":{"start":{"line":65,"column":21},"end":{"line":65,"column":null}},"type":"cond-expr","locations":[{"start":{"line":65,"column":41},"end":{"line":65,"column":57}},{"start":{"line":65,"column":57},"end":{"line":65,"column":null}}],"line":65}},"s":{"0":1,"1":10},"f":{"0":10},"b":{"0":[10],"1":[10],"2":[10],"3":[2,8],"4":[7,1],"5":[7,3]},"meta":{"lastBranch":6,"lastFunction":1,"lastStatement":2,"seen":{"s:25:67:75:Infinity":0,"f:25:67:25:68":0,"b:31:17:31:Infinity":0,"b:32:16:32:Infinity":1,"b:33:9:33:Infinity":2,"s:35:2:73:Infinity":1,"b:41:14:41:Infinity:43:14:48:Infinity":3,"b:46:38:46:55:46:55:46:Infinity":4,"b:65:41:65:57:65:57:65:Infinity":5}}}
,"/Users/vvssgowtham/Documents/FreelanceMarketPlace/frontend/src/components/modals/ImagePreviewModal.tsx": {"path":"/Users/vvssgowtham/Documents/FreelanceMarketPlace/frontend/src/components/modals/ImagePreviewModal.tsx","statementMap":{"0":{"start":{"line":14,"column":67},"end":{"line":93,"column":null}},"1":{"start":{"line":21,"column":38},"end":{"line":21,"column":null}},"2":{"start":{"line":23,"column":2},"end":{"line":25,"column":null}},"3":{"start":{"line":24,"column":4},"end":{"line":24,"column":null}},"4":{"start":{"line":24,"column":16},"end":{"line":24,"column":null}},"5":{"start":{"line":27,"column":21},"end":{"line":30,"column":null}},"6":{"start":{"line":28,"column":4},"end":{"line":28,"column":null}},"7":{"start":{"line":29,"column":4},"end":{"line":29,"column":null}},"8":{"start":{"line":29,"column":21},"end":{"line":29,"column":56}},"9":{"start":{"line":32,"column":21},"end":{"line":35,"column":null}},"10":{"start":{"line":33,"column":4},"end":{"line":33,"column":null}},"11":{"start":{"line":34,"column":4},"end":{"line":34,"column":null}},"12":{"start":{"line":34,"column":21},"end":{"line":34,"column":72}},"13":{"start":{"line":37,"column":2},"end":{"line":37,"column":null}},"14":{"start":{"line":37,"column":22},"end":{"line":37,"column":null}},"15":{"start":{"line":39,"column":2},"end":{"line":91,"column":null}}},"fnMap":{"0":{"name":"(anonymous_0)","decl":{"start":{"line":14,"column":67},"end":{"line":14,"column":68}},"loc":{"start":{"line":20,"column":6},"end":{"line":93,"column":null}},"line":20},"1":{"name":"(anonymous_1)","decl":{"start":{"line":23,"column":18},"end":{"line":23,"column":24}},"loc":{"start":{"line":23,"column":24},"end":{"line":25,"column":5}},"line":23},"2":{"name":"(anonymous_2)","decl":{"start":{"line":27,"column":21},"end":{"line":27,"column":22}},"loc":{"start":{"line":27,"column":46},"end":{"line":30,"column":null}},"line":27},"3":{"name":"(anonymous_3)","decl":{"start":{"line":29,"column":20},"end":{"line":29,"column":21}},"loc":{"start":{"line":29,"column":21},"end":{"line":29,"column":56}},"line":29},"4":{"name":"(anonymous_4)","decl":{"start":{"line":32,"column":21},"end":{"line":32,"column":22}},"loc":{"start":{"line":32,"column":46},"end":{"line":35,"column":null}},"line":32},"5":{"name":"(anonymous_5)","decl":{"start":{"line":34,"column":20},"end":{"line":34,"column":21}},"loc":{"start":{"line":34,"column":21},"end":{"line":34,"column":72}},"line":34}},"branchMap":{"0":{"loc":{"start":{"line":18,"column":2},"end":{"line":18,"column":null}},"type":"default-arg","locations":[{"start":{"line":18,"column":17},"end":{"line":18,"column":null}}],"line":18},"1":{"loc":{"start":{"line":24,"column":4},"end":{"line":24,"column":null}},"type":"if","locations":[{"start":{"line":24,"column":4},"end":{"line":24,"column":null}},{"start":{},"end":{}}],"line":24},"2":{"loc":{"start":{"line":37,"column":2},"end":{"line":37,"column":null}},"type":"if","locations":[{"start":{"line":37,"column":2},"end":{"line":37,"column":null}},{"start":{},"end":{}}],"line":37},"3":{"loc":{"start":{"line":55,"column":9},"end":{"line":69,"column":null}},"type":"binary-expr","locations":[{"start":{"line":55,"column":9},"end":{"line":55,"column":null}},{"start":{"line":56,"column":10},"end":{"line":69,"column":null}}],"line":55},"4":{"loc":{"start":{"line":82,"column":9},"end":{"line":88,"column":null}},"type":"binary-expr","locations":[{"start":{"line":82,"column":9},"end":{"line":82,"column":null}},{"start":{"line":83,"column":10},"end":{"line":88,"column":null}}],"line":82},"5":{"loc":{"start":{"line":86,"column":15},"end":{"line":86,"column":null}},"type":"binary-expr","locations":[{"start":{"line":86,"column":15},"end":{"line":86,"column":36}},{"start":{"line":86,"column":36},"end":{"line":86,"column":null}}],"line":86}},"s":{"0":1,"1":12,"2":12,"3":8,"4":8,"5":12,"6":1,"7":1,"8":1,"9":12,"10":1,"11":1,"12":1,"13":12,"14":1,"15":11},"f":{"0":12,"1":8,"2":1,"3":1,"4":1,"5":1},"b":{"0":[12],"1":[8,0],"2":[1,11],"3":[11,10],"4":[12,2],"5":[2,2]},"meta":{"lastBranch":6,"lastFunction":6,"lastStatement":16,"seen":{"s:14:67:93:Infinity":0,"f:14:67:14:68":0,"b:18:17:18:Infinity":0,"s:21:38:21:Infinity":1,"s:23:2:25:Infinity":2,"f:23:18:23:24":1,"b:24:4:24:Infinity:undefined:undefined:undefined:undefined":1,"s:24:4:24:Infinity":3,"s:24:16:24:Infinity":4,"s:27:21:30:Infinity":5,"f:27:21:27:22":2,"s:28:4:28:Infinity":6,"s:29:4:29:Infinity":7,"f:29:20:29:21":3,"s:29:21:29:56":8,"s:32:21:35:Infinity":9,"f:32:21:32:22":4,"s:33:4:33:Infinity":10,"s:34:4:34:Infinity":11,"f:34:20:34:21":5,"s:34:21:34:72":12,"b:37:2:37:Infinity:undefined:undefined:undefined:undefined":2,"s:37:2:37:Infinity":13,"s:37:22:37:Infinity":14,"s:39:2:91:Infinity":15,"b:55:9:55:Infinity:56:10:69:Infinity":3,"b:82:9:82:Infinity:83:10:88:Infinity":4,"b:86:15:86:36:86:36:86:Infinity":5}}}
,"/Users/vvssgowtham/Documents/FreelanceMarketPlace/frontend/src/components/modals/LoadingModal.tsx": {"path":"/Users/vvssgowtham/Documents/FreelanceMarketPlace/frontend/src/components/modals/LoadingModal.tsx","statementMap":{"0":{"start":{"line":11,"column":57},"end":{"line":33,"column":null}},"1":{"start":{"line":15,"column":2},"end":{"line":31,"column":null}},"2":{"start":{"line":19,"column":34},"end":{"line":19,"column":null}},"3":{"start":{"line":20,"column":32},"end":{"line":20,"column":null}}},"fnMap":{"0":{"name":"(anonymous_0)","decl":{"start":{"line":11,"column":57},"end":{"line":11,"column":58}},"loc":{"start":{"line":14,"column":6},"end":{"line":33,"column":null}},"line":14},"1":{"name":"(anonymous_1)","decl":{"start":{"line":16,"column":40},"end":{"line":16,"column":46}},"loc":{"start":{"line":16,"column":46},"end":{"line":16,"column":null}},"line":16},"2":{"name":"(anonymous_2)","decl":{"start":{"line":19,"column":27},"end":{"line":19,"column":28}},"loc":{"start":{"line":19,"column":34},"end":{"line":19,"column":null}},"line":19},"3":{"name":"(anonymous_3)","decl":{"start":{"line":20,"column":25},"end":{"line":20,"column":26}},"loc":{"start":{"line":20,"column":32},"end":{"line":20,"column":null}},"line":20}},"branchMap":{"0":{"loc":{"start":{"line":13,"column":2},"end":{"line":13,"column":null}},"type":"default-arg","locations":[{"start":{"line":13,"column":12},"end":{"line":13,"column":null}}],"line":13}},"s":{"0":1,"1":7,"2":0,"3":0},"f":{"0":7,"1":0,"2":0,"3":0},"b":{"0":[7]},"meta":{"lastBranch":1,"lastFunction":4,"lastStatement":4,"seen":{"s:11:57:33:Infinity":0,"f:11:57:11:58":0,"b:13:12:13:Infinity":0,"s:15:2:31:Infinity":1,"f:16:40:16:46":1,"f:19:27:19:28":2,"s:19:34:19:Infinity":2,"f:20:25:20:26":3,"s:20:32:20:Infinity":3}}}
,"/Users/vvssgowtham/Documents/FreelanceMarketPlace/frontend/src/components/modals/ReviewProjectModal.tsx": {"path":"/Users/vvssgowtham/Documents/FreelanceMarketPlace/frontend/src/components/modals/ReviewProjectModal.tsx","statementMap":{"0":{"start":{"line":27,"column":27},"end":{"line":152,"column":null}},"1":{"start":{"line":36,"column":26},"end":{"line":36,"column":null}},"2":{"start":{"line":37,"column":36},"end":{"line":37,"column":null}},"3":{"start":{"line":38,"column":28},"end":{"line":38,"column":null}},"4":{"start":{"line":39,"column":38},"end":{"line":39,"column":null}},"5":{"start":{"line":41,"column":23},"end":{"line":67,"column":null}},"6":{"start":{"line":42,"column":4},"end":{"line":45,"column":null}},"7":{"start":{"line":43,"column":6},"end":{"line":43,"column":null}},"8":{"start":{"line":44,"column":6},"end":{"line":44,"column":null}},"9":{"start":{"line":47,"column":4},"end":{"line":66,"column":null}},"10":{"start":{"line":48,"column":6},"end":{"line":48,"column":null}},"11":{"start":{"line":49,"column":6},"end":{"line":54,"column":null}},"12":{"start":{"line":55,"column":6},"end":{"line":55,"column":null}},"13":{"start":{"line":56,"column":6},"end":{"line":56,"column":null}},"14":{"start":{"line":57,"column":6},"end":{"line":57,"column":null}},"15":{"start":{"line":59,"column":6},"end":{"line":59,"column":null}},"16":{"start":{"line":60,"column":6},"end":{"line":60,"column":null}},"17":{"start":{"line":62,"column":6},"end":{"line":62,"column":null}},"18":{"start":{"line":63,"column":6},"end":{"line":63,"column":null}},"19":{"start":{"line":65,"column":6},"end":{"line":65,"column":null}},"20":{"start":{"line":69,"column":2},"end":{"line":150,"column":null}},"21":{"start":{"line":84,"column":16},"end":{"line":100,"column":null}},"22":{"start":{"line":86,"column":38},"end":{"line":86,"column":null}},"23":{"start":{"line":87,"column":38},"end":{"line":87,"column":null}},"24":{"start":{"line":88,"column":33},"end":{"line":88,"column":null}},"25":{"start":{"line":119,"column":31},"end":{"line":119,"column":null}}},"fnMap":{"0":{"name":"(anonymous_0)","decl":{"start":{"line":27,"column":27},"end":{"line":27,"column":28}},"loc":{"start":{"line":35,"column":31},"end":{"line":152,"column":null}},"line":35},"1":{"name":"(anonymous_1)","decl":{"start":{"line":41,"column":23},"end":{"line":41,"column":35}},"loc":{"start":{"line":41,"column":35},"end":{"line":67,"column":null}},"line":41},"2":{"name":"(anonymous_2)","decl":{"start":{"line":83,"column":35},"end":{"line":83,"column":36}},"loc":{"start":{"line":84,"column":16},"end":{"line":100,"column":null}},"line":84},"3":{"name":"(anonymous_3)","decl":{"start":{"line":86,"column":32},"end":{"line":86,"column":38}},"loc":{"start":{"line":86,"column":38},"end":{"line":86,"column":null}},"line":86},"4":{"name":"(anonymous_4)","decl":{"start":{"line":87,"column":32},"end":{"line":87,"column":38}},"loc":{"start":{"line":87,"column":38},"end":{"line":87,"column":null}},"line":87},"5":{"name":"(anonymous_5)","decl":{"start":{"line":88,"column":27},"end":{"line":88,"column":33}},"loc":{"start":{"line":88,"column":33},"end":{"line":88,"column":null}},"line":88},"6":{"name":"(anonymous_6)","decl":{"start":{"line":119,"column":24},"end":{"line":119,"column":25}},"loc":{"start":{"line":119,"column":31},"end":{"line":119,"column":null}},"line":119}},"branchMap":{"0":{"loc":{"start":{"line":42,"column":4},"end":{"line":45,"column":null}},"type":"if","locations":[{"start":{"line":42,"column":4},"end":{"line":45,"column":null}},{"start":{},"end":{}}],"line":42},"1":{"loc":{"start":{"line":63,"column":18},"end":{"line":63,"column":76}},"type":"binary-expr","locations":[{"start":{"line":63,"column":18},"end":{"line":63,"column":51}},{"start":{"line":63,"column":51},"end":{"line":63,"column":76}}],"line":63},"2":{"loc":{"start":{"line":94,"column":22},"end":{"line":97,"column":null}},"type":"cond-expr","locations":[{"start":{"line":96,"column":26},"end":{"line":96,"column":null}},{"start":{"line":97,"column":26},"end":{"line":97,"column":null}}],"line":94},"3":{"loc":{"start":{"line":95,"column":23},"end":{"line":95,"column":49}},"type":"binary-expr","locations":[{"start":{"line":95,"column":23},"end":{"line":95,"column":38}},{"start":{"line":95,"column":38},"end":{"line":95,"column":49}}],"line":95},"4":{"loc":{"start":{"line":104,"column":15},"end":{"line":108,"column":null}},"type":"cond-expr","locations":[{"start":{"line":104,"column":30},"end":{"line":104,"column":null}},{"start":{"line":105,"column":15},"end":{"line":108,"column":null}}],"line":104},"5":{"loc":{"start":{"line":105,"column":15},"end":{"line":108,"column":null}},"type":"cond-expr","locations":[{"start":{"line":105,"column":30},"end":{"line":105,"column":null}},{"start":{"line":106,"column":15},"end":{"line":108,"column":null}}],"line":105},"6":{"loc":{"start":{"line":106,"column":15},"end":{"line":108,"column":null}},"type":"cond-expr","locations":[{"start":{"line":106,"column":30},"end":{"line":106,"column":null}},{"start":{"line":107,"column":15},"end":{"line":108,"column":null}}],"line":106},"7":{"loc":{"start":{"line":107,"column":15},"end":{"line":108,"column":null}},"type":"cond-expr","locations":[{"start":{"line":107,"column":30},"end":{"line":107,"column":null}},{"start":{"line":108,"column":15},"end":{"line":108,"column":null}}],"line":107},"8":{"loc":{"start":{"line":108,"column":15},"end":{"line":108,"column":null}},"type":"cond-expr","locations":[{"start":{"line":108,"column":30},"end":{"line":108,"column":39}},{"start":{"line":108,"column":39},"end":{"line":108,"column":null}}],"line":108},"9":{"loc":{"start":{"line":139,"column":13},"end":{"line":145,"column":null}},"type":"cond-expr","locations":[{"start":{"line":140,"column":14},"end":{"line":143,"column":null}},{"start":{"line":145,"column":14},"end":{"line":145,"column":null}}],"line":139}},"s":{"0":2,"1":0,"2":0,"3":0,"4":0,"5":0,"6":0,"7":0,"8":0,"9":0,"10":0,"11":0,"12":0,"13":0,"14":0,"15":0,"16":0,"17":0,"18":0,"19":0,"20":0,"21":0,"22":0,"23":0,"24":0,"25":0},"f":{"0":0,"1":0,"2":0,"3":0,"4":0,"5":0,"6":0},"b":{"0":[0,0],"1":[0,0],"2":[0,0],"3":[0,0],"4":[0,0],"5":[0,0],"6":[0,0],"7":[0,0],"8":[0,0],"9":[0,0]},"meta":{"lastBranch":10,"lastFunction":7,"lastStatement":26,"seen":{"s:27:27:152:Infinity":0,"f:27:27:27:28":0,"s:36:26:36:Infinity":1,"s:37:36:37:Infinity":2,"s:38:28:38:Infinity":3,"s:39:38:39:Infinity":4,"s:41:23:67:Infinity":5,"f:41:23:41:35":1,"b:42:4:45:Infinity:undefined:undefined:undefined:undefined":0,"s:42:4:45:Infinity":6,"s:43:6:43:Infinity":7,"s:44:6:44:Infinity":8,"s:47:4:66:Infinity":9,"s:48:6:48:Infinity":10,"s:49:6:54:Infinity":11,"s:55:6:55:Infinity":12,"s:56:6:56:Infinity":13,"s:57:6:57:Infinity":14,"s:59:6:59:Infinity":15,"s:60:6:60:Infinity":16,"s:62:6:62:Infinity":17,"s:63:6:63:Infinity":18,"b:63:18:63:51:63:51:63:76":1,"s:65:6:65:Infinity":19,"s:69:2:150:Infinity":20,"f:83:35:83:36":2,"s:84:16:100:Infinity":21,"f:86:32:86:38":3,"s:86:38:86:Infinity":22,"f:87:32:87:38":4,"s:87:38:87:Infinity":23,"f:88:27:88:33":5,"s:88:33:88:Infinity":24,"b:96:26:96:Infinity:97:26:97:Infinity":2,"b:95:23:95:38:95:38:95:49":3,"b:104:30:104:Infinity:105:15:108:Infinity":4,"b:105:30:105:Infinity:106:15:108:Infinity":5,"b:106:30:106:Infinity:107:15:108:Infinity":6,"b:107:30:107:Infinity:108:15:108:Infinity":7,"b:108:30:108:39:108:39:108:Infinity":8,"f:119:24:119:25":6,"s:119:31:119:Infinity":25,"b:140:14:143:Infinity:145:14:145:Infinity":9}}}
,"/Users/vvssgowtham/Documents/FreelanceMarketPlace/frontend/src/components/modals/SuccessModal.tsx": {"path":"/Users/vvssgowtham/Documents/FreelanceMarketPlace/frontend/src/components/modals/SuccessModal.tsx","statementMap":{"0":{"start":{"line":21,"column":57},"end":{"line":53,"column":null}},"1":{"start":{"line":28,"column":2},"end":{"line":51,"column":null}}},"fnMap":{"0":{"name":"(anonymous_0)","decl":{"start":{"line":21,"column":57},"end":{"line":21,"column":58}},"loc":{"start":{"line":27,"column":6},"end":{"line":53,"column":null}},"line":27}},"branchMap":{"0":{"loc":{"start":{"line":24,"column":2},"end":{"line":24,"column":null}},"type":"default-arg","locations":[{"start":{"line":24,"column":10},"end":{"line":24,"column":null}}],"line":24},"1":{"loc":{"start":{"line":26,"column":2},"end":{"line":26,"column":null}},"type":"default-arg","locations":[{"start":{"line":26,"column":16},"end":{"line":26,"column":null}}],"line":26}},"s":{"0":1,"1":7},"f":{"0":7},"b":{"0":[7],"1":[7]},"meta":{"lastBranch":2,"lastFunction":1,"lastStatement":2,"seen":{"s:21:57:53:Infinity":0,"f:21:57:21:58":0,"b:24:10:24:Infinity":0,"b:26:16:26:Infinity":1,"s:28:2:51:Infinity":1}}}
,"/Users/vvssgowtham/Documents/FreelanceMarketPlace/frontend/src/components/modals/TermsModal.tsx": {"path":"/Users/vvssgowtham/Documents/FreelanceMarketPlace/frontend/src/components/modals/TermsModal.tsx","statementMap":{"0":{"start":{"line":20,"column":53},"end":{"line":128,"column":null}},"1":{"start":{"line":25,"column":32},"end":{"line":25,"column":null}},"2":{"start":{"line":28,"column":2},"end":{"line":32,"column":null}},"3":{"start":{"line":29,"column":4},"end":{"line":31,"column":null}},"4":{"start":{"line":30,"column":6},"end":{"line":30,"column":null}},"5":{"start":{"line":34,"column":2},"end":{"line":126,"column":null}},"6":{"start":{"line":88,"column":27},"end":{"line":88,"column":null}}},"fnMap":{"0":{"name":"(anonymous_0)","decl":{"start":{"line":20,"column":53},"end":{"line":20,"column":54}},"loc":{"start":{"line":24,"column":6},"end":{"line":128,"column":null}},"line":24},"1":{"name":"(anonymous_1)","decl":{"start":{"line":28,"column":12},"end":{"line":28,"column":18}},"loc":{"start":{"line":28,"column":18},"end":{"line":32,"column":5}},"line":28},"2":{"name":"(anonymous_2)","decl":{"start":{"line":88,"column":21},"end":{"line":88,"column":27}},"loc":{"start":{"line":88,"column":27},"end":{"line":88,"column":null}},"line":88}},"branchMap":{"0":{"loc":{"start":{"line":29,"column":4},"end":{"line":31,"column":null}},"type":"if","locations":[{"start":{"line":29,"column":4},"end":{"line":31,"column":null}},{"start":{},"end":{}}],"line":29},"1":{"loc":{"start":{"line":93,"column":16},"end":{"line":95,"column":null}},"type":"cond-expr","locations":[{"start":{"line":94,"column":20},"end":{"line":94,"column":null}},{"start":{"line":95,"column":20},"end":{"line":95,"column":null}}],"line":93},"2":{"loc":{"start":{"line":98,"column":15},"end":{"line":98,"column":null}},"type":"binary-expr","locations":[{"start":{"line":98,"column":15},"end":{"line":98,"column":28}},{"start":{"line":98,"column":28},"end":{"line":98,"column":null}}],"line":98},"3":{"loc":{"start":{"line":118,"column":16},"end":{"line":118,"column":null}},"type":"binary-expr","locations":[{"start":{"line":118,"column":16},"end":{"line":118,"column":30}},{"start":{"line":118,"column":30},"end":{"line":118,"column":null}}],"line":118}},"s":{"0":2,"1":41,"2":41,"3":15,"4":7,"5":41,"6":2},"f":{"0":41,"1":15,"2":2},"b":{"0":[7,8],"1":[4,37],"2":[41,4],"3":[41,37]},"meta":{"lastBranch":4,"lastFunction":3,"lastStatement":7,"seen":{"s:20:53:128:Infinity":0,"f:20:53:20:54":0,"s:25:32:25:Infinity":1,"s:28:2:32:Infinity":2,"f:28:12:28:18":1,"b:29:4:31:Infinity:undefined:undefined:undefined:undefined":0,"s:29:4:31:Infinity":3,"s:30:6:30:Infinity":4,"s:34:2:126:Infinity":5,"f:88:21:88:27":2,"s:88:27:88:Infinity":6,"b:94:20:94:Infinity:95:20:95:Infinity":1,"b:98:15:98:28:98:28:98:Infinity":2,"b:118:16:118:30:118:30:118:Infinity":3}}}
,"/Users/vvssgowtham/Documents/FreelanceMarketPlace/frontend/src/components/shared/Logo.tsx": {"path":"/Users/vvssgowtham/Documents/FreelanceMarketPlace/frontend/src/components/shared/Logo.tsx","statementMap":{"0":{"start":{"line":12,"column":34},"end":{"line":83,"column":null}},"1":{"start":{"line":18,"column":20},"end":{"line":22,"column":null}},"2":{"start":{"line":24,"column":21},"end":{"line":28,"column":null}},"3":{"start":{"line":30,"column":2},"end":{"line":81,"column":null}},"4":{"start":{"line":47,"column":13},"end":{"line":47,"column":null}},"5":{"start":{"line":48,"column":28},"end":{"line":48,"column":null}},"6":{"start":{"line":49,"column":12},"end":{"line":54,"column":null}},"7":{"start":{"line":50,"column":14},"end":{"line":51,"column":null}},"8":{"start":{"line":52,"column":14},"end":{"line":53,"column":null}}},"fnMap":{"0":{"name":"(anonymous_0)","decl":{"start":{"line":12,"column":34},"end":{"line":12,"column":35}},"loc":{"start":{"line":17,"column":6},"end":{"line":83,"column":null}},"line":17},"1":{"name":"(anonymous_1)","decl":{"start":{"line":46,"column":19},"end":{"line":46,"column":20}},"loc":{"start":{"line":46,"column":26},"end":{"line":55,"column":null}},"line":46}},"branchMap":{"0":{"loc":{"start":{"line":14,"column":2},"end":{"line":14,"column":null}},"type":"default-arg","locations":[{"start":{"line":14,"column":11},"end":{"line":14,"column":null}}],"line":14},"1":{"loc":{"start":{"line":15,"column":2},"end":{"line":15,"column":null}},"type":"default-arg","locations":[{"start":{"line":15,"column":13},"end":{"line":15,"column":null}}],"line":15},"2":{"loc":{"start":{"line":16,"column":2},"end":{"line":16,"column":null}},"type":"default-arg","locations":[{"start":{"line":16,"column":9},"end":{"line":16,"column":null}}],"line":16},"3":{"loc":{"start":{"line":37,"column":10},"end":{"line":39,"column":null}},"type":"cond-expr","locations":[{"start":{"line":38,"column":14},"end":{"line":38,"column":null}},{"start":{"line":39,"column":14},"end":{"line":39,"column":null}}],"line":37},"4":{"loc":{"start":{"line":49,"column":12},"end":{"line":54,"column":null}},"type":"if","locations":[{"start":{"line":49,"column":12},"end":{"line":54,"column":null}},{"start":{},"end":{}}],"line":49},"5":{"loc":{"start":{"line":58,"column":7},"end":{"line":79,"column":null}},"type":"binary-expr","locations":[{"start":{"line":58,"column":7},"end":{"line":58,"column":null}},{"start":{"line":59,"column":8},"end":{"line":79,"column":null}}],"line":58},"6":{"loc":{"start":{"line":65,"column":27},"end":{"line":65,"column":64}},"type":"cond-expr","locations":[{"start":{"line":65,"column":36},"end":{"line":65,"column":51}},{"start":{"line":65,"column":51},"end":{"line":65,"column":64}}],"line":65},"7":{"loc":{"start":{"line":72,"column":14},"end":{"line":74,"column":null}},"type":"cond-expr","locations":[{"start":{"line":73,"column":18},"end":{"line":73,"column":null}},{"start":{"line":74,"colum
[...]
start":{"line":62,"column":18},"end":{"line":62,"column":null}},"loc":{"start":{"line":63,"column":8},"end":{"line":63,"column":null}},"line":63},"8":{"name":"(anonymous_8)","decl":{"start":{"line":67,"column":33},"end":{"line":67,"column":39}},"loc":{"start":{"line":67,"column":39},"end":{"line":67,"column":51}},"line":67},"9":{"name":"(anonymous_9)","decl":{"start":{"line":68,"column":18},"end":{"line":68,"column":19}},"loc":{"start":{"line":68,"column":30},"end":{"line":72,"column":null}},"line":68},"10":{"name":"(anonymous_10)","decl":{"start":{"line":78,"column":26},"end":{"line":78,"column":27}},"loc":{"start":{"line":78,"column":48},"end":{"line":78,"column":null}},"line":78},"11":{"name":"(anonymous_11)","decl":{"start":{"line":79,"column":37},"end":{"line":79,"column":38}},"loc":{"start":{"line":79,"column":59},"end":{"line":79,"column":null}},"line":79},"12":{"name":"(anonymous_12)","decl":{"start":{"line":80,"column":30},"end":{"line":80,"column":31}},"loc":{"start":{"line":80,"column":52},"end":{"line":80,"column":null}},"line":80},"13":{"name":"(anonymous_13)","decl":{"start":{"line":81,"column":30},"end":{"line":81,"column":31}},"loc":{"start":{"line":81,"column":52},"end":{"line":81,"column":null}},"line":81},"14":{"name":"(anonymous_14)","decl":{"start":{"line":82,"column":34},"end":{"line":82,"column":35}},"loc":{"start":{"line":82,"column":56},"end":{"line":82,"column":null}},"line":82},"15":{"name":"(anonymous_15)","decl":{"start":{"line":83,"column":29},"end":{"line":83,"column":30}},"loc":{"start":{"line":83,"column":51},"end":{"line":83,"column":null}},"line":83}},"branchMap":{},"s":{"0":9,"1":9,"2":0,"3":0,"4":0,"5":0,"6":0,"7":0,"8":0,"9":9,"10":87,"11":9,"12":0,"13":9,"14":0,"15":9,"16":0,"17":9,"18":0,"19":9,"20":0,"21":9,"22":0},"f":{"0":9,"1":0,"2":0,"3":0,"4":0,"5":0,"6":0,"7":0,"8":9,"9":87,"10":0,"11":0,"12":0,"13":0,"14":0,"15":0},"b":{},"meta":{"lastBranch":0,"lastFunction":16,"lastStatement":23,"seen":{"s:22:13:75:Infinity":0,"f:24:4:24:5":0,"s:24:14:64:Infinity":1,"f:31:15:31:16":1,"s:32:8:35:Infinity":2,"f:37:17:37:18":2,"s:38:8:38:Infinity":3,"f:40:15:40:16":3,"s:41:8:46:Infinity":4,"f:48:18:48:19":4,"s:49:8:49:Infinity":5,"f:51:16:51:17":5,"s:52:8:52:Infinity":6,"f:54:14:54:Infinity":6,"s:55:8:60:Infinity":7,"f:62:18:62:Infinity":7,"s:63:8:63:Infinity":8,"f:67:33:67:39":8,"s:67:39:67:51":9,"f:68:18:68:19":9,"s:68:30:72:Infinity":10,"s:78:26:78:Infinity":11,"f:78:26:78:27":10,"s:78:48:78:Infinity":12,"s:79:37:79:Infinity":13,"f:79:37:79:38":11,"s:79:59:79:Infinity":14,"s:80:30:80:Infinity":15,"f:80:30:80:31":12,"s:80:52:80:Infinity":16,"s:81:30:81:Infinity":17,"f:81:30:81:31":13,"s:81:52:81:Infinity":18,"s:82:34:82:Infinity":19,"f:82:34:82:35":14,"s:82:56:82:Infinity":20,"s:83:29:83:Infinity":21,"f:83:29:83:30":15,"s:83:51:83:Infinity":22}}}
,"/Users/vvssgowtham/Documents/FreelanceMarketPlace/frontend/src/stores/unread.store.ts": {"path":"/Users/vvssgowtham/Documents/FreelanceMarketPlace/frontend/src/stores/unread.store.ts","statementMap":{"0":{"start":{"line":27,"column":13},"end":{"line":140,"column":null}},"1":{"start":{"line":27,"column":65},"end":{"line":140,"column":2}},"2":{"start":{"line":36,"column":4},"end":{"line":36,"column":null}},"3":{"start":{"line":37,"column":4},"end":{"line":62,"column":null}},"4":{"start":{"line":38,"column":32},"end":{"line":38,"column":null}},"5":{"start":{"line":39,"column":45},"end":{"line":39,"column":null}},"6":{"start":{"line":40,"column":18},"end":{"line":40,"column":null}},"7":{"start":{"line":42,"column":6},"end":{"line":56,"column":null}},"8":{"start":{"line":43,"column":20},"end":{"line":43,"column":null}},"9":{"start":{"line":44,"column":14},"end":{"line":44,"column":null}},"10":{"start":{"line":45,"column":8},"end":{"line":50,"column":null}},"11":{"start":{"line":46,"column":10},"end":{"line":46,"column":null}},"12":{"start":{"line":47,"column":8},"end":{"line":50,"column":null}},"13":{"start":{"line":48,"column":16},"end":{"line":48,"column":null}},"14":{"start":{"line":49,"column":10},"end":{"line":49,"column":null}},"15":{"start":{"line":52,"column":8},"end":{"line":55,"column":null}},"16":{"start":{"line":53,"column":10},"end":{"line":53,"column":null}},"17":{"start":{"line":54,"column":10},"end":{"line":54,"column":null}},"18":{"start":{"line":58,"column":6},"end":{"line":58,"column":null}},"19":{"start":{"line":60,"column":6},"end":{"line":60,"column":null}},"20":{"start":{"line":61,"column":6},"end":{"line":61,"column":null}},"21":{"start":{"line":66,"column":4},"end":{"line":71,"column":null}},"22":{"start":{"line":67,"column":23},"end":{"line":67,"column":null}},"23":{"start":{"line":68,"column":24},"end":{"line":68,"column":null}},"24":{"start":{"line":69,"column":23},"end":{"line":69,"column":null}},"25":{"start":{"line":70,"column":6},"end":{"line":70,"column":null}},"26":{"start":{"line":75,"column":4},"end":{"line":85,"column":null}},"27":{"start":{"line":76,"column":23},"end":{"line":76,"column":null}},"28":{"start":{"line":77,"column":24},"end":{"line":80,"column":null}},"29":{"start":{"line":81,"column":6},"end":{"line":84,"column":null}},"30":{"start":{"line":89,"column":4},"end":{"line":96,"column":null}},"31":{"start":{"line":90,"column":23},"end":{"line":90,"column":null}},"32":{"start":{"line":91,"column":24},"end":{"line":91,"column":null}},"33":{"start":{"line":92,"column":6},"end":{"line":95,"column":null}},"34":{"start":{"line":100,"column":4},"end":{"line":100,"column":null}},"35":{"start":{"line":104,"column":4},"end":{"line":104,"column":null}},"36":{"start":{"line":108,"column":4},"end":{"line":112,"column":null}},"37":{"start":{"line":109,"column":19},"end":{"line":109,"column":null}},"38":{"start":{"line":110,"column":6},"end":{"line":110,"column":null}},"39":{"start":{"line":111,"column":6},"end":{"line":111,"column":null}},"40":{"start":{"line":116,"column":4},"end":{"line":120,"column":null}},"41":{"start":{"line":117,"column":19},"end":{"line":117,"column":null}},"42":{"start":{"line":118,"column":6},"end":{"line":118,"column":null}},"43":{"start":{"line":119,"column":6},"end":{"line":119,"column":null}},"44":{"start":{"line":124,"column":4},"end":{"line":128,"column":null}},"45":{"start":{"line":125,"column":21},"end":{"line":125,"column":null}},"46":{"start":{"line":125,"column":53},"end":{"line":125,"column":72}},"47":{"start":{"line":126,"column":6},"end":{"line":126,"column":null}},"48":{"start":{"line":126,"column":18},"end":{"line":126,"column":null}},"49":{"start":{"line":127,"column":6},"end":{"line":127,"column":null}},"50":{"start":{"line":132,"column":4},"end":{"line":132,"column":null}},"51":{"start":{"line":132,"column":45},"end":{"line":132,"column":80}},"52":{"start":{"line":136,"column":4},"end":{"line":138,"column":null}},"53":{"start":{"line":136,"column":20},"end":{"line":138,"column":6}},"54":{"start":{"line":137,"column":57},"end":{"line":137,"column":92}}},"fnMap":{"0":{"name":"(anonymous_0)","decl":{"start":{"line":27,"column":50},"end":{"line":27,"column":51}},"loc":{"start":{"line":27,"column":65},"end":{"line":140,"column":2}},"line":27},"1":{"name":"(anonymous_1)","decl":{"start":{"line":35,"column":22},"end":{"line":35,"column":29}},"loc":{"start":{"line":35,"column":55},"end":{"line":63,"column":null}},"line":35},"2":{"name":"(anonymous_2)","decl":{"start":{"line":42,"column":36},"end":{"line":42,"column":37}},"loc":{"start":{"line":42,"column":51},"end":{"line":56,"column":7}},"line":42},"3":{"name":"(anonymous_3)","decl":{"start":{"line":65,"column":15},"end":{"line":65,"column":16}},"loc":{"start":{"line":65,"column":42},"end":{"line":72,"column":null}},"line":65},"4":{"name":"(anonymous_4)","decl":{"start":{"line":66,"column":8},"end":{"line":66,"column":9}},"loc":{"start":{"line":66,"column":19},"end":{"line":71,"column":5}},"line":66},"5":{"name":"(anonymous_5)","decl":{"start":{"line":74,"column":18},"end":{"line":74,"column":19}},"loc":{"start":{"line":74,"column":38},"end":{"line":86,"column":null}},"line":74},"6":{"name":"(anonymous_6)","decl":{"start":{"line":75,"column":8},"end":{"line":75,"column":9}},"loc":{"start":{"line":75,"column":19},"end":{"line":85,"column":5}},"line":75},"7":{"name":"(anonymous_7)","decl":{"start":{"line":88,"column":14},"end":{"line":88,"column":15}},"loc":{"start":{"line":88,"column":34},"end":{"line":97,"column":null}},"line":88},"8":{"name":"(anonymous_8)","decl":{"start":{"line":89,"column":8},"end":{"line":89,"column":9}},"loc":{"start":{"line":89,"column":19},"end":{"line":96,"column":5}},"line":89},"9":{"name":"(anonymous_9)","decl":{"start":{"line":99,"column":25},"end":{"line":99,"column":26}},"loc":{"start":{"line":99,"column":33},"end":{"line":101,"column":null}},"line":99},"10":{"name":"(anonymous_10)","decl":{"start":{"line":103,"column":18},"end":{"line":103,"column":19}},"loc":{"start":{"line":103,"column":31},"end":{"line":105,"column":null}},"line":103},"11":{"name":"(anonymous_11)","decl":{"start":{"line":107,"column":17},"end":{"line":107,"column":18}},"loc":{"start":{"line":107,"column":29},"end":{"line":113,"column":null}},"line":107},"12":{"name":"(anonymous_12)","decl":{"start":{"line":108,"column":8},"end":{"line":108,"column":9}},"loc":{"start":{"line":108,"column":19},"end":{"line":112,"column":5}},"line":108},"13":{"name":"(anonymous_13)","decl":{"start":{"line":115,"column":20},"end":{"line":115,"column":21}},"loc":{"start":{"line":115,"column":32},"end":{"line":121,"column":null}},"line":115},"14":{"name":"(anonymous_14)","decl":{"start":{"line":116,"column":8},"end":{"line":116,"column":9}},"loc":{"start":{"line":116,"column":19},"end":{"line":120,"column":5}},"line":116},"15":{"name":"(anonymous_15)","decl":{"start":{"line":123,"column":21},"end":{"line":123,"column":22}},"loc":{"start":{"line":123,"column":34},"end":{"line":129,"column":null}},"line":123},"16":{"name":"(anonymous_16)","decl":{"start":{"line":124,"column":8},"end":{"line":124,"column":9}},"loc":{"start":{"line":124,"column":19},"end":{"line":128,"column":5}},"line":124},"17":{"name":"(anonymous_17)","decl":{"start":{"line":125,"column":48},"end":{"line":125,"column":53}},"loc":{"start":{"line":125,"column":53},"end":{"line":125,"column":72}},"line":125},"18":{"name":"(anonymous_18)","decl":{"start":{"line":131,"column":22},"end":{"line":131,"column":23}},"loc":{"start":{"line":131,"column":42},"end":{"line":133,"column":null}},"line":131},"19":{"name":"(anonymous_19)","decl":{"start":{"line":132,"column":40},"end":{"line":132,"column":45}},"loc":{"start":{"line":132,"column":45},"end":{"line":132,"column":80}},"line":132},"20":{"name":"(anonymous_20)","decl":{"start":{"line":135,"column":24},"end":{"line":135,"column":25}},"loc":{"start":{"line":135,"column":44},"end":{"line":139,"column":null}},"line":135},"21":{"name":"(anonymous_21)","decl":{"start":{"line":136,"column":8},"end":{"line":136,"column":9}},"loc":{"start":{"line":136,"column":20},"end":{"line":138,"column":6}},"line":136},"22":{"name":"(anonymous_22)","decl":{"start":{"line":137,"column":52},"end":{"line":137,"column":57}},"loc":{"start":{"line":137,"column":57},"end":{"line":137,"column":92}},"line":137}},"branchMap":{"0":{"loc":{"start":{"line":42,"column":7},"end":{"line":42,"column":28}},"type":"binary-expr","locations":[{"start":{"line":42,"column":7},"end":{"line":42,"column":24}},{"start":{"line":42,"column":24},"end":{"line":42,"column":28}}],"line":42},"1":{"loc":{"start":{"line":44,"column":24},"end":{"line":44,"column":51}},"type":"binary-expr","locations":[{"start":{"line":44,"column":24},"end":{"line":44,"column":35}},{"start":{"line":44,"column":35},"end":{"line":44,"column":47}},{"start":{"line":44,"column":47},"end":{"line":44,"column":51}}],"line":44},"2":{"loc":{"start":{"line":45,"column":8},"end":{"line":50,"column":null}},"type":"if","locations":[{"start":{"line":45,"column":8},"end":{"line":50,"column":null}},{"start":{"line":47,"column":8},"end":{"line":50,"column":null}}],"line":45},"3":{"loc":{"start":{"line":47,"column":8},"end":{"line":50,"column":null}},"type":"if","locations":[{"start":{"line":47,"column":8},"end":{"line":50,"column":null}},{"start":{},"end":{}}],"line":47},"4":{"loc":{"start":{"line":47,"column":19},"end":{"line":47,"column":77}},"type":"binary-expr","locations":[{"start":{"line":47,"column":19},"end":{"line":47,"column":39}},{"start":{"line":47,"column":39},"end":{"line":47,"column":77}}],"line":47},"5":{"loc":{"start":{"line":48,"column":28},"end":{"line":48,"column":71}},"type":"binary-expr","locations":[{"start":{"line":48,"column":28},"end":{"line":48,"column":50}},{"start":{"line":48,"column":50},"end":{"line":48,"column":67}},{"start":{"line":48,"column":67},"end":{"line":48,"column":71}}],"line":48},"6":{"loc":{"start":{"line":49,"column":18},"end":{"line":49,"column":null}},"type":"cond-expr","locations":[{"start":{"line":49,"column":30},"end":{"line":49,"column":63}},{"start":{"line":49,"column":63},"end":{"line":49,"column":null}}],"line":49},"7":{"loc":{"start":{"line":49,"column":30},"end":{"line":49,"column":63}},"type":"binary-expr","locations":[{"start":{"line":49,"column":30},"end":{"line":49,"column":57}},{"start":{"line":49,"column":57},"end":{"line":49,"column":63}}],"line":49},"8":{"loc":{"start":{"line":49,"column":63},"end":{"line":49,"column":null}},"type":"binary-expr","locations":[{"start":{"line":49,"column":63},"end":{"line":49,"column":94}},{"start":{"line":49,"column":94},"end":{"line":49,"column":null}}],"line":49},"9":{"loc":{"start":{"line":52,"column":8},"end":{"line":55,"column":null}},"type":"if","locations":[{"start":{"line":52,"column":8},"end":{"line":55,"column":null}},{"start":{},"end":{}}],"line":52},"10":{"loc":{"start":{"line":67,"column":23},"end":{"line":67,"column":null}},"type":"binary-expr","locations":[{"start":{"line":67,"column":23},"end":{"line":67,"column":61}},{"start":{"line":67,"column":61},"end":{"line":67,"column":null}}],"line":67},"11":{"loc":{"start":{"line":76,"column":23},"end":{"line":76,"column":null}},"type":"binary-expr","locations":[{"start":{"line":76,"column":23},"end":{"line":76,"column":61}},{"start":{"line":76,"column":61},"end":{"line":76,"column":null}}],"line":76},"12":{"loc":{"start":{"line":90,"column":23},"end":{"line":90,"column":null}},"type":"binary-expr","locations":[{"start":{"line":90,"column":23},"end":{"line":90,"column":61}},{"start":{"line":90,"column":61},"end":{"line":90,"column":null}}],"line":90},"13":{"loc":{"start":{"line":126,"column":6},"end":{"line":126,"column":null}},"type":"if","locations":[{"start":{"line":126,"column":6},"end":{"line":126,"column":null}},{"start":{},"end":{}}],"line":126}},"s":{"0":6,"1":6,"2":0,"3":0,"4":0,"5":0,"6":0,"7":0,"8":0,"9":0,"10":0,"11":0,"12":0,"13":0,"14":0,"15":0,"16":0,"17":0,"18":0,"19":0,"20":0,"21":0,"22":0,"23":0,"24":0,"25":0,"26":0,"27":0,"28":0,"29":0,"30":8,"31":8,"32":8,"33":8,"34":32,"35":0,"36":0,"37":0,"38":0,"39":0,"40":0,"41":0,"42":0,"43":0,"44":0,"45":0,"46":0,"47":0,"48":0,"49":0,"50":8,"51":0,"52":8,"53":8,"54":0},"f":{"0":6,"1":0,"2":0,"3":0,"4":0,"5":0,"6":0,"7":8,"8":8,"9":32,"10":0,"11":0,"12":0,"13":0,"14":0,"15":0,"16":0,"17":0,"18":8,"19":0,"20":8,"21":8,"22":0},"b":{"0":[0,0],"1":[0,0,0],"2":[0,0],"3":[0,0],"4":[0,0],"5":[0,0,0],"6":[0,0],"7":[0,0],"8":[0,0],"9":[0,0],"10":[0,0],"11":[0,0],"12":[8,8],"13":[0,0]},"meta":{"lastBranch":14,"lastFunction":23,"lastStatement":55,"seen":{"s:27:13:140:Infinity":0,"f:27:50:27:51":0,"s:27:65:140:2":1,"f:35:22:35:29":1,"s:36:4:36:Infinity":2,"s:37:4:62:Infinity":3,"s:38:32:38:Infinity":4,"s:39:45:39:Infinity":5,"s:40:18:40:Infinity":6,"s:42:6:56:Infinity":7,"b:42:7:42:24:42:24:42:28":0,"f:42:36:42:37":2,"s:43:20:43:Infinity":8,"s:44:14:44:Infinity":9,"b:44:24:44:35:44:35:44:47:44:47:44:51":1,"b:45:8:50:Infinity:47:8:50:Infinity":2,"s:45:8:50:Infinity":10,"s:46:10:46:Infinity":11,"b:47:8:50:Infinity:undefined:undefined:undefined:undefined":3,"s:47:8:50:Infinity":12,"b:47:19:47:39:47:39:47:77":4,"s:48:16:48:Infinity":13,"b:48:28:48:50:48:50:48:67:48:67:48:71":5,"s:49:10:49:Infinity":14,"b:49:30:49:63:49:63:49:Infinity":6,"b:49:30:49:57:49:57:49:63":7,"b:49:63:49:94:49:94:49:Infinity":8,"b:52:8:55:Infinity:undefined:undefined:undefined:undefined":9,"s:52:8:55:Infinity":15,"s:53:10:53:Infinity":16,"s:54:10:54:Infinity":17,"s:58:6:58:Infinity":18,"s:60:6:60:Infinity":19,"s:61:6:61:Infinity":20,"f:65:15:65:16":3,"s:66:4:71:Infinity":21,"f:66:8:66:9":4,"s:67:23:67:Infinity":22,"b:67:23:67:61:67:61:67:Infinity":10,"s:68:24:68:Infinity":23,"s:69:23:69:Infinity":24,"s:70:6:70:Infinity":25,"f:74:18:74:19":5,"s:75:4:85:Infinity":26,"f:75:8:75:9":6,"s:76:23:76:Infinity":27,"b:76:23:76:61:76:61:76:Infinity":11,"s:77:24:80:Infinity":28,"s:81:6:84:Infinity":29,"f:88:14:88:15":7,"s:89:4:96:Infinity":30,"f:89:8:89:9":8,"s:90:23:90:Infinity":31,"b:90:23:90:61:90:61:90:Infinity":12,"s:91:24:91:Infinity":32,"s:92:6:95:Infinity":33,"f:99:25:99:26":9,"s:100:4:100:Infinity":34,"f:103:18:103:19":10,"s:104:4:104:Infinity":35,"f:107:17:107:18":11,"s:108:4:112:Infinity":36,"f:108:8:108:9":12,"s:109:19:109:Infinity":37,"s:110:6:110:Infinity":38,"s:111:6:111:Infinity":39,"f:115:20:115:21":13,"s:116:4:120:Infinity":40,"f:116:8:116:9":14,"s:117:19:117:Infinity":41,"s:118:6:118:Infinity":42,"s:119:6:119:Infinity":43,"f:123:21:123:22":15,"s:124:4:128:Infinity":44,"f:124:8:124:9":16,"s:125:21:125:Infinity":45,"f:125:48:125:53":17,"s:125:53:125:72":46,"b:126:6:126:Infinity:undefined:undefined:undefined:undefined":13,"s:126:6:126:Infinity":47,"s:126:18:126:Infinity":48,"s:127:6:127:Infinity":49,"f:131:22:131:23":18,"s:132:4:132:Infinity":50,"f:132:40:132:45":19,"s:132:45:132:80":51,"f:135:24:135:25":20,"s:136:4:138:Infinity":52,"f:136:8:136:9":21,"s:136:20:138:6":53,"f:137:52:137:57":22,"s:137:57:137:92":54}}}
,"/Users/vvssgowtham/Documents/FreelanceMarketPlace/frontend/src/stores/useStore.ts": {"path":"/Users/vvssgowtham/Documents/FreelanceMarketPlace/frontend/src/stores/useStore.ts","statementMap":{"0":{"start":{"line":9,"column":13},"end":{"line":13,"column":null}},"1":{"start":{"line":9,"column":51},"end":{"line":13,"column":2}},"2":{"start":{"line":11,"column":18},"end":{"line":11,"column":null}},"3":{"start":{"line":11,"column":34},"end":{"line":11,"column":61}},"4":{"start":{"line":12,"column":15},"end":{"line":12,"column":null}}},"fnMap":{"0":{"name":"(anonymous_0)","decl":{"start":{"line":9,"column":41},"end":{"line":9,"column":42}},"loc":{"start":{"line":9,"column":51},"end":{"line":13,"column":2}},"line":9},"1":{"name":"(anonymous_1)","decl":{"start":{"line":11,"column":12},"end":{"line":11,"column":18}},"loc":{"start":{"line":11,"column":18},"end":{"line":11,"column":null}},"line":11},"2":{"name":"(anonymous_2)","decl":{"start":{"line":11,"column":22},"end":{"line":11,"column":23}},"loc":{"start":{"line":11,"column":34},"end":{"line":11,"column":61}},"line":11},"3":{"name":"(anonymous_3)","decl":{"start":{"line":12,"column":9},"end":{"line":12,"column":15}},"loc":{"start":{"line":12,"column":15},"end":{"line":12,"column":null}},"line":12}},"branchMap":{},"s":{"0":1,"1":1,"2":7,"3":7,"4":1},"f":{"0":1,"1":7,"2":7,"3":1},"b":{},"meta":{"lastBranch":0,"lastFunction":4,"lastStatement":5,"seen":{"s:9:13:13:Infinity":0,"f:9:41:9:42":0,"s:9:51:13:2":1,"f:11:12:11:18":1,"s:11:18:11:Infinity":2,"f:11:22:11:23":2,"s:11:34:11:61":3,"f:12:9:12:15":3,"s:12:15:12:Infinity":4}}}
,"/Users/vvssgowtham/Documents/FreelanceMarketPlace/frontend/src/utils/utils.ts": {"path":"/Users/vvssgowtham/Documents/FreelanceMarketPlace/frontend/src/utils/utils.ts","statementMap":{"0":{"start":{"line":5,"column":2},"end":{"line":5,"column":null}}},"fnMap":{"0":{"name":"cn","decl":{"start":{"line":4,"column":16},"end":{"line":4,"column":22}},"loc":{"start":{"line":4,"column":44},"end":{"line":6,"column":null}},"line":4}},"branchMap":{},"s":{"0":598},"f":{"0":598},"b":{},"meta":{"lastBranch":0,"lastFunction":1,"lastStatement":1,"seen":{"f:4:16:4:22":0,"s:5:2:5:Infinity":0}}}
}
