{"/Users/vvssgowtham/Documents/FreelanceMarketPlace/frontend/src/components/cards/FreelancerCard.tsx": {"path":"/Users/vvssgowtham/Documents/FreelanceMarketPlace/frontend/src/components/cards/FreelancerCard.tsx","statementMap":{"0":{"start":{"line":21,"column":54},"end":{"line":127,"column":null}},"1":{"start":{"line":35,"column":2},"end":{"line":125,"column":null}},"2":{"start":{"line":102,"column":12},"end":{"line":107,"column":null}}},"fnMap":{"0":{"name":"(anonymous_0)","decl":{"start":{"line":21,"column":54},"end":{"line":21,"column":55}},"loc":{"start":{"line":34,"column":6},"end":{"line":127,"column":null}},"line":34},"1":{"name":"(anonymous_1)","decl":{"start":{"line":101,"column":34},"end":{"line":101,"column":35}},"loc":{"start":{"line":102,"column":12},"end":{"line":107,"column":null}},"line":102}},"branchMap":{"0":{"loc":{"start":{"line":31,"column":2},"end":{"line":31,"column":null}},"type":"default-arg","locations":[{"start":{"line":31,"column":15},"end":{"line":31,"column":null}}],"line":31},"1":{"loc":{"start":{"line":44,"column":9},"end":{"line":49,"column":null}},"type":"binary-expr","locations":[{"start":{"line":44,"column":9},"end":{"line":44,"column":null}},{"start":{"line":45,"column":10},"end":{"line":49,"column":null}}],"line":44},"2":{"loc":{"start":{"line":64,"column":11},"end":{"line":67,"column":null}},"type":"binary-expr","locations":[{"start":{"line":64,"column":11},"end":{"line":64,"column":null}},{"start":{"line":65,"column":12},"end":{"line":67,"column":null}}],"line":64},"3":{"loc":{"start":{"line":109,"column":11},"end":{"line":112,"column":null}},"type":"binary-expr","locations":[{"start":{"line":109,"column":11},"end":{"line":109,"column":null}},{"start":{"line":110,"column":12},"end":{"line":112,"column":null}}],"line":109}},"s":{"0":1,"1":10,"2":30},"f":{"0":10,"1":30},"b":{"0":[10],"1":[10,9],"2":[10,9],"3":[10,10]},"meta":{"lastBranch":4,"lastFunction":2,"lastStatement":3,"seen":{"s:21:54:127:Infinity":0,"f:21:54:21:55":0,"b:31:15:31:Infinity":0,"s:35:2:125:Infinity":1,"b:44:9:44:Infinity:45:10:49:Infinity":1,"b:64:11:64:Infinity:65:12:67:Infinity":2,"f:101:34:101:35":1,"s:102:12:107:Infinity":2,"b:109:11:109:Infinity:110:12:112:Infinity":3}}}
,"/Users/vvssgowtham/Documents/FreelanceMarketPlace/frontend/src/components/cards/PricingCard.tsx": {"path":"/Users/vvssgowtham/Documents/FreelanceMarketPlace/frontend/src/components/cards/PricingCard.tsx","statementMap":{"0":{"start":{"line":17,"column":48},"end":{"line":96,"column":null}},"1":{"start":{"line":27,"column":2},"end":{"line":94,"column":null}},"2":{"start":{"line":64,"column":10},"end":{"line":79,"column":null}}},"fnMap":{"0":{"name":"(anonymous_0)","decl":{"start":{"line":17,"column":48},"end":{"line":17,"column":49}},"loc":{"start":{"line":26,"column":6},"end":{"line":96,"column":null}},"line":26},"1":{"name":"(anonymous_1)","decl":{"start":{"line":63,"column":22},"end":{"line":63,"column":23}},"loc":{"start":{"line":64,"column":10},"end":{"line":79,"column":null}},"line":64}},"branchMap":{"0":{"loc":{"start":{"line":20,"column":2},"end":{"line":20,"column":null}},"type":"default-arg","locations":[{"start":{"line":20,"column":18},"end":{"line":20,"column":null}}],"line":20},"1":{"loc":{"start":{"line":22,"column":2},"end":{"line":22,"column":null}},"type":"default-arg","locations":[{"start":{"line":22,"column":14},"end":{"line":22,"column":null}}],"line":22},"2":{"loc":{"start":{"line":23,"column":2},"end":{"line":23,"column":null}},"type":"default-arg","locations":[{"start":{"line":23,"column":13},"end":{"line":23,"column":null}}],"line":23},"3":{"loc":{"start":{"line":31,"column":8},"end":{"line":33,"column":null}},"type":"cond-expr","locations":[{"start":{"line":32,"column":12},"end":{"line":32,"column":null}},{"start":{"line":33,"column":12},"end":{"line":33,"column":null}}],"line":31},"4":{"loc":{"start":{"line":37,"column":7},"end":{"line":40,"column":null}},"type":"binary-expr","locations":[{"start":{"line":37,"column":7},"end":{"line":37,"column":null}},{"start":{"line":38,"column":8},"end":{"line":40,"column":null}}],"line":37},"5":{"loc":{"start":{"line":47,"column":12},"end":{"line":47,"column":null}},"type":"cond-expr","locations":[{"start":{"line":47,"column":24},"end":{"line":47,"column":38}},{"start":{"line":47,"column":38},"end":{"line":47,"column":null}}],"line":47},"6":{"loc":{"start":{"line":71,"column":16},"end":{"line":73,"column":null}},"type":"cond-expr","locations":[{"start":{"line":72,"column":20},"end":{"line":72,"column":null}},{"start":{"line":73,"column":20},"end":{"line":73,"column":null}}],"line":71},"7":{"loc":{"start":{"line":86,"column":10},"end":{"line":88,"column":null}},"type":"cond-expr","locations":[{"start":{"line":87,"column":14},"end":{"line":87,"column":null}},{"start":{"line":88,"column":14},"end":{"line":88,"column":null}}],"line":86}},"s":{"0":1,"1":13,"2":36},"f":{"0":13,"1":36},"b":{"0":[13],"1":[13],"2":[13],"3":[3,10],"4":[13,3],"5":[3,10],"6":[9,27],"7":[3,10]},"meta":{"lastBranch":8,"lastFunction":2,"lastStatement":3,"seen":{"s:17:48:96:Infinity":0,"f:17:48:17:49":0,"b:20:18:20:Infinity":0,"b:22:14:22:Infinity":1,"b:23:13:23:Infinity":2,"s:27:2:94:Infinity":1,"b:32:12:32:Infinity:33:12:33:Infinity":3,"b:37:7:37:Infinity:38:8:40:Infinity":4,"b:47:24:47:38:47:38:47:Infinity":5,"f:63:22:63:23":1,"s:64:10:79:Infinity":2,"b:72:20:72:Infinity:73:20:73:Infinity":6,"b:87:14:87:Infinity:88:14:88:Infinity":7}}}
,"/Users/vvssgowtham/Documents/FreelanceMarketPlace/frontend/src/components/cards/ProjectCard.tsx": {"path":"/Users/vvssgowtham/Documents/FreelanceMarketPlace/frontend/src/components/cards/ProjectCard.tsx","statementMap":{"0":{"start":{"line":18,"column":21},"end":{"line":22,"column":null}},"1":{"start":{"line":24,"column":48},"end":{"line":127,"column":null}},"2":{"start":{"line":35,"column":2},"end":{"line":125,"column":null}},"3":{"start":{"line":71,"column":10},"end":{"line":76,"column":null}}},"fnMap":{"0":{"name":"(anonymous_0)","decl":{"start":{"line":24,"column":48},"end":{"line":24,"column":49}},"loc":{"start":{"line":34,"column":6},"end":{"line":127,"column":null}},"line":34},"1":{"name":"(anonymous_1)","decl":{"start":{"line":70,"column":32},"end":{"line":70,"column":33}},"loc":{"start":{"line":71,"column":10},"end":{"line":76,"column":null}},"line":71}},"branchMap":{"0":{"loc":{"start":{"line":78,"column":9},"end":{"line":81,"column":null}},"type":"binary-expr","locations":[{"start":{"line":78,"column":9},"end":{"line":78,"column":null}},{"start":{"line":79,"column":10},"end":{"line":81,"column":null}}],"line":78}},"s":{"0":1,"1":1,"2":13,"3":36},"f":{"0":13,"1":36},"b":{"0":[13,11]},"meta":{"lastBranch":1,"lastFunction":2,"lastStatement":4,"seen":{"s:18:21:22:Infinity":0,"s:24:48:127:Infinity":1,"f:24:48:24:49":0,"s:35:2:125:Infinity":2,"f:70:32:70:33":1,"s:71:10:76:Infinity":3,"b:78:9:78:Infinity:79:10:81:Infinity":0}}}
,"/Users/vvssgowtham/Documents/FreelanceMarketPlace/frontend/src/components/cards/StatsCard.tsx": {"path":"/Users/vvssgowtham/Documents/FreelanceMarketPlace/frontend/src/components/cards/StatsCard.tsx","statementMap":{"0":{"start":{"line":18,"column":44},"end":{"line":75,"column":null}},"1":{"start":{"line":27,"column":2},"end":{"line":73,"column":null}}},"fnMap":{"0":{"name":"(anonymous_0)","decl":{"start":{"line":18,"column":44},"end":{"line":18,"column":45}},"loc":{"start":{"line":26,"column":6},"end":{"line":75,"column":null}},"line":26}},"branchMap":{"0":{"loc":{"start":{"line":23,"column":2},"end":{"line":23,"column":null}},"type":"default-arg","locations":[{"start":{"line":23,"column":19},"end":{"line":23,"column":null}}],"line":23},"1":{"loc":{"start":{"line":24,"column":2},"end":{"line":24,"column":null}},"type":"default-arg","locations":[{"start":{"line":24,"column":16},"end":{"line":24,"column":null}}],"line":24},"2":{"loc":{"start":{"line":45,"column":9},"end":{"line":63,"column":null}},"type":"binary-expr","locations":[{"start":{"line":45,"column":9},"end":{"line":45,"column":null}},{"start":{"line":46,"column":10},"end":{"line":63,"column":null}}],"line":45},"3":{"loc":{"start":{"line":49,"column":14},"end":{"line":51,"column":null}},"type":"cond-expr","locations":[{"start":{"line":50,"column":18},"end":{"line":50,"column":null}},{"start":{"line":51,"column":18},"end":{"line":51,"column":null}}],"line":49},"4":{"loc":{"start":{"line":54,"column":13},"end":{"line":57,"column":null}},"type":"cond-expr","locations":[{"start":{"line":55,"column":14},"end":{"line":55,"column":null}},{"start":{"line":57,"column":14},"end":{"line":57,"column":null}}],"line":54}},"s":{"0":1,"1":12},"f":{"0":12},"b":{"0":[12],"1":[12],"2":[12,2],"3":[1,1],"4":[1,1]},"meta":{"lastBranch":5,"lastFunction":1,"lastStatement":2,"seen":{"s:18:44:75:Infinity":0,"f:18:44:18:45":0,"b:23:19:23:Infinity":0,"b:24:16:24:Infinity":1,"s:27:2:73:Infinity":1,"b:45:9:45:Infinity:46:10:63:Infinity":2,"b:50:18:50:Infinity:51:18:51:Infinity":3,"b:55:14:55:Infinity:57:14:57:Infinity":4}}}
,"/Users/vvssgowtham/Documents/FreelanceMarketPlace/frontend/src/components/cards/TestimonialCard.tsx": {"path":"/Users/vvssgowtham/Documents/FreelanceMarketPlace/frontend/src/components/cards/TestimonialCard.tsx","statementMap":{"0":{"start":{"line":14,"column":56},"end":{"line":70,"column":null}},"1":{"start":{"line":22,"column":2},"end":{"line":68,"column":null}},"2":{"start":{"line":56,"column":14},"end":{"line":63,"column":null}}},"fnMap":{"0":{"name":"(anonymous_0)","decl":{"start":{"line":14,"column":56},"end":{"line":14,"column":57}},"loc":{"start":{"line":21,"column":6},"end":{"line":70,"column":null}},"line":21},"1":{"name":"(anonymous_1)","decl":{"start":{"line":55,"column":31},"end":{"line":55,"column":32}},"loc":{"start":{"line":56,"column":14},"end":{"line":63,"column":null}},"line":56}},"branchMap":{"0":{"loc":{"start":{"line":19,"column":2},"end":{"line":19,"column":null}},"type":"default-arg","locations":[{"start":{"line":19,"column":11},"end":{"line":19,"column":null}}],"line":19},"1":{"loc":{"start":{"line":61,"column":18},"end":{"line":61,"column":null}},"type":"cond-expr","locations":[{"start":{"line":61,"column":43},"end":{"line":61,"column":57}},{"start":{"line":61,"column":57},"end":{"line":61,"column":null}}],"line":61}},"s":{"0":1,"1":10,"2":50},"f":{"0":10,"1":50},"b":{"0":[10],"1":[41,9]},"meta":{"lastBranch":2,"lastFunction":2,"lastStatement":3,"seen":{"s:14:56:70:Infinity":0,"f:14:56:14:57":0,"b:19:11:19:Infinity":0,"s:22:2:68:Infinity":1,"f:55:31:55:32":1,"s:56:14:63:Infinity":2,"b:61:43:61:57:61:57:61:Infinity":1}}}
,"/Users/vvssgowtham/Documents/FreelanceMarketPlace/frontend/src/components/common/Breadcrumb.tsx": {"path":"/Users/vvssgowtham/Documents/FreelanceMarketPlace/frontend/src/components/common/Breadcrumb.tsx","statementMap":{"0":{"start":{"line":16,"column":46},"end":{"line":60,"column":null}},"1":{"start":{"line":17,"column":2},"end":{"line":58,"column":null}},"2":{"start":{"line":33,"column":25},"end":{"line":33,"column":null}},"3":{"start":{"line":35,"column":10},"end":{"line":54,"column":null}}},"fnMap":{"0":{"name":"(anonymous_0)","decl":{"start":{"line":16,"column":46},"end":{"line":16,"column":47}},"loc":{"start":{"line":16,"column":72},"end":{"line":60,"column":null}},"line":16},"1":{"name":"(anonymous_1)","decl":{"start":{"line":32,"column":19},"end":{"line":32,"column":20}},"loc":{"start":{"line":32,"column":36},"end":{"line":56,"column":9}},"line":32}},"branchMap":{"0":{"loc":{"start":{"line":41,"column":17},"end":{"line":51,"column":null}},"type":"cond-expr","locations":[{"start":{"line":42,"column":18},"end":{"line":44,"column":null}},{"start":{"line":46,"column":18},"end":{"line":51,"column":null}}],"line":41},"1":{"loc":{"start":{"line":47,"column":24},"end":{"line":47,"column":null}},"type":"binary-expr","locations":[{"start":{"line":47,"column":24},"end":{"line":47,"column":37}},{"start":{"line":47,"column":37},"end":{"line":47,"column":null}}],"line":47}},"s":{"0":2,"1":18,"2":39,"3":39},"f":{"0":18,"1":39},"b":{"0":[17,22],"1":[22,0]},"meta":{"lastBranch":2,"lastFunction":2,"lastStatement":4,"seen":{"s:16:46:60:Infinity":0,"f:16:46:16:47":0,"s:17:2:58:Infinity":1,"f:32:19:32:20":1,"s:33:25:33:Infinity":2,"s:35:10:54:Infinity":3,"b:42:18:44:Infinity:46:18:51:Infinity":0,"b:47:24:47:37:47:37:47:Infinity":1}}}
,"/Users/vvssgowtham/Documents/FreelanceMarketPlace/frontend/src/components/forms/LoginForm.tsx": {"path":"/Users/vvssgowtham/Documents/FreelanceMarketPlace/frontend/src/components/forms/LoginForm.tsx","statementMap":{"0":{"start":{"line":22,"column":19},"end":{"line":27,"column":null}},"1":{"start":{"line":30,"column":8},"end":{"line":36,"column":null}},"2":{"start":{"line":39,"column":4},"end":{"line":39,"column":null}},"3":{"start":{"line":40,"column":4},"end":{"line":40,"column":null}},"4":{"start":{"line":43,"column":2},"end":{"line":86,"column":null}},"5":{"start":{"line":58,"column":16},"end":{"line":64,"column":null}},"6":{"start":{"line":71,"column":16},"end":{"line":77,"column":null}}},"fnMap":{"0":{"name":"LoginForm","decl":{"start":{"line":29,"column":16},"end":{"line":29,"column":28}},"loc":{"start":{"line":29,"column":28},"end":{"line":88,"column":null}},"line":29},"1":{"name":"onSubmit","decl":{"start":{"line":38,"column":11},"end":{"line":38,"column":20}},"loc":{"start":{"line":38,"column":56},"end":{"line":41,"column":null}},"line":38},"2":{"name":"(anonymous_2)","decl":{"start":{"line":57,"column":22},"end":{"line":57,"column":23}},"loc":{"start":{"line":58,"column":16},"end":{"line":64,"column":null}},"line":58},"3":{"name":"(anonymous_3)","decl":{"start":{"line":70,"column":22},"end":{"line":70,"column":23}},"loc":{"start":{"line":71,"column":16},"end":{"line":77,"column":null}},"line":71}},"branchMap":{},"s":{"0":1,"1":34,"2":1,"3":1,"4":34,"5":58,"6":78},"f":{"0":34,"1":1,"2":58,"3":78},"b":{},"meta":{"lastBranch":0,"lastFunction":4,"lastStatement":7,"seen":{"s:22:19:27:Infinity":0,"f:29:16:29:28":0,"s:30:8:36:Infinity":1,"f:38:11:38:20":1,"s:39:4:39:Infinity":2,"s:40:4:40:Infinity":3,"s:43:2:86:Infinity":4,"f:57:22:57:23":2,"s:58:16:64:Infinity":5,"f:70:22:70:23":3,"s:71:16:77:Infinity":6}}}
,"/Users/vvssgowtham/Documents/FreelanceMarketPlace/frontend/src/components/layouts/DashboardHeader.tsx": {"path":"/Users/vvssgowtham/Documents/FreelanceMarketPlace/frontend/src/components/layouts/DashboardHeader.tsx","statementMap":{"0":{"start":{"line":15,"column":56},"end":{"line":91,"column":null}},"1":{"start":{"line":21,"column":2},"end":{"line":89,"column":null}}},"fnMap":{"0":{"name":"(anonymous_0)","decl":{"start":{"line":15,"column":56},"end":{"line":15,"column":57}},"loc":{"start":{"line":20,"column":6},"end":{"line":91,"column":null}},"line":20}},"branchMap":{},"s":{"0":1,"1":8},"f":{"0":8},"b":{},"meta":{"lastBranch":0,"lastFunction":1,"lastStatement":2,"seen":{"s:15:56:91:Infinity":0,"f:15:56:15:57":0,"s:21:2:89:Infinity":1}}}
,"/Users/vvssgowtham/Documents/FreelanceMarketPlace/frontend/src/components/layouts/DashboardSidebar.tsx": {"path":"/Users/vvssgowtham/Documents/FreelanceMarketPlace/frontend/src/components/layouts/DashboardSidebar.tsx","statementMap":{"0":{"start":{"line":24,"column":28},"end":{"line":32,"column":null}},"1":{"start":{"line":34,"column":25},"end":{"line":141,"column":null}},"2":{"start":{"line":35,"column":36},"end":{"line":35,"column":null}},"3":{"start":{"line":36,"column":8},"end":{"line":36,"column":null}},"4":{"start":{"line":38,"column":2},"end":{"line":139,"column":null}},"5":{"start":{"line":63,"column":29},"end":{"line":63,"column":null}},"6":{"start":{"line":64,"column":12},"end":{"line":94,"column":null}},"7":{"start":{"line":133,"column":25},"end":{"line":133,"column":null}}},"fnMap":{"0":{"name":"(anonymous_0)","decl":{"start":{"line":34,"column":25},"end":{"line":34,"column":31}},"loc":{"start":{"line":34,"column":31},"end":{"line":141,"column":null}},"line":34},"1":{"name":"(anonymous_1)","decl":{"start":{"line":62,"column":24},"end":{"line":62,"column":25}},"loc":{"start":{"line":62,"column":34},"end":{"line":96,"column":11}},"line":62},"2":{"name":"(anonymous_2)","decl":{"start":{"line":133,"column":19},"end":{"line":133,"column":25}},"loc":{"start":{"line":133,"column":25},"end":{"line":133,"column":null}},"line":133}},"branchMap":{"0":{"loc":{"start":{"line":42,"column":8},"end":{"line":42,"column":null}},"type":"cond-expr","locations":[{"start":{"line":42,"column":22},"end":{"line":42,"column":31}},{"start":{"line":42,"column":31},"end":{"line":42,"column":null}}],"line":42},"1":{"loc":{"start":{"line":51,"column":11},"end":{"line":54,"column":null}},"type":"binary-expr","locations":[{"start":{"line":51,"column":11},"end":{"line":51,"column":null}},{"start":{"line":52,"column":12},"end":{"line":54,"column":null}}],"line":51},"2":{"loc":{"start":{"line":70,"column":18},"end":{"line":72,"column":null}},"type":"cond-expr","locations":[{"start":{"line":71,"column":22},"end":{"line":71,"column":null}},{"start":{"line":72,"column":22},"end":{"line":72,"column":null}}],"line":70},"3":{"loc":{"start":{"line":79,"column":20},"end":{"line":81,"column":null}},"type":"cond-expr","locations":[{"start":{"line":80,"column":24},"end":{"line":80,"column":null}},{"start":{"line":81,"column":24},"end":{"line":81,"column":null}}],"line":79},"4":{"loc":{"start":{"line":84,"column":17},"end":{"line":85,"column":null}},"type":"binary-expr","locations":[{"start":{"line":84,"column":17},"end":{"line":84,"column":null}},{"start":{"line":85,"column":18},"end":{"line":85,"column":null}}],"line":84},"5":{"loc":{"start":{"line":89,"column":17},"end":{"line":92,"column":null}},"type":"binary-expr","locations":[{"start":{"line":89,"column":17},"end":{"line":89,"column":null}},{"start":{"line":90,"column":18},"end":{"line":92,"column":null}}],"line":89},"6":{"loc":{"start":{"line":105,"column":12},"end":{"line":105,"column":null}},"type":"cond-expr","locations":[{"start":{"line":105,"column":26},"end":{"line":105,"column":45}},{"start":{"line":105,"column":45},"end":{"line":105,"column":null}}],"line":105},"7":{"loc":{"start":{"line":117,"column":11},"end":{"line":121,"column":null}},"type":"binary-expr","locations":[{"start":{"line":117,"column":11},"end":{"line":117,"column":null}},{"start":{"line":118,"column":12},"end":{"line":121,"column":null}}],"line":117},"8":{"loc":{"start":{"line":124,"column":11},"end":{"line":127,"column":null}},"type":"binary-expr","locations":[{"start":{"line":124,"column":11},"end":{"line":124,"column":null}},{"start":{"line":125,"column":12},"end":{"line":127,"column":null}}],"line":124},"9":{"loc":{"start":{"line":136,"column":11},"end":{"line":136,"column":null}},"type":"cond-expr","locations":[{"start":{"line":136,"column":25},"end":{"line":136,"column":54}},{"start":{"line":136,"column":54},"end":{"line":136,"column":null}}],"line":136}},"s":{"0":1,"1":1,"2":7,"3":7,"4":7,"5":49,"6":49,"7":0},"f":{"0":7,"1":49,"2":0},"b":{"0":[0,7],"1":[7,7],"2":[0,49],"3":[0,49],"4":[49,49],"5":[49,0],"6":[0,7],"7":[7,7],"8":[7,7],"9":[0,7]},"meta":{"lastBranch":10,"lastFunction":3,"lastStatement":8,"seen":{"s:24:28:32:Infinity":0,"s:34:25:141:Infinity":1,"f:34:25:34:31":0,"s:35:36:35:Infinity":2,"s:36:8:36:Infinity":3,"s:38:2:139:Infinity":4,"b:42:22:42:31:42:31:42:Infinity":0,"b:51:11:51:Infinity:52:12:54:Infinity":1,"f:62:24:62:25":1,"s:63:29:63:Infinity":5,"s:64:12:94:Infinity":6,"b:71:22:71:Infinity:72:22:72:Infinity":2,"b:80:24:80:Infinity:81:24:81:Infinity":3,"b:84:17:84:Infinity:85:18:85:Infinity":4,"b:89:17:89:Infinity:90:18:92:Infinity":5,"b:105:26:105:45:105:45:105:Infinity":6,"b:117:11:117:Infinity:118:12:121:Infinity":7,"b:124:11:124:Infinity:125:12:127:Infinity":8,"f:133:19:133:25":2,"s:133:25:133:Infinity":7,"b:136:25:136:54:136:54:136:Infinity":9}}}
,"/Users/vvssgowtham/Documents/FreelanceMarketPlace/frontend/src/components/layouts/Footer.tsx": {"path":"/Users/vvssgowtham/Documents/FreelanceMarketPlace/frontend/src/components/layouts/Footer.tsx","statementMap":{"0":{"start":{"line":4,"column":15},"end":{"line":136,"column":null}},"1":{"start":{"line":5,"column":8},"end":{"line":5,"column":null}},"2":{"start":{"line":7,"column":22},"end":{"line":38,"column":null}},"3":{"start":{"line":40,"column":2},"end":{"line":134,"column":null}},"4":{"start":{"line":87,"column":12},"end":{"line":103,"column":null}},"5":{"start":{"line":93,"column":18},"end":{"line":100,"column":null}}},"fnMap":{"0":{"name":"(anonymous_0)","decl":{"start":{"line":4,"column":15},"end":{"line":4,"column":21}},"loc":{"start":{"line":4,"column":21},"end":{"line":136,"column":null}},"line":4},"1":{"name":"(anonymous_1)","decl":{"start":{"line":86,"column":42},"end":{"line":86,"column":43}},"loc":{"start":{"line":87,"column":12},"end":{"line":103,"column":null}},"line":87},"2":{"name":"(anonymous_2)","decl":{"start":{"line":92,"column":35},"end":{"line":92,"column":36}},"loc":{"start":{"line":93,"column":18},"end":{"line":100,"column":null}},"line":93}},"branchMap":{},"s":{"0":1,"1":9,"2":9,"3":9,"4":27,"5":135},"f":{"0":9,"1":27,"2":135},"b":{},"meta":{"lastBranch":0,"lastFunction":3,"lastStatement":6,"seen":{"s:4:15:136:Infinity":0,"f:4:15:4:21":0,"s:5:8:5:Infinity":1,"s:7:22:38:Infinity":2,"s:40:2:134:Infinity":3,"f:86:42:86:43":1,"s:87:12:103:Infinity":4,"f:92:35:92:36":2,"s:93:18:100:Infinity":5}}}
,"/Users/vvssgowtham/Documents/FreelanceMarketPlace/frontend/src/components/layouts/PublicNavbar.tsx": {"path":"/Users/vvssgowtham/Documents/FreelanceMarketPlace/frontend/src/components/layouts/PublicNavbar.tsx","statementMap":{"0":{"start":{"line":7,"column":21},"end":{"line":115,"column":null}},"1":{"start":{"line":8,"column":34},"end":{"line":8,"column":null}},"2":{"start":{"line":9,"column":46},"end":{"line":9,"column":null}},"3":{"start":{"line":11,"column":2},"end":{"line":22,"column":null}},"4":{"start":{"line":12,"column":25},"end":{"line":18,"column":null}},"5":{"start":{"line":13,"column":6},"end":{"line":17,"column":null}},"6":{"start":{"line":14,"column":8},"end":{"line":14,"column":null}},"7":{"start":{"line":16,"column":8},"end":{"line":16,"column":null}},"8":{"start":{"line":20,"column":4},"end":{"line":20,"column":null}},"9":{"start":{"line":21,"column":4},"end":{"line":21,"column":null}},"10":{"start":{"line":21,"column":17},"end":{"line":21,"column":null}},"11":{"start":{"line":24,"column":19},"end":{"line":29,"column":null}},"12":{"start":{"line":31,"column":2},"end":{"line":113,"column":null}},"13":{"start":{"line":53,"column":12},"end":{"line":59,"column":null}},"14":{"start":{"line":79,"column":25},"end":{"line":79,"column":null}},"15":{"start":{"line":90,"column":14},"end":{"line":97,"column":null}},"16":{"start":{"line":94,"column":31},"end":{"line":94,"column":null}}},"fnMap":{"0":{"name":"(anonymous_0)","decl":{"start":{"line":7,"column":21},"end":{"line":7,"column":27}},"loc":{"start":{"line":7,"column":27},"end":{"line":115,"column":null}},"line":7},"1":{"name":"(anonymous_1)","decl":{"start":{"line":11,"column":12},"end":{"line":11,"column":18}},"loc":{"start":{"line":11,"column":18},"end":{"line":22,"column":5}},"line":11},"2":{"name":"(anonymous_2)","decl":{"start":{"line":12,"column":25},"end":{"line":12,"column":31}},"loc":{"start":{"line":12,"column":31},"end":{"line":18,"column":null}},"line":12},"3":{"name":"(anonymous_3)","decl":{"start":{"line":21,"column":11},"end":{"line":21,"column":17}},"loc":{"start":{"line":21,"column":17},"end":{"line":21,"column":null}},"line":21},"4":{"name":"(anonymous_4)","decl":{"start":{"line":52,"column":24},"end":{"line":52,"column":25}},"loc":{"start":{"line":53,"column":12},"end":{"line":59,"column":null}},"line":53},"5":{"name":"(anonymous_5)","decl":{"start":{"line":79,"column":19},"end":{"line":79,"column":25}},"loc":{"start":{"line":79,"column":25},"end":{"line":79,"column":null}},"line":79},"6":{"name":"(anonymous_6)","decl":{"start":{"line":89,"column":26},"end":{"line":89,"column":27}},"loc":{"start":{"line":90,"column":14},"end":{"line":97,"column":null}},"line":90},"7":{"name":"(anonymous_7)","decl":{"start":{"line":94,"column":25},"end":{"line":94,"column":31}},"loc":{"start":{"line":94,"column":31},"end":{"line":94,"column":null}},"line":94}},"branchMap":{"0":{"loc":{"start":{"line":13,"column":6},"end":{"line":17,"column":null}},"type":"if","locations":[{"start":{"line":13,"column":6},"end":{"line":17,"column":null}},{"start":{"line":15,"column":13},"end":{"line":17,"column":null}}],"line":13},"1":{"loc":{"start":{"line":35,"column":8},"end":{"line":35,"column":null}},"type":"cond-expr","locations":[{"start":{"line":35,"column":21},"end":{"line":35,"column":55}},{"start":{"line":35,"column":55},"end":{"line":35,"column":null}}],"line":35},"2":{"loc":{"start":{"line":81,"column":11},"end":{"line":81,"column":null}},"type":"cond-expr","locations":[{"start":{"line":81,"column":30},"end":{"line":81,"column":48}},{"start":{"line":81,"column":48},"end":{"line":81,"column":null}}],"line":81},"3":{"loc":{"start":{"line":86,"column":7},"end":{"line":111,"column":null}},"type":"binary-expr","locations":[{"start":{"line":86,"column":7},"end":{"line":86,"column":null}},{"start":{"line":87,"column":8},"end":{"line":111,"column":null}}],"line":86}},"s":{"0":1,"1":6,"2":6,"3":6,"4":6,"5":0,"6":0,"7":0,"8":6,"9":6,"10":6,"11":6,"12":6,"13":24,"14":0,"15":0,"16":0},"f":{"0":6,"1":6,"2":0,"3":6,"4":24,"5":0,"6":0,"7":0},"b":{"0":[0,0],"1":[0,6],"2":[0,6],"3":[6,0]},"meta":{"lastBranch":4,"lastFunction":8,"lastStatement":17,"seen":{"s:7:21:115:Infinity":0,"f:7:21:7:27":0,"s:8:34:8:Infinity":1,"s:9:46:9:Infinity":2,"s:11:2:22:Infinity":3,"f:11:12:11:18":1,"s:12:25:18:Infinity":4,"f:12:25:12:31":2,"b:13:6:17:Infinity:15:13:17:Infinity":0,"s:13:6:17:Infinity":5,"s:14:8:14:Infinity":6,"s:16:8:16:Infinity":7,"s:20:4:20:Infinity":8,"s:21:4:21:Infinity":9,"f:21:11:21:17":3,"s:21:17:21:Infinity":10,"s:24:19:29:Infinity":11,"s:31:2:113:Infinity":12,"b:35:21:35:55:35:55:35:Infinity":1,"f:52:24:52:25":4,"s:53:12:59:Infinity":13,"f:79:19:79:25":5,"s:79:25:79:Infinity":14,"b:81:30:81:48:81:48:81:Infinity":2,"b:86:7:86:Infinity:87:8:111:Infinity":3,"f:89:26:89:27":6,"s:90:14:97:Infinity":15,"f:94:25:94:31":7,"s:94:31:94:Infinity":16}}}
,"/Users/vvssgowtham/Documents/FreelanceMarketPlace/frontend/src/components/modals/ConfirmationModal.tsx": {"path":"/Users/vvssgowtham/Documents/FreelanceMarketPlace/frontend/src/components/modals/ConfirmationModal.tsx","statementMap":{"0":{"start":{"line":25,"column":67},"end":{"line":75,"column":null}},"1":{"start":{"line":35,"column":2},"end":{"line":73,"column":null}}},"fnMap":{"0":{"name":"(anonymous_0)","decl":{"start":{"line":25,"column":67},"end":{"line":25,"column":68}},"loc":{"start":{"line":34,"column":6},"end":{"line":75,"column":null}},"line":34}},"branchMap":{"0":{"loc":{"start":{"line":31,"column":2},"end":{"line":31,"column":null}},"type":"default-arg","locations":[{"start":{"line":31,"column":17},"end":{"line":31,"column":null}}],"line":31},"1":{"loc":{"start":{"line":32,"column":2},"end":{"line":32,"column":null}},"type":"default-arg","locations":[{"start":{"line":32,"column":16},"end":{"line":32,"column":null}}],"line":32},"2":{"loc":{"start":{"line":33,"column":2},"end":{"line":33,"column":null}},"type":"default-arg","locations":[{"start":{"line":33,"column":9},"end":{"line":33,"column":null}}],"line":33},"3":{"loc":{"start":{"line":40,"column":13},"end":{"line":48,"column":null}},"type":"cond-expr","locations":[{"start":{"line":41,"column":14},"end":{"line":41,"column":null}},{"start":{"line":43,"column":14},"end":{"line":48,"column":null}}],"line":40},"4":{"loc":{"start":{"line":46,"column":18},"end":{"line":46,"column":null}},"type":"cond-expr","locations":[{"start":{"line":46,"column":38},"end":{"line":46,"column":55}},{"start":{"line":46,"column":55},"end":{"line":46,"column":null}}],"line":46},"5":{"loc":{"start":{"line":65,"column":21},"end":{"line":65,"column":null}},"type":"cond-expr","locations":[{"start":{"line":65,"column":41},"end":{"line":65,"column":57}},{"start":{"line":65,"column":57},"end":{"line":65,"column":null}}],"line":65}},"s":{"0":1,"1":10},"f":{"0":10},"b":{"0":[10],"1":[10],"2":[10],"3":[2,8],"4":[7,1],"5":[7,3]},"meta":{"lastBranch":6,"lastFunction":1,"lastStatement":2,"seen":{"s:25:67:75:Infinity":0,"f:25:67:25:68":0,"b:31:17:31:Infinity":0,"b:32:16:32:Infinity":1,"b:33:9:33:Infinity":2,"s:35:2:73:Infinity":1,"b:41:14:41:Infinity:43:14:48:Infinity":3,"b:46:38:46:55:46:55:46:Infinity":4,"b:65:41:65:57:65:57:65:Infinity":5}}}
,"/Users/vvssgowtham/Documents/FreelanceMarketPlace/frontend/src/components/modals/ImagePreviewModal.tsx": {"path":"/Users/vvssgowtham/Documents/FreelanceMarketPlace/frontend/src/components/modals/ImagePreviewModal.tsx","statementMap":{"0":{"start":{"line":14,"column":67},"end":{"line":93,"column":null}},"1":{"start":{"line":21,"column":38},"end":{"line":21,"column":null}},"2":{"start":{"line":23,"column":2},"end":{"line":25,"column":null}},"3":{"start":{"line":24,"column":4},"end":{"line":24,"column":null}},"4":{"start":{"line":24,"column":16},"end":{"line":24,"column":null}},"5":{"start":{"line":27,"column":21},"end":{"line":30,"column":null}},"6":{"start":{"line":28,"column":4},"end":{"line":28,"column":null}},"7":{"start":{"line":29,"column":4},"end":{"line":29,"column":null}},"8":{"start":{"line":29,"column":21},"end":{"line":29,"column":56}},"9":{"start":{"line":32,"column":21},"end":{"line":35,"column":null}},"10":{"start":{"line":33,"column":4},"end":{"line":33,"column":null}},"11":{"start":{"line":34,"column":4},"end":{"line":34,"column":null}},"12":{"start":{"line":34,"column":21},"end":{"line":34,"column":72}},"13":{"start":{"line":37,"column":2},"end":{"line":37,"column":null}},"14":{"start":{"line":37,"column":22},"end":{"line":37,"column":null}},"15":{"start":{"line":39,"column":2},"end":{"line":91,"column":null}}},"fnMap":{"0":{"name":"(anonymous_0)","decl":{"start":{"line":14,"column":67},"end":{"line":14,"column":68}},"loc":{"start":{"line":20,"column":6},"end":{"line":93,"column":null}},"line":20},"1":{"name":"(anonymous_1)","decl":{"start":{"line":23,"column":18},"end":{"line":23,"column":24}},"loc":{"start":{"line":23,"column":24},"end":{"line":25,"column":5}},"line":23},"2":{"name":"(anonymous_2)","decl":{"start":{"line":27,"column":21},"end":{"line":27,"column":22}},"loc":{"start":{"line":27,"column":46},"end":{"line":30,"column":null}},"line":27},"3":{"name":"(anonymous_3)","decl":{"start":{"line":29,"column":20},"end":{"line":29,"column":21}},"loc":{"start":{"line":29,"column":21},"end":{"line":29,"column":56}},"line":29},"4":{"name":"(anonymous_4)","decl":{"start":{"line":32,"column":21},"end":{"line":32,"column":22}},"loc":{"start":{"line":32,"column":46},"end":{"line":35,"column":null}},"line":32},"5":{"name":"(anonymous_5)","decl":{"start":{"line":34,"column":20},"end":{"line":34,"column":21}},"loc":{"start":{"line":34,"column":21},"end":{"line":34,"column":72}},"line":34}},"branchMap":{"0":{"loc":{"start":{"line":18,"column":2},"end":{"line":18,"column":null}},"type":"default-arg","locations":[{"start":{"line":18,"column":17},"end":{"line":18,"column":null}}],"line":18},"1":{"loc":{"start":{"line":24,"column":4},"end":{"line":24,"column":null}},"type":"if","locations":[{"start":{"line":24,"column":4},"end":{"line":24,"column":null}},{"start":{},"end":{}}],"line":24},"2":{"loc":{"start":{"line":37,"column":2},"end":{"line":37,"column":null}},"type":"if","locations":[{"start":{"line":37,"column":2},"end":{"line":37,"column":null}},{"start":{},"end":{}}],"line":37},"3":{"loc":{"start":{"line":55,"column":9},"end":{"line":69,"column":null}},"type":"binary-expr","locations":[{"start":{"line":55,"column":9},"end":{"line":55,"column":null}},{"start":{"line":56,"column":10},"end":{"line":69,"column":null}}],"line":55},"4":{"loc":{"start":{"line":82,"column":9},"end":{"line":88,"column":null}},"type":"binary-expr","locations":[{"start":{"line":82,"column":9},"end":{"line":82,"column":null}},{"start":{"line":83,"column":10},"end":{"line":88,"column":null}}],"line":82},"5":{"loc":{"start":{"line":86,"column":15},"end":{"line":86,"column":null}},"type":"binary-expr","locations":[{"start":{"line":86,"column":15},"end":{"line":86,"column":36}},{"start":{"line":86,"column":36},"end":{"line":86,"column":null}}],"line":86}},"s":{"0":1,"1":12,"2":12,"3":8,"4":8,"5":12,"6":1,"7":1,"8":1,"9":12,"10":1,"11":1,"12":1,"13":12,"14":1,"15":11},"f":{"0":12,"1":8,"2":1,"3":1,"4":1,"5":1},"b":{"0":[12],"1":[8,0],"2":[1,11],"3":[11,10],"4":[12,2],"5":[2,2]},"meta":{"lastBranch":6,"lastFunction":6,"lastStatement":16,"seen":{"s:14:67:93:Infinity":0,"f:14:67:14:68":0,"b:18:17:18:Infinity":0,"s:21:38:21:Infinity":1,"s:23:2:25:Infinity":2,"f:23:18:23:24":1,"b:24:4:24:Infinity:undefined:undefined:undefined:undefined":1,"s:24:4:24:Infinity":3,"s:24:16:24:Infinity":4,"s:27:21:30:Infinity":5,"f:27:21:27:22":2,"s:28:4:28:Infinity":6,"s:29:4:29:Infinity":7,"f:29:20:29:21":3,"s:29:21:29:56":8,"s:32:21:35:Infinity":9,"f:32:21:32:22":4,"s:33:4:33:Infinity":10,"s:34:4:34:Infinity":11,"f:34:20:34:21":5,"s:34:21:34:72":12,"b:37:2:37:Infinity:undefined:undefined:undefined:undefined":2,"s:37:2:37:Infinity":13,"s:37:22:37:Infinity":14,"s:39:2:91:Infinity":15,"b:55:9:55:Infinity:56:10:69:Infinity":3,"b:82:9:82:Infinity:83:10:88:Infinity":4,"b:86:15:86:36:86:36:86:Infinity":5}}}
,"/Users/vvssgowtham/Documents/FreelanceMarketPlace/frontend/src/components/modals/LoadingModal.tsx": {"path":"/Users/vvssgowtham/Documents/FreelanceMarketPlace/frontend/src/components/modals/LoadingModal.tsx","statementMap":{"0":{"start":{"line":11,"column":57},"end":{"line":33,"column":null}},"1":{"start":{"line":15,"column":2},"end":{"line":31,"column":null}},"2":{"start":{"line":19,"column":34},"end":{"line":19,"column":null}},"3":{"start":{"line":20,"column":32},"end":{"line":20,"column":null}}},"fnMap":{"0":{"name":"(anonymous_0)","decl":{"start":{"line":11,"column":57},"end":{"line":11,"column":58}},"loc":{"start":{"line":14,"column":6},"end":{"line":33,"column":null}},"line":14},"1":{"name":"(anonymous_1)","decl":{"start":{"line":16,"column":40},"end":{"line":16,"column":46}},"loc":{"start":{"line":16,"column":46},"end":{"line":16,"column":null}},"line":16},"2":{"name":"(anonymous_2)","decl":{"start":{"line":19,"column":27},"end":{"line":19,"column":28}},"loc":{"start":{"line":19,"column":34},"end":{"line":19,"column":null}},"line":19},"3":{"name":"(anonymous_3)","decl":{"start":{"line":20,"column":25},"end":{"line":20,"column":26}},"loc":{"start":{"line":20,"column":32},"end":{"line":20,"column":null}},"line":20}},"branchMap":{"0":{"loc":{"start":{"line":13,"column":2},"end":{"line":13,"column":null}},"type":"default-arg","locations":[{"start":{"line":13,"column":12},"end":{"line":13,"column":null}}],"line":13}},"s":{"0":1,"1":7,"2":0,"3":0},"f":{"0":7,"1":0,"2":0,"3":0},"b":{"0":[7]},"meta":{"lastBranch":1,"lastFunction":4,"lastStatement":4,"seen":{"s:11:57:33:Infinity":0,"f:11:57:11:58":0,"b:13:12:13:Infinity":0,"s:15:2:31:Infinity":1,"f:16:40:16:46":1,"f:19:27:19:28":2,"s:19:34:19:Infinity":2,"f:20:25:20:26":3,"s:20:32:20:Infinity":3}}}
,"/Users/vvssgowtham/Documents/FreelanceMarketPlace/frontend/src/components/modals/SuccessModal.tsx": {"path":"/Users/vvssgowtham/Documents/FreelanceMarketPlace/frontend/src/components/modals/SuccessModal.tsx","statementMap":{"0":{"start":{"line":21,"column":57},"end":{"line":53,"column":null}},"1":{"start":{"line":28,"column":2},"end":{"line":51,"column":null}}},"fnMap":{"0":{"name":"(anonymous_0)","decl":{"start":{"line":21,"column":57},"end":{"line":21,"column":58}},"loc":{"start":{"line":27,"column":6},"end":{"line":53,"column":null}},"line":27}},"branchMap":{"0":{"loc":{"start":{"line":24,"column":2},"end":{"line":24,"column":null}},"type":"default-arg","locations":[{"start":{"line":24,"column":10},"end":{"line":24,"column":null}}],"line":24},"1":{"loc":{"start":{"line":26,"column":2},"end":{"line":26,"column":null}},"type":"default-arg","locations":[{"start":{"line":26,"column":16},"end":{"line":26,"column":null}}],"line":26}},"s":{"0":1,"1":7},"f":{"0":7},"b":{"0":[7],"1":[7]},"meta":{"lastBranch":2,"lastFunction":1,"lastStatement":2,"seen":{"s:21:57:53:Infinity":0,"f:21:57:21:58":0,"b:24:10:24:Infinity":0,"b:26:16:26:Infinity":1,"s:28:2:51:Infinity":1}}}
,"/Users/vvssgowtham/Documents/FreelanceMarketPlace/frontend/src/components/modals/TermsModal.tsx": {"path":"/Users/vvssgowtham/Documents/FreelanceMarketPlace/frontend/src/components/modals/TermsModal.tsx","statementMap":{"0":{"start":{"line":20,"column":53},"end":{"line":128,"column":null}},"1":{"start":{"line":25,"column":32},"end":{"line":25,"column":null}},"2":{"start":{"line":28,"column":2},"end":{"line":32,"column":null}},"3":{"start":{"line":29,"column":4},"end":{"line":31,"column":null}},"4":{"start":{"line":30,"column":6},"end":{"line":30,"column":null}},"5":{"start":{"line":34,"column":2},"end":{"line":126,"column":null}},"6":{"start":{"line":88,"column":27},"end":{"line":88,"column":null}}},"fnMap":{"0":{"name":"(anonymous_0)","decl":{"start":{"line":20,"column":53},"end":{"line":20,"column":54}},"loc":{"start":{"line":24,"column":6},"end":{"line":128,"column":null}},"line":24},"1":{"name":"(anonymous_1)","decl":{"start":{"line":28,"column":12},"end":{"line":28,"column":18}},"loc":{"start":{"line":28,"column":18},"end":{"line":32,"column":5}},"line":28},"2":{"name":"(anonymous_2)","decl":{"start":{"line":88,"column":21},"end":{"line":88,"column":27}},"loc":{"start":{"line":88,"column":27},"end":{"line":88,"column":null}},"line":88}},"branchMap":{"0":{"loc":{"start":{"line":29,"column":4},"end":{"line":31,"column":null}},"type":"if","locations":[{"start":{"line":29,"column":4},"end":{"line":31,"column":null}},{"start":{},"end":{}}],"line":29},"1":{"loc":{"start":{"line":93,"column":16},"end":{"line":95,"column":null}},"type":"cond-expr","locations":[{"start":{"line":94,"column":20},"end":{"line":94,"column":null}},{"start":{"line":95,"column":20},"end":{"line":95,"column":null}}],"line":93},"2":{"loc":{"start":{"line":98,"column":15},"end":{"line":98,"column":null}},"type":"binary-expr","locations":[{"start":{"line":98,"column":15},"end":{"line":98,"column":28}},{"start":{"line":98,"column":28},"end":{"line":98,"column":null}}],"line":98},"3":{"loc":{"start":{"line":118,"column":16},"end":{"line":118,"column":null}},"type":"binary-expr","locations":[{"start":{"line":118,"column":16},"end":{"line":118,"column":30}},{"start":{"line":118,"column":30},"end":{"line":118,"column":null}}],"line":118}},"s":{"0":1,"1":11,"2":11,"3":7,"4":7,"5":11,"6":2},"f":{"0":11,"1":7,"2":2},"b":{"0":[7,0],"1":[4,7],"2":[11,4],"3":[11,7]},"meta":{"lastBranch":4,"lastFunction":3,"lastStatement":7,"seen":{"s:20:53:128:Infinity":0,"f:20:53:20:54":0,"s:25:32:25:Infinity":1,"s:28:2:32:Infinity":2,"f:28:12:28:18":1,"b:29:4:31:Infinity:undefined:undefined:undefined:undefined":0,"s:29:4:31:Infinity":3,"s:30:6:30:Infinity":4,"s:34:2:126:Infinity":5,"f:88:21:88:27":2,"s:88:27:88:Infinity":6,"b:94:20:94:Infinity:95:20:95:Infinity":1,"b:98:15:98:28:98:28:98:Infinity":2,"b:118:16:118:30:118:30:118:Infinity":3}}}
,"/Users/vvssgowtham/Documents/FreelanceMarketPlace/frontend/src/components/shared/NotificationBadge.tsx": {"path":"/Users/vvssgowtham/Documents/FreelanceMarketPlace/frontend/src/components/shared/NotificationBadge.tsx","statementMap":{"0":{"start":{"line":9,"column":67},"end":{"line":25,"column":null}},"1":{"start":{"line":13,"column":2},"end":{"line":13,"column":null}},"2":{"start":{"line":13,"column":18},"end":{"line":13,"column":null}},"3":{"start":{"line":15,"column":2},"end":{"line":23,"column":null}}},"fnMap":{"0":{"name":"(anonymous_0)","decl":{"start":{"line":9,"column":67},"end":{"line":9,"column":68}},"loc":{"start":{"line":12,"column":6},"end":{"line":25,"column":null}},"line":12}},"branchMap":{"0":{"loc":{"start":{"line":13,"column":2},"end":{"line":13,"column":null}},"type":"if","locations":[{"start":{"line":13,"column":2},"end":{"line":13,"column":null}},{"start":{},"end":{}}],"line":13},"1":{"loc":{"start":{"line":22,"column":7},"end":{"line":22,"column":null}},"type":"cond-expr","locations":[{"start":{"line":22,"column":19},"end":{"line":22,"column":26}},{"start":{"line":22,"column":26},"end":{"line":22,"column":null}}],"line":22}},"s":{"0":1,"1":8,"2":2,"3":6},"f":{"0":8},"b":{"0":[2,6],"1":[1,5]},"meta":{"lastBranch":2,"lastFunction":1,"lastStatement":4,"seen":{"s:9:67:25:Infinity":0,"f:9:67:9:68":0,"b:13:2:13:Infinity:undefined:undefined:undefined:undefined":0,"s:13:2:13:Infinity":1,"s:13:18:13:Infinity":2,"s:15:2:23:Infinity":3,"b:22:19:22:26:22:26:22:Infinity":1}}}
,"/Users/vvssgowtham/Documents/FreelanceMarketPlace/frontend/src/components/shared/ProPlanBadge.tsx": {"path":"/Users/vvssgowtham/Documents/FreelanceMarketPlace/frontend/src/components/shared/ProPlanBadge.tsx","statementMap":{"0":{"start":{"line":8,"column":57},"end":{"line":19,"column":null}},"1":{"start":{"line":9,"column":2},"end":{"line":17,"column":null}}},"fnMap":{"0":{"name":"(anonymous_0)","decl":{"start":{"line":8,"column":57},"end":{"line":8,"column":58}},"loc":{"start":{"line":8,"column":76},"end":{"line":19,"column":null}},"line":8}},"branchMap":{},"s":{"0":1,"1":5},"f":{"0":5},"b":{},"meta":{"lastBranch":0,"lastFunction":1,"lastStatement":2,"seen":{"s:8:57:19:Infinity":0,"f:8:57:8:58":0,"s:9:2:17:Infinity":1}}}
,"/Users/vvssgowtham/Documents/FreelanceMarketPlace/frontend/src/components/shared/RatingStars.tsx": {"path":"/Users/vvssgowtham/Documents/FreelanceMarketPlace/frontend/src/components/shared/RatingStars.tsx","statementMap":{"0":{"start":{"line":13,"column":55},"end":{"line":54,"column":null}},"1":{"start":{"line":20,"column":20},"end":{"line":20,"column":null}},"2":{"start":{"line":21,"column":22},"end":{"line":21,"column":null}},"3":{"start":{"line":22,"column":21},"end":{"line":22,"column":null}},"4":{"start":{"line":24,"column":2},"end":{"line":52,"column":null}},"5":{"start":{"line":28,"column":10},"end":{"line":28,"column":null}},"6":{"start":{"line":36,"column":10},"end":{"line":40,"column":null}}},"fnMap":{"0":{"name":"(anonymous_0)","decl":{"start":{"line":13,"column":55},"end":{"line":13,"column":56}},"loc":{"start":{"line":19,"column":6},"end":{"line":54,"column":null}},"line":19},"1":{"name":"(anonymous_1)","decl":{"start":{"line":27,"column":35},"end":{"line":27,"column":36}},"loc":{"start":{"line":28,"column":10},"end":{"line":28,"column":null}},"line":28},"2":{"name":"(anonymous_2)","decl":{"start":{"line":35,"column":36},"end":{"line":35,"column":37}},"loc":{"start":{"line":36,"column":10},"end":{"line":40,"column":null}},"line":36}},"branchMap":{"0":{"loc":{"start":{"line":15,"column":2},"end":{"line":15,"column":null}},"type":"default-arg","locations":[{"start":{"line":15,"column":14},"end":{"line":15,"column":null}}],"line":15},"1":{"loc":{"start":{"line":17,"column":2},"end":{"line":17,"column":null}},"type":"default-arg","locations":[{"start":{"line":17,"column":9},"end":{"line":17,"column":null}}],"line":17},"2":{"loc":{"start":{"line":22,"column":38},"end":{"line":22,"column":null}},"type":"cond-expr","locations":[{"start":{"line":22,"column":52},"end":{"line":22,"column":56}},{"start":{"line":22,"column":56},"end":{"line":22,"column":null}}],"line":22},"3":{"loc":{"start":{"line":30,"column":9},"end":{"line":33,"column":null}},"type":"binary-expr","locations":[{"start":{"line":30,"column":9},"end":{"line":30,"column":null}},{"start":{"line":31,"column":10},"end":{"line":33,"column":null}}],"line":30},"4":{"loc":{"start":{"line":42,"column":6},"end":{"line":50,"column":null}},"type":"binary-expr","locations":[{"start":{"line":44,"column":8},"end":{"line":44,"column":21}},{"start":{"line":44,"column":21},"end":{"line":44,"column":null}},{"start":{"line":45,"column":8},"end":{"line":50,"column":null}}],"line":42},"5":{"loc":{"start":{"line":47,"column":11},"end":{"line":48,"column":null}},"type":"binary-expr","locations":[{"start":{"line":47,"column":11},"end":{"line":47,"column":null}},{"start":{"line":48,"column":12},"end":{"line":48,"column":null}}],"line":47}},"s":{"0":1,"1":10,"2":10,"3":10,"4":10,"5":35,"6":12},"f":{"0":10,"1":35,"2":12},"b":{"0":[10],"1":[10],"2":[3,7],"3":[10,3],"4":[10,7,4],"5":[4,2]},"meta":{"lastBranch":6,"lastFunction":3,"lastStatement":7,"seen":{"s:13:55:54:Infinity":0,"f:13:55:13:56":0,"b:15:14:15:Infinity":0,"b:17:9:17:Infinity":1,"s:20:20:20:Infinity":1,"s:21:22:21:Infinity":2,"s:22:21:22:Infinity":3,"b:22:52:22:56:22:56:22:Infinity":2,"s:24:2:52:Infinity":4,"f:27:35:27:36":1,"s:28:10:28:Infinity":5,"b:30:9:30:Infinity:31:10:33:Infinity":3,"f:35:36:35:37":2,"s:36:10:40:Infinity":6,"b:44:8:44:21:44:21:44:Infinity:45:8:50:Infinity":4,"b:47:11:47:Infinity:48:12:48:Infinity":5}}}
,"/Users/vvssgowtham/Documents/FreelanceMarketPlace/frontend/src/components/shared/SkillTag.tsx": {"path":"/Users/vvssgowtham/Documents/FreelanceMarketPlace/frontend/src/components/shared/SkillTag.tsx","statementMap":{"0":{"start":{"line":11,"column":49},"end":{"line":39,"column":null}},"1":{"start":{"line":16,"column":2},"end":{"line":37,"column":null}},"2":{"start":{"line":28,"column":12},"end":{"line":28,"column":null}},"3":{"start":{"line":29,"column":12},"end":{"line":29,"column":null}}},"fnMap":{"0":{"name":"(anonymous_0)","decl":{"start":{"line":11,"column":49},"end":{"line":11,"column":50}},"loc":{"start":{"line":15,"column":6},"end":{"line":39,"column":null}},"line":15},"1":{"name":"(anonymous_1)","decl":{"start":{"line":27,"column":19},"end":{"line":27,"column":20}},"loc":{"start":{"line":27,"column":26},"end":{"line":30,"column":null}},"line":27}},"branchMap":{"0":{"loc":{"start":{"line":20,"column":8},"end":{"line":20,"column":null}},"type":"binary-expr","locations":[{"start":{"line":20,"column":8},"end":{"line":20,"column":20}},{"start":{"line":20,"column":20},"end":{"line":20,"column":null}}],"line":20},"1":{"loc":{"start":{"line":25,"column":7},"end":{"line":35,"column":null}},"type":"binary-expr","locations":[{"start":{"line":25,"column":7},"end":{"line":25,"column":null}},{"start":{"line":26,"column":8},"end":{"line":35,"column":null}}],"line":25}},"s":{"0":1,"1":8,"2":2,"3":2},"f":{"0":8,"1":2},"b":{"0":[8,4],"1":[8,4]},"meta":{"lastBranch":2,"lastFunction":2,"lastStatement":4,"seen":{"s:11:49:39:Infinity":0,"f:11:49:11:50":0,"s:16:2:37:Infinity":1,"b:20:8:20:20:20:20:20:Infinity":0,"b:25:7:25:Infinity:26:8:35:Infinity":1,"f:27:19:27:20":1,"s:28:12:28:Infinity":2,"s:29:12:29:Infinity":3}}}
,"/Users/vvssgowtham/Documents/FreelanceMarketPlace/frontend/src/components/shared/StatusBadge.tsx": {"path":"/Users/vvssgowtham/Documents/FreelanceMarketPlace/frontend/src/components/shared/StatusBadge.tsx","statementMap":{"0":{"start":{"line":24,"column":59},"end":{"line":30,"column":null}},"1":{"start":{"line":32,"column":67},"end":{"line":38,"column":null}},"2":{"start":{"line":40,"column":77},"end":{"line":44,"column":null}},"3":{"start":{"line":46,"column":55},"end":{"line":90,"column":null}},"4":{"start":{"line":51,"column":2},"end":{"line":66,"column":null}},"5":{"start":{"line":53,"column":6},"end":{"line":53,"column":null}},"6":{"start":{"line":54,"column":4},"end":{"line":64,"column":null}},"7":{"start":{"line":68,"column":16},"end":{"line":68,"column":null}},"8":{"start":{"line":69,"column":2},"end":{"line":77,"column":null}},"9":{"start":{"line":70,"column":4},"end":{"line":72,"column":null}},"10":{"start":{"line":74,"column":4},"end":{"line":76,"column":null}},"11":{"start":{"line":79,"column":2},"end":{"line":88,"column":null}}},"fnMap":{"0":{"name":"(anonymous_0)","decl":{"start":{"line":46,"column":55},"end":{"line":46,"column":56}},"loc":{"start":{"line":50,"column":6},"end":{"line":90,"column":null}},"line":50}},"branchMap":{"0":{"loc":{"start":{"line":48,"column":2},"end":{"line":48,"column":null}},"type":"default-arg","locations":[{"start":{"line":48,"column":9},"end":{"line":48,"column":null}}],"line":48},"1":{"loc":{"start":{"line":51,"column":2},"end":{"line":66,"column":null}},"type":"if","locations":[{"start":{"line":51,"column":2},"end":{"line":66,"column":null}},{"start":{},"end":{}}],"line":51},"2":{"loc":{"start":{"line":53,"column":6},"end":{"line":53,"column":null}},"type":"binary-expr","locations":[{"start":{"line":53,"column":6},"end":{"line":53,"column":48}},{"start":{"line":53,"column":48},"end":{"line":53,"column":null}}],"line":53},"3":{"loc":{"start":{"line":69,"column":2},"end":{"line":77,"column":null}},"type":"if","locations":[{"start":{"line":69,"column":2},"end":{"line":77,"column":null}},{"start":{"line":73,"column":9},"end":{"line":77,"column":null}}],"line":69},"4":{"loc":{"start":{"line":71,"column":6},"end":{"line":72,"column":null}},"type":"binary-expr","locations":[{"start":{"line":71,"column":6},"end":{"line":71,"column":null}},{"start":{"line":72,"column":6},"end":{"line":72,"column":null}}],"line":71},"5":{"loc":{"start":{"line":75,"column":6},"end":{"line":76,"column":null}},"type":"binary-expr","locations":[{"start":{"line":75,"column":6},"end":{"line":75,"column":null}},{"start":{"line":76,"column":6},"end":{"line":76,"column":null}}],"line":75}},"s":{"0":1,"1":1,"2":1,"3":1,"4":18,"5":4,"6":4,"7":14,"8":14,"9":8,"10":6,"11":14},"f":{"0":18},"b":{"0":[18],"1":[4,14],"2":[4,1],"3":[8,6],"4":[8,1],"5":[6,1]},"meta":{"lastBranch":6,"lastFunction":1,"lastStatement":12,"seen":{"s:24:59:30:Infinity":0,"s:32:67:38:Infinity":1,"s:40:77:44:Infinity":2,"s:46:55:90:Infinity":3,"f:46:55:46:56":0,"b:48:9:48:Infinity":0,"b:51:2:66:Infinity:undefined:undefined:undefined:undefined":1,"s:51:2:66:Infinity":4,"s:53:6:53:Infinity":5,"b:53:6:53:48:53:48:53:Infinity":2,"s:54:4:64:Infinity":6,"s:68:16:68:Infinity":7,"b:69:2:77:Infinity:73:9:77:Infinity":3,"s:69:2:77:Infinity":8,"s:70:4:72:Infinity":9,"b:71:6:71:Infinity:72:6:72:Infinity":4,"s:74:4:76:Infinity":10,"b:75:6:75:Infinity:76:6:76:Infinity":5,"s:79:2:88:Infinity":11}}}
,"/Users/vvssgowtham/Documents/FreelanceMarketPlace/frontend/src/components/shared/VerificationBadge.tsx": {"path":"/Users/vvssgowtham/Documents/FreelanceMarketPlace/frontend/src/components/shared/VerificationBadge.tsx","statementMap":{"0":{"start":{"line":16,"column":67},"end":{"line":50,"column":null}},"1":{"start":{"line":20,"column":2},"end":{"line":48,"column":null}}},"fnMap":{"0":{"name":"(anonymous_0)","decl":{"start":{"line":16,"column":67},"end":{"line":16,"column":68}},"loc":{"start":{"line":19,"column":6},"end":{"line":50,"column":null}},"line":19}},"branchMap":{"0":{"loc":{"start":{"line":30,"column":13},"end":{"line":38,"column":null}},"type":"cond-expr","locations":[{"start":{"line":31,"column":14},"end":{"line":33,"column":null}},{"start":{"line":35,"column":14},"end":{"line":38,"column":null}}],"line":30},"1":{"loc":{"start":{"line":44,"column":13},"end":{"line":44,"column":null}},"type":"cond-expr","locations":[{"start":{"line":44,"column":34},"end":{"line":44,"column":55}},{"start":{"line":44,"column":55},"end":{"line":44,"column":null}}],"line":44}},"s":{"0":1,"1":8},"f":{"0":8},"b":{"0":[3,5],"1":[3,5]},"meta":{"lastBranch":2,"lastFunction":1,"lastStatement":2,"seen":{"s:16:67:50:Infinity":0,"f:16:67:16:68":0,"s:20:2:48:Infinity":1,"b:31:14:33:Infinity:35:14:38:Infinity":0,"b:44:34:44:55:44:55:44:Infinity":1}}}
,"/Users/vvssgowtham/Documents/FreelanceMarketPlace/frontend/src/components/ui/button.tsx": {"path":"/Users/vvssgowtham/Documents/FreelanceMarketPlace/frontend/src/components/ui/button.tsx","statementMap":{"0":{"start":{"line":7,"column":6},"end":{"line":34,"column":null}},"1":{"start":{"line":43,"column":15},"end":{"line":54,"column":null}},"2":{"start":{"line":45,"column":17},"end":{"line":45,"column":null}},"3":{"start":{"line":46,"column":4},"end":{"line":51,"column":null}},"4":{"start":{"line":55,"column":0},"end":{"line":55,"column":null}}},"fnMap":{"0":{"name":"(anonymous_0)","decl":{"start":{"line":44,"column":2},"end":{"line":44,"column":3}},"loc":{"start":{"line":44,"column":68},"end":{"line":53,"column":null}},"line":44}},"branchMap":{"0":{"loc":{"start":{"line":44,"column":31},"end":{"line":44,"column":48}},"type":"default-arg","locations":[{"start":{"line":44,"column":41},"end":{"line":44,"column":48}}],"line":44},"1":{"loc":{"start":{"line":45,"column":17},"end":{"line":45,"column":null}},"type":"cond-expr","locations":[{"start":{"line":45,"column":27},"end":{"line":45,"column":34}},{"start":{"line":45,"column":34},"end":{"line":45,"column":null}}],"line":45}},"s":{"0":24,"1":24,"2":3380,"3":3380,"4":24},"f":{"0":3380},"b":{"0":[3380],"1":[1,3379]},"meta":{"lastBranch":2,"lastFunction":1,"lastStatement":5,"seen":{"s:7:6:34:Infinity":0,"s:43:15:54:Infinity":1,"f:44:2:44:3":0,"b:44:41:44:48":0,"s:45:17:45:Infinity":2,"b:45:27:45:34:45:34:45:Infinity":1,"s:46:4:51:Infinity":3,"s:55:0:55:Infinity":4}}}
,"/Users/vvssgowtham/Documents/FreelanceMarketPlace/frontend/src/components/ui/card.tsx": {"path":"/Users/vvssgowtham/Documents/FreelanceMarketPlace/frontend/src/components/ui/card.tsx","statementMap":{"0":{"start":{"line":5,"column":13},"end":{"line":17,"column":null}},"1":{"start":{"line":9,"column":2},"end":{"line":16,"column":null}},"2":{"start":{"line":18,"column":0},"end":{"line":18,"column":null}},"3":{"start":{"line":20,"column":19},"end":{"line":29,"column":null}},"4":{"start":{"line":24,"column":2},"end":{"line":28,"column":null}},"5":{"start":{"line":30,"column":0},"end":{"line":30,"column":null}},"6":{"start":{"line":32,"column":18},"end":{"line":44,"column":null}},"7":{"start":{"line":36,"column":2},"end":{"line":43,"column":null}},"8":{"start":{"line":45,"column":0},"end":{"line":45,"column":null}},"9":{"start":{"line":47,"column":24},"end":{"line":56,"column":null}},"10":{"start":{"line":51,"column":2},"end":{"line":55,"column":null}},"11":{"start":{"line":57,"column":0},"end":{"line":57,"column":null}},"12":{"start":{"line":59,"column":20},"end":{"line":64,"column":null}},"13":{"start":{"line":63,"column":2},"end":{"line":63,"column":null}},"14":{"start":{"line":65,"column":0},"end":{"line":65,"column":null}},"15":{"start":{"line":67,"column":19},"end":{"line":76,"column":null}},"16":{"start":{"line":71,"column":2},"end":{"line":75,"column":null}},"17":{"start":{"line":77,"column":0},"end":{"line":77,"column":null}}},"fnMap":{"0":{"name":"(anonymous_0)","decl":{"start":{"line":8,"column":2},"end":{"line":8,"column":3}},"loc":{"start":{"line":9,"column":2},"end":{"line":16,"column":null}},"line":9},"1":{"name":"(anonymous_1)","decl":{"start":{"line":23,"column":2},"end":{"line":23,"column":3}},"loc":{"start":{"line":24,"column":2},"end":{"line":28,"column":null}},"line":24},"2":{"name":"(anonymous_2)","decl":{"start":{"line":35,"column":2},"end":{"line":35,"column":3}},"loc":{"start":{"line":36,"column":2},"end":{"line":43,"column":null}},"line":36},"3":{"name":"(anonymous_3)","decl":{"start":{"line":50,"column":2},"end":{"line":50,"column":3}},"loc":{"start":{"line":51,"column":2},"end":{"line":55,"column":null}},"line":51},"4":{"name":"(anonymous_4)","decl":{"start":{"line":62,"column":2},"end":{"line":62,"column":3}},"loc":{"start":{"line":63,"column":2},"end":{"line":63,"column":null}},"line":63},"5":{"name":"(anonymous_5)","decl":{"start":{"line":70,"column":2},"end":{"line":70,"column":3}},"loc":{"start":{"line":71,"column":2},"end":{"line":75,"column":null}},"line":71}},"branchMap":{},"s":{"0":2,"1":39,"2":2,"3":2,"4":37,"5":2,"6":2,"7":37,"8":2,"9":2,"10":37,"11":2,"12":2,"13":37,"14":2,"15":2,"16":3,"17":2},"f":{"0":39,"1":37,"2":37,"3":37,"4":37,"5":3},"b":{},"meta":{"lastBranch":0,"lastFunction":6,"lastStatement":18,"seen":{"s:5:13:17:Infinity":0,"f:8:2:8:3":0,"s:9:2:16:Infinity":1,"s:18:0:18:Infinity":2,"s:20:19:29:Infinity":3,"f:23:2:23:3":1,"s:24:2:28:Infinity":4,"s:30:0:30:Infinity":5,"s:32:18:44:Infinity":6,"f:35:2:35:3":2,"s:36:2:43:Infinity":7,"s:45:0:45:Infinity":8,"s:47:24:56:Infinity":9,"f:50:2:50:3":3,"s:51:2:55:Infinity":10,"s:57:0:57:Infinity":11,"s:59:20:64:Infinity":12,"f:62:2:62:3":4,"s:63:2:63:Infinity":13,"s:65:0:65:Infinity":14,"s:67:19:76:Infinity":15,"f:70:2:70:3":5,"s:71:2:75:Infinity":16,"s:77:0:77:Infinity":17}}}
,"/Users/vvssgowtham/Documents/FreelanceMarketPlace/frontend/src/components/ui/dialog.tsx": {"path":"/Users/vvssgowtham/Documents/FreelanceMarketPlace/frontend/src/components/ui/dialog.tsx","statementMap":{"0":{"start":{"line":9,"column":15},"end":{"line":9,"column":null}},"1":{"start":{"line":11,"column":22},"end":{"line":11,"column":null}},"2":{"start":{"line":13,"column":21},"end":{"line":13,"column":null}},"3":{"start":{"line":15,"column":20},"end":{"line":15,"column":null}},"4":{"start":{"line":17,"column":22},"end":{"line":29,"column":null}},"5":{"start":{"line":21,"column":2},"end":{"line":28,"column":null}},"6":{"start":{"line":30,"column":0},"end":{"line":30,"column":null}},"7":{"start":{"line":32,"column":22},"end":{"line":53,"column":null}},"8":{"start":{"line":36,"column":2},"end":{"line":52,"column":null}},"9":{"start":{"line":54,"column":0},"end":{"line":54,"column":null}},"10":{"start":{"line":56,"column":21},"end":{"line":66,"column":null}},"11":{"start":{"line":60,"column":2},"end":{"line":66,"column":null}},"12":{"start":{"line":68,"column":0},"end":{"line":68,"column":null}},"13":{"start":{"line":70,"column":21},"end":{"line":80,"column":null}},"14":{"start":{"line":74,"column":2},"end":{"line":80,"column":null}},"15":{"start":{"line":82,"column":0},"end":{"line":82,"column":null}},"16":{"start":{"line":84,"column":20},"end":{"line":96,"column":null}},"17":{"start":{"line":88,"column":2},"end":{"line":95,"column":null}},"18":{"start":{"line":97,"column":0},"end":{"line":97,"column":null}},"19":{"start":{"line":99,"column":26},"end":{"line":108,"column":null}},"20":{"start":{"line":103,"column":2},"end":{"line":107,"column":null}},"21":{"start":{"line":109,"column":0},"end":{"line":109,"column":null}}},"fnMap":{"0":{"name":"(anonymous_0)","decl":{"start":{"line":20,"column":2},"end":{"line":20,"column":3}},"loc":{"start":{"line":21,"column":2},"end":{"line":28,"column":null}},"line":21},"1":{"name":"(anonymous_1)","decl":{"start":{"line":35,"column":2},"end":{"line":35,"column":3}},"loc":{"start":{"line":36,"column":2},"end":{"line":52,"column":null}},"line":36},"2":{"name":"(anonymous_2)","decl":{"start":{"line":56,"column":21},"end":{"line":56,"column":22}},"loc":{"start":{"line":60,"column":2},"end":{"line":66,"column":null}},"line":60},"3":{"name":"(anonymous_3)","decl":{"start":{"line":70,"column":21},"end":{"line":70,"column":22}},"loc":{"start":{"line":74,"column":2},"end":{"line":80,"column":null}},"line":74},"4":{"name":"(anonymous_4)","decl":{"start":{"line":87,"column":2},"end":{"line":87,"column":3}},"loc":{"start":{"line":88,"column":2},"end":{"line":95,"column":null}},"line":88},"5":{"name":"(anonymous_5)","decl":{"start":{"line":102,"column":2},"end":{"line":102,"column":3}},"loc":{"start":{"line":103,"column":2},"end":{"line":107,"column":null}},"line":103}},"branchMap":{},"s":{"0":6,"1":6,"2":6,"3":6,"4":6,"5":96,"6":6,"7":6,"8":52,"9":6,"10":6,"11":30,"12":6,"13":6,"14":28,"15":6,"16":6,"17":45,"18":6,"19":6,"20":28,"21":6},"f":{"0":96,"1":52,"2":30,"3":28,"4":45,"5":28},"b":{},"meta":{"lastBranch":0,"lastFunction":6,"lastStatement":22,"seen":{"s:9:15:9:Infinity":0,"s:11:22:11:Infinity":1,"s:13:21:13:Infinity":2,"s:15:20:15:Infinity":3,"s:17:22:29:Infinity":4,"f:20:2:20:3":0,"s:21:2:28:Infinity":5,"s:30:0:30:Infinity":6,"s:32:22:53:Infinity":7,"f:35:2:35:3":1,"s:36:2:52:Infinity":8,"s:54:0:54:Infinity":9,"s:56:21:66:Infinity":10,"f:56:21:56:22":2,"s:60:2:66:Infinity":11,"s:68:0:68:Infinity":12,"s:70:21:80:Infinity":13,"f:70:21:70:22":3,"s:74:2:80:Infinity":14,"s:82:0:82:Infinity":15,"s:84:20:96:Infinity":16,"f:87:2:87:3":4,"s:88:2:95:Infinity":17,"s:97:0:97:Infinity":18,"s:99:26:108:Infinity":19,"f:102:2:102:3":5,"s:103:2:107:Infinity":20,"s:109:0:109:Infinity":21}}}
,"/Users/vvssgowtham/Documents/FreelanceMarketPlace/frontend/src/components/ui/form.tsx": {"path":"/Users/vvssgowtham/Documents/FreelanceMarketPlace/frontend/src/components/ui/form.tsx","statementMap":{"0":{"start":{"line":18,"column":13},"end":{"line":18,"column":null}},"1":{"start":{"line":27,"column":25},"end":{"line":27,"column":null}},"2":{"start":{"line":29,"column":18},"end":{"line":40,"column":null}},"3":{"start":{"line":35,"column":2},"end":{"line":38,"column":null}},"4":{"start":{"line":42,"column":21},"end":{"line":67,"column":null}},"5":{"start":{"line":43,"column":23},"end":{"line":43,"column":null}},"6":{"start":{"line":44,"column":22},"end":{"line":44,"column":null}},"7":{"start":{"line":45,"column":35},"end":{"line":45,"column":null}},"8":{"start":{"line":47,"column":2},"end":{"line":49,"column":null}},"9":{"start":{"line":48,"column":4},"end":{"line":48,"column":null}},"10":{"start":{"line":51,"column":2},"end":{"line":53,"column":null}},"11":{"start":{"line":52,"column":4},"end":{"line":52,"column":null}},"12":{"start":{"line":55,"column":21},"end":{"line":55,"column":null}},"13":{"start":{"line":57,"column":17},"end":{"line":57,"column":null}},"14":{"start":{"line":59,"column":2},"end":{"line":66,"column":null}},"15":{"start":{"line":73,"column":24},"end":{"line":73,"column":null}},"16":{"start":{"line":75,"column":17},"end":{"line":86,"column":null}},"17":{"start":{"line":79,"column":13},"end":{"line":79,"column":null}},"18":{"start":{"line":81,"column":2},"end":{"line":84,"column":null}},"19":{"start":{"line":87,"column":0},"end":{"line":87,"column":null}},"20":{"start":{"line":89,"column":18},"end":{"line":103,"column":null}},"21":{"start":{"line":93,"column":32},"end":{"line":93,"column":null}},"22":{"start":{"line":95,"column":2},"end":{"line":101,"column":null}},"23":{"start":{"line":104,"column":0},"end":{"line":104,"column":null}},"24":{"start":{"line":106,"column":20},"end":{"line":125,"column":null}},"25":{"start":{"line":110,"column":66},"end":{"line":110,"column":null}},"26":{"start":{"line":112,"column":2},"end":{"line":123,"column":null}},"27":{"start":{"line":126,"column":0},"end":{"line":126,"column":null}},"28":{"start":{"line":128,"column":24},"end":{"line":142,"column":null}},"29":{"start":{"line":132,"column":32},"end":{"line":132,"column":null}},"30":{"start":{"line":134,"column":2},"end":{"line":140,"column":null}},"31":{"start":{"line":143,"column":0},"end":{"line":143,"column":null}},"32":{"start":{"line":145,"column":20},"end":{"line":166,"column":null}},"33":{"start":{"line":149,"column":35},"end":{"line":149,"column":null}},"34":{"start":{"line":150,"column":15},"end":{"line":150,"column":null}},"35":{"start":{"line":152,"column":2},"end":{"line":154,"column":null}},"36":{"start":{"line":153,"column":4},"end":{"line":153,"column":null}},"37":{"start":{"line":156,"column":2},"end":{"line":164,"column":null}},"38":{"start":{"line":167,"column":0},"end":{"line":167,"column":null}}},"fnMap":{"0":{"name":"(anonymous_0)","decl":{"start":{"line":29,"column":18},"end":{"line":29,"column":null}},"loc":{"start":{"line":34,"column":44},"end":{"line":40,"column":null}},"line":34},"1":{"name":"(anonymous_1)","decl":{"start":{"line":42,"column":21},"end":{"line":42,"column":27}},"loc":{"start":{"line":42,"column":27},"end":{"line":67,"column":null}},"line":42},"2":{"name":"(anonymous_2)","decl":{"start":{"line":78,"column":2},"end":{"line":78,"column":3}},"loc":{"start":{"line":78,"column":36},"end":{"line":86,"column":1}},"line":78},"3":{"name":"(anonymous_3)","decl":{"start":{"line":92,"column":2},"end":{"line":92,"column":3}},"loc":{"start":{"line":92,"column":36},"end":{"line":103,"column":1}},"line":92},"4":{"name":"(anonymous_4)","decl":{"start":{"line":109,"column":2},"end":{"line":109,"column":3}},"loc":{"start":{"line":109,"column":25},"end":{"line":125,"column":1}},"line":109},"5":{"name":"(anonymous_5)","decl":{"start":{"line":131,"column":2},"end":{"line":131,"column":3}},"loc":{"start":{"line":131,"column":36},"end":{"line":142,"column":1}},"line":131},"6":{"name":"(anonymous_6)","decl":{"start":{"line":148,"column":2},"end":{"line":148,"column":3}},"loc":{"start":{"line":148,"column":46},"end":{"line":166,"column":1}},"line":148}},"branchMap":{"0":{"loc":{"start":{"line":47,"column":2},"end":{"line":49,"column":null}},"type":"if","locations":[{"start":{"line":47,"column":2},"end":{"line":49,"column":null}},{"start":{},"end":{}}],"line":47},"1":{"loc":{"start":{"line":51,"column":2},"end":{"line":53,"column":null}},"type":"if","locations":[{"start":{"line":51,"column":2},"end":{"line":53,"column":null}},{"start":{},"end":{}}],"line":51},"2":{"loc":{"start":{"line":98,"column":20},"end":{"line":98,"column":49}},"type":"binary-expr","locations":[{"start":{"line":98,"column":20},"end":{"line":98,"column":29}},{"start":{"line":98,"column":29},"end":{"line":98,"column":49}}],"line":98},"3":{"loc":{"start":{"line":117,"column":8},"end":{"line":119,"column":null}},"type":"cond-expr","locations":[{"start":{"line":118,"column":12},"end":{"line":118,"column":null}},{"start":{"line":119,"column":12},"end":{"line":119,"column":null}}],"line":117},"4":{"loc":{"start":{"line":150,"column":15},"end":{"line":150,"column":null}},"type":"cond-expr","locations":[{"start":{"line":150,"column":23},"end":{"line":150,"column":54}},{"start":{"line":150,"column":54},"end":{"line":150,"column":null}}],"line":150},"5":{"loc":{"start":{"line":150,"column":30},"end":{"line":150,"column":50}},"type":"binary-expr","locations":[{"start":{"line":150,"column":30},"end":{"line":150,"column":48}},{"start":{"line":150,"column":48},"end":{"line":150,"column":50}}],"line":150},"6":{"loc":{"start":{"line":152,"column":2},"end":{"line":154,"column":null}},"type":"if","locations":[{"start":{"line":152,"column":2},"end":{"line":154,"column":null}},{"start":{},"end":{}}],"line":152}},"s":{"0":1,"1":1,"2":1,"3":68,"4":1,"5":399,"6":399,"7":399,"8":399,"9":0,"10":399,"11":0,"12":399,"13":399,"14":399,"15":1,"16":1,"17":133,"18":133,"19":1,"20":1,"21":133,"22":133,"23":1,"24":1,"25":133,"26":133,"27":1,"28":1,"29":0,"30":0,"31":1,"32":1,"33":133,"34":133,"35":133,"36":130,"37":3,"38":1},"f":{"0":68,"1":399,"2":133,"3":133,"4":133,"5":0,"6":133},"b":{"0":[0,399],"1":[0,399],"2":[133,3],"3":[130,3],"4":[3,130],"5":[3,0],"6":[130,3]},"meta":{"lastBranch":7,"lastFunction":7,"lastStatement":39,"seen":{"s:18:13:18:Infinity":0,"s:27:25:27:Infinity":1,"s:29:18:40:Infinity":2,"f:29:18:29:Infinity":0,"s:35:2:38:Infinity":3,"s:42:21:67:Infinity":4,"f:42:21:42:27":1,"s:43:23:43:Infinity":5,"s:44:22:44:Infinity":6,"s:45:35:45:Infinity":7,"b:47:2:49:Infinity:undefined:undefined:undefined:undefined":0,"s:47:2:49:Infinity":8,"s:48:4:48:Infinity":9,"b:51:2:53:Infinity:undefined:undefined:undefined:undefined":1,"s:51:2:53:Infinity":10,"s:52:4:52:Infinity":11,"s:55:21:55:Infinity":12,"s:57:17:57:Infinity":13,"s:59:2:66:Infinity":14,"s:73:24:73:Infinity":15,"s:75:17:86:Infinity":16,"f:78:2:78:3":2,"s:79:13:79:Infinity":17,"s:81:2:84:Infinity":18,"s:87:0:87:Infinity":19,"s:89:18:103:Infinity":20,"f:92:2:92:3":3,"s:93:32:93:Infinity":21,"s:95:2:101:Infinity":22,"b:98:20:98:29:98:29:98:49":2,"s:104:0:104:Infinity":23,"s:106:20:125:Infinity":24,"f:109:2:109:3":4,"s:110:66:110:Infinity":25,"s:112:2:123:Infinity":26,"b:118:12:118:Infinity:119:12:119:Infinity":3,"s:126:0:126:Infinity":27,"s:128:24:142:Infinity":28,"f:131:2:131:3":5,"s:132:32:132:Infinity":29,"s:134:2:140:Infinity":30,"s:143:0:143:Infinity":31,"s:145:20:166:Infinity":32,"f:148:2:148:3":6,"s:149:35:149:Infinity":33,"s:150:15:150:Infinity":34,"b:150:23:150:54:150:54:150:Infinity":4,"b:150:30:150:48:150:48:150:50":5,"b:152:2:154:Infinity:undefined:undefined:undefined:undefined":6,"s:152:2:154:Infinity":35,"s:153:4:153:Infinity":36,"s:156:2:164:Infinity":37,"s:167:0:167:Infinity":38}}}
,"/Users/vvssgowtham/Documents/FreelanceMarketPlace/frontend/src/components/ui/input.tsx": {"path":"/Users/vvssgowtham/Documents/FreelanceMarketPlace/frontend/src/components/ui/input.tsx","statementMap":{"0":{"start":{"line":5,"column":14},"end":{"line":19,"column":null}},"1":{"start":{"line":7,"column":4},"end":{"line":16,"column":null}},"2":{"start":{"line":20,"column":0},"end":{"line":20,"column":null}}},"fnMap":{"0":{"name":"(anonymous_0)","decl":{"start":{"line":6,"column":2},"end":{"line":6,"column":3}},"loc":{"start":{"line":6,"column":42},"end":{"line":18,"column":null}},"line":6}},"branchMap":{},"s":{"0":9,"1":742,"2":9},"f":{"0":742},"b":{},"meta":{"lastBranch":0,"lastFunction":1,"lastStatement":3,"seen":{"s:5:14:19:Infinity":0,"f:6:2:6:3":0,"s:7:4:16:Infinity":1,"s:20:0:20:Infinity":2}}}
,"/Users/vvssgowtham/Documents/FreelanceMarketPlace/frontend/src/components/ui/label.tsx": {"path":"/Users/vvssgowtham/Documents/FreelanceMarketPlace/frontend/src/components/ui/label.tsx","statementMap":{"0":{"start":{"line":7,"column":6},"end":{"line":9,"column":null}},"1":{"start":{"line":11,"column":14},"end":{"line":21,"column":null}},"2":{"start":{"line":16,"column":2},"end":{"line":20,"column":null}},"3":{"start":{"line":22,"column":0},"end":{"line":22,"column":null}}},"fnMap":{"0":{"name":"(anonymous_0)","decl":{"start":{"line":15,"column":2},"end":{"line":15,"column":3}},"loc":{"start":{"line":16,"column":2},"end":{"line":20,"column":null}},"line":16}},"branchMap":{},"s":{"0":2,"1":2,"2":139,"3":2},"f":{"0":139},"b":{},"meta":{"lastBranch":0,"lastFunction":1,"lastStatement":4,"seen":{"s:7:6:9:Infinity":0,"s:11:14:21:Infinity":1,"f:15:2:15:3":0,"s:16:2:20:Infinity":2,"s:22:0:22:Infinity":3}}}
,"/Users/vvssgowtham/Documents/FreelanceMarketPlace/frontend/src/components/ui/textarea.tsx": {"path":"/Users/vvssgowtham/Documents/FreelanceMarketPlace/frontend/src/components/ui/textarea.tsx","statementMap":{"0":{"start":{"line":6,"column":17},"end":{"line":21,"column":null}},"1":{"start":{"line":8,"column":4},"end":{"line":18,"column":null}},"2":{"start":{"line":22,"column":0},"end":{"line":22,"column":null}}},"fnMap":{"0":{"name":"(anonymous_0)","decl":{"start":{"line":7,"column":2},"end":{"line":7,"column":3}},"loc":{"start":{"line":7,"column":36},"end":{"line":20,"column":null}},"line":7}},"branchMap":{},"s":{"0":3,"1":189,"2":3},"f":{"0":189},"b":{},"meta":{"lastBranch":0,"lastFunction":1,"lastStatement":3,"seen":{"s:6:17:21:Infinity":0,"f:7:2:7:3":0,"s:8:4:18:Infinity":1,"s:22:0:22:Infinity":2}}}
,"/Users/vvssgowtham/Documents/FreelanceMarketPlace/frontend/src/components/ui/tooltip.tsx": {"path":"/Users/vvssgowtham/Documents/FreelanceMarketPlace/frontend/src/components/ui/tooltip.tsx","statementMap":{"0":{"start":{"line":8,"column":24},"end":{"line":8,"column":null}},"1":{"start":{"line":10,"column":16},"end":{"line":10,"column":null}},"2":{"start":{"line":12,"column":23},"end":{"line":12,"column":null}},"3":{"start":{"line":14,"column":23},"end":{"line":27,"column":null}},"4":{"start":{"line":18,"column":2},"end":{"line":26,"column":null}},"5":{"start":{"line":28,"column":0},"end":{"line":28,"column":null}}},"fnMap":{"0":{"name":"(anonymous_0)","decl":{"start":{"line":17,"column":2},"end":{"line":17,"column":3}},"loc":{"start":{"line":18,"column":2},"end":{"line":26,"column":null}},"line":18}},"branchMap":{"0":{"loc":{"start":{"line":17,"column":16},"end":{"line":17,"column":32}},"type":"default-arg","locations":[{"start":{"line":17,"column":29},"end":{"line":17,"column":32}}],"line":17}},"s":{"0":1,"1":1,"2":1,"3":1,"4":8,"5":1},"f":{"0":8},"b":{"0":[8]},"meta":{"lastBranch":1,"lastFunction":1,"lastStatement":6,"seen":{"s:8:24:8:Infinity":0,"s:10:16:10:Infinity":1,"s:12:23:12:Infinity":2,"s:14:23:27:Infinity":3,"f:17:2:17:3":0,"s:18:2:26:Infinity":4,"b:17:29:17:32":0,"s:28:0:28:Infinity":5}}}
,"/Users/vvssgowtham/Documents/FreelanceMarketPlace/frontend/src/components/ui/use-toast.ts": {"path":"/Users/vvssgowtham/Documents/FreelanceMarketPlace/frontend/src/components/ui/use-toast.ts","statementMap":{"0":{"start":{"line":8,"column":20},"end":{"line":8,"column":null}},"1":{"start":{"line":9,"column":27},"end":{"line":9,"column":null}},"2":{"start":{"line":18,"column":20},"end":{"line":23,"column":null}},"3":{"start":{"line":25,"column":12},"end":{"line":25,"column":null}},"4":{"start":{"line":28,"column":2},"end":{"line":28,"column":null}},"5":{"start":{"line":29,"column":2},"end":{"line":29,"column":null}},"6":{"start":{"line":56,"column":22},"end":{"line":56,"column":null}},"7":{"start":{"line":58,"column":25},"end":{"line":72,"column":null}},"8":{"start":{"line":59,"column":2},"end":{"line":61,"column":null}},"9":{"start":{"line":60,"column":4},"end":{"line":60,"column":null}},"10":{"start":{"line":63,"column":18},"end":{"line":69,"column":null}},"11":{"start":{"line":64,"column":4},"end":{"line":64,"column":null}},"12":{"start":{"line":65,"column":4},"end":{"line":68,"column":null}},"13":{"start":{"line":71,"column":2},"end":{"line":71,"column":null}},"14":{"start":{"line":74,"column":23},"end":{"line":127,"column":null}},"15":{"start":{"line":75,"column":2},"end":{"line":126,"column":null}},"16":{"start":{"line":77,"column":6},"end":{"line":80,"column":null}},"17":{"start":{"line":83,"column":6},"end":{"line":88,"column":null}},"18":{"start":{"line":86,"column":10},"end":{"line":86,"column":null}},"19":{"start":{"line":91,"column":26},"end":{"line":91,"column":null}},"20":{"start":{"line":95,"column":6},"end":{"line":101,"column":null}},"21":{"start":{"line":96,"column":8},"end":{"line":96,"column":null}},"22":{"start":{"line":98,"column":8},"end":{"line":100,"column":null}},"23":{"start":{"line":99,"column":10},"end":{"line":99,"column":null}},"24":{"start":{"line":103,"column":6},"end":{"line":113,"column":null}},"25":{"start":{"line":106,"column":10},"end":{"line":111,"column":null}},"26":{"start":{"line":116,"column":6},"end":{"line":121,"column":null}},"27":{"start":{"line":117,"column":8},"end":{"line":120,"column":null}},"28":{"start":{"line":122,"column":6},"end":{"line":125,"column":null}},"29":{"start":{"line":124,"column":43},"end":{"line":124,"column":66}},"30":{"start":{"line":129,"column":49},"end":{"line":129,"column":null}},"31":{"start":{"line":131,"column":25},"end":{"line":131,"column":null}},"32":{"start":{"line":134,"column":2},"end":{"line":134,"column":null}},"33":{"start":{"line":135,"column":2},"end":{"line":135,"column":null}},"34":{"start":{"line":135,"column":34},"end":{"line":135,"column":55}},"35":{"start":{"line":141,"column":13},"end":{"line":141,"column":null}},"36":{"start":{"line":143,"column":17},"end":{"line":147,"column":null}},"37":{"start":{"line":144,"column":4},"end":{"line":147,"column":null}},"38":{"start":{"line":148,"column":18},"end":{"line":148,"column":null}},"39":{"start":{"line":148,"column":24},"end":{"line":148,"column":null}},"40":{"start":{"line":150,"column":2},"end":{"line":160,"column":null}},"41":{"start":{"line":157,"column":8},"end":{"line":157,"column":null}},"42":{"start":{"line":157,"column":19},"end":{"line":157,"column":null}},"43":{"start":{"line":162,"column":2},"end":{"line":166,"column":null}},"44":{"start":{"line":170,"column":28},"end":{"line":170,"column":null}},"45":{"start":{"line":172,"column":2},"end":{"line":180,"column":null}},"46":{"start":{"line":173,"column":4},"end":{"line":173,"column":null}},"47":{"start":{"line":174,"column":4},"end":{"line":179,"column":null}},"48":{"start":{"line":175,"column":20},"end":{"line":175,"column":null}},"49":{"start":{"line":176,"column":6},"end":{"line":178,"column":null}},"50":{"start":{"line":177,"column":8},"end":{"line":177,"column":null}},"51":{"start":{"line":182,"column":2},"end":{"line":186,"column":null}},"52":{"start":{"line":185,"column":35},"end":{"line":185,"column":null}}},"fnMap":{"0":{"name":"genId","decl":{"start":{"line":27,"column":9},"end":{"line":27,"column":17}},"loc":{"start":{"line":27,"column":17},"end":{"line":30,"column":null}},"line":27},"1":{"name":"(anonymous_1)","decl":{"start":{"line":58,"column":25},"end":{"line":58,"column":26}},"loc":{"start":{"line":58,"column":46},"end":{"line":72,"column":null}},"line":58},"2":{"name":"(anonymous_2)","decl":{"start":{"line":63,"column":29},"end":{"line":63,"column":35}},"loc":{"start":{"line":63,"column":35},"end":{"line":69,"column":5}},"line":63},"3":{"name":"(anonymous_3)","decl":{"start":{"line":74,"column":23},"end":{"line":74,"column":24}},"loc":{"start":{"line":74,"column":64},"end":{"line":127,"column":null}},"line":74},"4":{"name":"(anonymous_4)","decl":{"start":{"line":85,"column":33},"end":{"line":85,"column":34}},"loc":{"start":{"line":86,"column":10},"end":{"line":86,"column":null}},"line":86},"5":{"name":"(anonymous_5)","decl":{"start":{"line":98,"column":29},"end":{"line":98,"column":30}},"loc":{"start":{"line":98,"column":40},"end":{"line":100,"column":9}},"line":98},"6":{"name":"(anonymous_6)","decl":{"start":{"line":105,"column":33},"end":{"line":105,"column":34}},"loc":{"start":{"line":106,"column":10},"end":{"line":111,"column":null}},"line":106},"7":{"name":"(anonymous_7)","decl":{"start":{"line":124,"column":36},"end":{"line":124,"column":37}},"loc":{"start":{"line":124,"column":43},"end":{"line":124,"column":66}},"line":124},"8":{"name":"dispatch","decl":{"start":{"line":133,"column":9},"end":{"line":133,"column":18}},"loc":{"start":{"line":133,"column":34},"end":{"line":136,"column":null}},"line":133},"9":{"name":"(anonymous_9)","decl":{"start":{"line":135,"column":20},"end":{"line":135,"column":21}},"loc":{"start":{"line":135,"column":34},"end":{"line":135,"column":55}},"line":135},"10":{"name":"toast","decl":{"start":{"line":140,"column":9},"end":{"line":140,"column":15}},"loc":{"start":{"line":140,"column":36},"end":{"line":167,"column":null}},"line":140},"11":{"name":"(anonymous_11)","decl":{"start":{"line":143,"column":17},"end":{"line":143,"column":18}},"loc":{"start":{"line":144,"column":4},"end":{"line":147,"column":null}},"line":144},"12":{"name":"(anonymous_12)","decl":{"start":{"line":148,"column":18},"end":{"line":148,"column":24}},"loc":{"start":{"line":148,"column":24},"end":{"line":148,"column":null}},"line":148},"13":{"name":"(anonymous_13)","decl":{"start":{"line":156,"column":20},"end":{"line":156,"column":21}},"loc":{"start":{"line":156,"column":30},"end":{"line":158,"column":null}},"line":156},"14":{"name":"useToast","decl":{"start":{"line":169,"column":9},"end":{"line":169,"column":20}},"loc":{"start":{"line":169,"column":20},"end":{"line":187,"column":null}},"line":169},"15":{"name":"(anonymous_15)","decl":{"start":{"line":172,"column":18},"end":{"line":172,"column":24}},"loc":{"start":{"line":172,"column":24},"end":{"line":180,"column":5}},"line":172},"16":{"name":"(anonymous_16)","decl":{"start":{"line":174,"column":11},"end":{"line":174,"column":17}},"loc":{"start":{"line":174,"column":17},"end":{"line":179,"column":null}},"line":174},"17":{"name":"(anonymous_17)","decl":{"start":{"line":185,"column":13},"end":{"line":185,"column":14}},"loc":{"start":{"line":185,"column":35},"end":{"line":185,"column":null}},"line":185}},"branchMap":{"0":{"loc":{"start":{"line":59,"column":2},"end":{"line":61,"column":null}},"type":"if","locations":[{"start":{"line":59,"column":2},"end":{"line":61,"column":null}},{"start":{},"end":{}}],"line":59},"1":{"loc":{"start":{"line":75,"column":2},"end":{"line":126,"column":null}},"type":"switch","locations":[{"start":{"line":76,"column":4},"end":{"line":80,"column":null}},{"start":{"line":82,"column":4},"end":{"line":88,"column":null}},{"start":{"line":90,"column":4},"end":{"line":114,"column":null}},{"start":{"line":115,"column":4},"end":{"line":125,"column":null}}],"line":75},"2":{"loc":{"start":{"line":86,"column":10},"end":{"line":86,"column":null}},"type":"cond-expr","locations":[{"start":{"line":86,"column":37},"end":{"line":86,"column":65}},{"start":{"line":86,"column":65},"end":{"line":86,"column":null}}],"line":86},"3":{"loc":{"start":{"line":95,"column":6},"end":{"line":101,"column":null}},"type":"if","locations":[{"start":{"line":95,"column":6},"end":{"line":101,"column"
[...]
12":{"start":{"line":52,"column":24},"end":{"line":76,"column":null}},"13":{"start":{"line":61,"column":28},"end":{"line":61,"column":null}},"14":{"start":{"line":63,"column":2},"end":{"line":74,"column":null}},"15":{"start":{"line":78,"column":16},"end":{"line":904,"column":null}},"16":{"start":{"line":79,"column":38},"end":{"line":81,"column":null}},"17":{"start":{"line":82,"column":28},"end":{"line":82,"column":null}},"18":{"start":{"line":84,"column":16},"end":{"line":153,"column":null}},"19":{"start":{"line":155,"column":29},"end":{"line":186,"column":null}},"20":{"start":{"line":188,"column":23},"end":{"line":213,"column":null}},"21":{"start":{"line":215,"column":15},"end":{"line":246,"column":null}},"22":{"start":{"line":248,"column":19},"end":{"line":250,"column":null}},"23":{"start":{"line":249,"column":4},"end":{"line":249,"column":null}},"24":{"start":{"line":252,"column":21},"end":{"line":256,"column":null}},"25":{"start":{"line":253,"column":4},"end":{"line":253,"column":null}},"26":{"start":{"line":253,"column":33},"end":{"line":253,"column":null}},"27":{"start":{"line":254,"column":29},"end":{"line":254,"column":null}},"28":{"start":{"line":255,"column":4},"end":{"line":255,"column":null}},"29":{"start":{"line":258,"column":2},"end":{"line":902,"column":null}},"30":{"start":{"line":355,"column":31},"end":{"line":355,"column":null}},"31":{"start":{"line":366,"column":31},"end":{"line":366,"column":null}},"32":{"start":{"line":389,"column":14},"end":{"line":500,"column":null}},"33":{"start":{"line":463,"column":22},"end":{"line":485,"column":null}},"34":{"start":{"line":548,"column":20},"end":{"line":591,"column":null}},"35":{"start":{"line":672,"column":14},"end":{"line":711,"column":null}},"36":{"start":{"line":737,"column":14},"end":{"line":772,"column":null}},"37":{"start":{"line":740,"column":35},"end":{"line":740,"column":null}},"38":{"start":{"line":842,"column":18},"end":{"line":848,"column":null}},"39":{"start":{"line":873,"column":14},"end":{"line":887,"column":null}},"40":{"start":{"line":877,"column":20},"end":{"line":884,"column":null}}},"fnMap":{"0":{"name":"(anonymous_0)","decl":{"start":{"line":27,"column":18},"end":{"line":27,"column":19}},"loc":{"start":{"line":27,"column":36},"end":{"line":49,"column":null}},"line":27},"1":{"name":"(anonymous_1)","decl":{"start":{"line":31,"column":12},"end":{"line":31,"column":18}},"loc":{"start":{"line":31,"column":18},"end":{"line":46,"column":5}},"line":31},"2":{"name":"(anonymous_2)","decl":{"start":{"line":33,"column":6},"end":{"line":33,"column":7}},"loc":{"start":{"line":33,"column":19},"end":{"line":37,"column":null}},"line":33},"3":{"name":"(anonymous_3)","decl":{"start":{"line":45,"column":11},"end":{"line":45,"column":17}},"loc":{"start":{"line":45,"column":17},"end":{"line":45,"column":null}},"line":45},"4":{"name":"(anonymous_4)","decl":{"start":{"line":52,"column":24},"end":{"line":52,"column":25}},"loc":{"start":{"line":60,"column":6},"end":{"line":76,"column":null}},"line":60},"5":{"name":"(anonymous_5)","decl":{"start":{"line":78,"column":16},"end":{"line":78,"column":22}},"loc":{"start":{"line":78,"column":22},"end":{"line":904,"column":null}},"line":78},"6":{"name":"(anonymous_6)","decl":{"start":{"line":248,"column":19},"end":{"line":248,"column":20}},"loc":{"start":{"line":248,"column":48},"end":{"line":250,"column":null}},"line":248},"7":{"name":"(anonymous_7)","decl":{"start":{"line":252,"column":21},"end":{"line":252,"column":22}},"loc":{"start":{"line":252,"column":50},"end":{"line":256,"column":null}},"line":252},"8":{"name":"(anonymous_8)","decl":{"start":{"line":355,"column":25},"end":{"line":355,"column":31}},"loc":{"start":{"line":355,"column":31},"end":{"line":355,"column":null}},"line":355},"9":{"name":"(anonymous_9)","decl":{"start":{"line":366,"column":25},"end":{"line":366,"column":31}},"loc":{"start":{"line":366,"column":31},"end":{"line":366,"column":null}},"line":366},"10":{"name":"(anonymous_10)","decl":{"start":{"line":388,"column":23},"end":{"line":388,"column":24}},"loc":{"start":{"line":389,"column":14},"end":{"line":500,"column":null}},"line":389},"11":{"name":"(anonymous_11)","decl":{"start":{"line":462,"column":39},"end":{"line":462,"column":40}},"loc":{"start":{"line":463,"column":22},"end":{"line":485,"column":null}},"line":463},"12":{"name":"(anonymous_12)","decl":{"start":{"line":547,"column":42},"end":{"line":547,"column":43}},"loc":{"start":{"line":548,"column":20},"end":{"line":591,"column":null}},"line":548},"13":{"name":"(anonymous_13)","decl":{"start":{"line":671,"column":30},"end":{"line":671,"column":31}},"loc":{"start":{"line":672,"column":14},"end":{"line":711,"column":null}},"line":672},"14":{"name":"(anonymous_14)","decl":{"start":{"line":736,"column":22},"end":{"line":736,"column":23}},"loc":{"start":{"line":737,"column":14},"end":{"line":772,"column":null}},"line":737},"15":{"name":"(anonymous_15)","decl":{"start":{"line":740,"column":29},"end":{"line":740,"column":35}},"loc":{"start":{"line":740,"column":35},"end":{"line":740,"column":null}},"line":740},"16":{"name":"(anonymous_16)","decl":{"start":{"line":841,"column":41},"end":{"line":841,"column":42}},"loc":{"start":{"line":842,"column":18},"end":{"line":848,"column":null}},"line":842},"17":{"name":"(anonymous_17)","decl":{"start":{"line":872,"column":18},"end":{"line":872,"column":19}},"loc":{"start":{"line":873,"column":14},"end":{"line":887,"column":null}},"line":873},"18":{"name":"(anonymous_18)","decl":{"start":{"line":876,"column":37},"end":{"line":876,"column":38}},"loc":{"start":{"line":877,"column":20},"end":{"line":884,"column":null}},"line":877}},"branchMap":{"0":{"loc":{"start":{"line":27,"column":19},"end":{"line":27,"column":36}},"type":"default-arg","locations":[{"start":{"line":27,"column":29},"end":{"line":27,"column":36}}],"line":27},"1":{"loc":{"start":{"line":34,"column":8},"end":{"line":36,"column":null}},"type":"if","locations":[{"start":{"line":34,"column":8},"end":{"line":36,"column":null}},{"start":{},"end":{}}],"line":34},"2":{"loc":{"start":{"line":41,"column":4},"end":{"line":43,"column":null}},"type":"if","locations":[{"start":{"line":41,"column":4},"end":{"line":43,"column":null}},{"start":{},"end":{}}],"line":41},"3":{"loc":{"start":{"line":54,"column":2},"end":{"line":54,"column":null}},"type":"default-arg","locations":[{"start":{"line":54,"column":14},"end":{"line":54,"column":null}}],"line":54},"4":{"loc":{"start":{"line":55,"column":2},"end":{"line":55,"column":null}},"type":"default-arg","locations":[{"start":{"line":55,"column":10},"end":{"line":55,"column":null}}],"line":55},"5":{"loc":{"start":{"line":68,"column":8},"end":{"line":68,"column":null}},"type":"cond-expr","locations":[{"start":{"line":68,"column":19},"end":{"line":68,"column":49}},{"start":{"line":68,"column":49},"end":{"line":68,"column":null}}],"line":68},"6":{"loc":{"start":{"line":249,"column":11},"end":{"line":249,"column":null}},"type":"cond-expr","locations":[{"start":{"line":249,"column":40},"end":{"line":249,"column":60}},{"start":{"line":249,"column":60},"end":{"line":249,"column":null}}],"line":249},"7":{"loc":{"start":{"line":253,"column":4},"end":{"line":253,"column":null}},"type":"if","locations":[{"start":{"line":253,"column":4},"end":{"line":253,"column":null}},{"start":{},"end":{}}],"line":253},"8":{"loc":{"start":{"line":358,"column":18},"end":{"line":360,"column":null}},"type":"cond-expr","locations":[{"start":{"line":359,"column":22},"end":{"line":359,"column":null}},{"start":{"line":360,"column":22},"end":{"line":360,"column":null}}],"line":358},"9":{"loc":{"start":{"line":369,"column":18},"end":{"line":371,"column":null}},"type":"cond-expr","locations":[{"start":{"line":370,"column":22},"end":{"line":370,"column":null}},{"start":{"line":371,"column":22},"end":{"line":371,"column":null}}],"line":369},"10":{"loc":{"start":{"line":393,"column":20},"end":{"line":395,"column":null}},"type":"cond-expr","locations":[{"start":{"line":394,"column":24},"end":{"line":394,"column":null}},{"start":{"line":395,"column":24},"end":{"line":395,"column":null}}],"line":393},"11":{"loc":{"start":{"line":400,"column":19},"end":{"line":410,"column":null}},"type":"binary-expr","locations":[{"start":{"line":400,"column":19},"end":{"line":400,"column":null}},{"start":{"line":401,"column":20},"end":{"line":410,"column":null}}],"line":400},"12":{"loc":{"start":{"line":417,"column":22},"end":{"line":421,"column":null}},"type":"cond-expr","locations":[{"start":{"line":418,"column":26},"end":{"line":418,"column":null}},{"start":{"line":419,"column":26},"end":{"line":421,"column":null}}],"line":417},"13":{"loc":{"start":{"line":419,"column":26},"end":{"line":421,"column":null}},"type":"cond-expr","locations":[{"start":{"line":420,"column":28},"end":{"line":420,"column":null}},{"start":{"line":421,"column":28},"end":{"line":421,"column":null}}],"line":419},"14":{"loc":{"start":{"line":424,"column":21},"end":{"line":425,"column":null}},"type":"binary-expr","locations":[{"start":{"line":424,"column":21},"end":{"line":424,"column":null}},{"start":{"line":425,"column":22},"end":{"line":425,"column":null}}],"line":424},"15":{"loc":{"start":{"line":427,"column":21},"end":{"line":428,"column":null}},"type":"binary-expr","locations":[{"start":{"line":427,"column":21},"end":{"line":427,"column":null}},{"start":{"line":428,"column":22},"end":{"line":428,"column":null}}],"line":427},"16":{"loc":{"start":{"line":430,"column":21},"end":{"line":431,"column":null}},"type":"binary-expr","locations":[{"start":{"line":430,"column":21},"end":{"line":430,"column":null}},{"start":{"line":431,"column":22},"end":{"line":431,"column":null}}],"line":430},"17":{"loc":{"start":{"line":450,"column":26},"end":{"line":450,"column":null}},"type":"cond-expr","locations":[{"start":{"line":450,"column":55},"end":{"line":450,"column":65}},{"start":{"line":450,"column":65},"end":{"line":450,"column":null}}],"line":450},"18":{"loc":{"start":{"line":453,"column":21},"end":{"line":456,"column":null}},"type":"binary-expr","locations":[{"start":{"line":453,"column":21},"end":{"line":453,"column":50}},{"start":{"line":453,"column":50},"end":{"line":453,"column":null}},{"start":{"line":454,"column":22},"end":{"line":456,"column":null}}],"line":453},"19":{"loc":{"start":{"line":464,"column":25},"end":{"line":473,"column":null}},"type":"cond-expr","locations":[{"start":{"line":465,"column":26},"end":{"line":468,"column":null}},{"start":{"line":470,"column":26},"end":{"line":473,"column":null}}],"line":464},"20":{"loc":{"start":{"line":478,"column":28},"end":{"line":480,"column":null}},"type":"cond-expr","locations":[{"start":{"line":479,"column":32},"end":{"line":479,"column":null}},{"start":{"line":480,"column":32},"end":{"line":480,"column":null}}],"line":478},"21":{"loc":{"start":{"line":553,"column":25},"end":{"line":562,"column":null}},"type":"cond-expr","locations":[{"start":{"line":554,"column":26},"end":{"line":557,"column":null}},{"start":{"line":560,"column":26},"end":{"line":562,"column":null}}],"line":553},"22":{"loc":{"start":{"line":554,"column":26},"end":{"line":557,"column":null}},"type":"cond-expr","locations":[{"start":{"line":555,"column":28},"end":{"line":555,"column":null}},{"start":{"line":557,"column":28},"end":{"line":557,"column":null}}],"line":554},"23":{"loc":{"start":{"line":566,"column":25},"end":{"line":575,"column":null}},"type":"cond-expr","locations":[{"start":{"line":567,"column":26},"end":{"line":570,"column":null}},{"start":{"line":573,"column":26},"end":{"line":575,"column":null}}],"line":566},"24":{"loc":{"start":{"line":567,"column":26},"end":{"line":570,"column":null}},"type":"cond-expr","locations":[{"start":{"line":568,"column":28},"end":{"line":568,"column":null}},{"start":{"line":570,"column":28},"end":{"line":570,"column":null}}],"line":567},"25":{"loc":{"start":{"line":579,"column":25},"end":{"line":588,"column":null}},"type":"cond-expr","locations":[{"start":{"line":580,"column":26},"end":{"line":583,"column":null}},{"start":{"line":586,"column":26},"end":{"line":588,"column":null}}],"line":579},"26":{"loc":{"start":{"line":580,"column":26},"end":{"line":583,"column":null}},"type":"cond-expr","locations":[{"start":{"line":581,"column":28},"end":{"line":581,"column":null}},{"start":{"line":583,"column":28},"end":{"line":583,"column":null}}],"line":580},"27":{"loc":{"start":{"line":678,"column":22},"end":{"line":680,"column":null}},"type":"cond-expr","locations":[{"start":{"line":679,"column":26},"end":{"line":679,"column":null}},{"start":{"line":680,"column":26},"end":{"line":680,"column":null}}],"line":678},"28":{"loc":{"start":{"line":683,"column":21},"end":{"line":686,"column":null}},"type":"cond-expr","locations":[{"start":{"line":684,"column":22},"end":{"line":684,"column":null}},{"start":{"line":686,"column":22},"end":{"line":686,"column":null}}],"line":683},"29":{"loc":{"start":{"line":740,"column":46},"end":{"line":740,"column":74}},"type":"cond-expr","locations":[{"start":{"line":740,"column":64},"end":{"line":740,"column":71}},{"start":{"line":740,"column":71},"end":{"line":740,"column":74}}],"line":740},"30":{"loc":{"start":{"line":743,"column":22},"end":{"line":745,"column":null}},"type":"cond-expr","locations":[{"start":{"line":744,"column":26},"end":{"line":744,"column":null}},{"start":{"line":745,"column":26},"end":{"line":745,"column":null}}],"line":743},"31":{"loc":{"start":{"line":755,"column":24},"end":{"line":755,"column":null}},"type":"cond-expr","locations":[{"start":{"line":755,"column":42},"end":{"line":755,"column":67}},{"start":{"line":755,"column":67},"end":{"line":755,"column":null}}],"line":755},"32":{"loc":{"start":{"line":762,"column":22},"end":{"line":764,"column":null}},"type":"cond-expr","locations":[{"start":{"line":763,"column":26},"end":{"line":763,"column":null}},{"start":{"line":764,"column":26},"end":{"line":764,"column":null}}],"line":762}},"s":{"0":1,"1":437,"2":437,"3":437,"4":380,"5":0,"6":0,"7":380,"8":380,"9":380,"10":380,"11":437,"12":1,"13":437,"14":437,"15":1,"16":23,"17":23,"18":23,"19":23,"20":23,"21":23,"22":23,"23":69,"24":23,"25":10,"26":2,"27":8,"28":8,"29":23,"30":0,"31":2,"32":69,"33":552,"34":230,"35":69,"36":138,"37":1,"38":46,"39":69,"40":276},"f":{"0":437,"1":380,"2":0,"3":380,"4":437,"5":23,"6":69,"7":10,"8":0,"9":2,"10":69,"11":552,"12":230,"13":69,"14":138,"15":1,"16":46,"17":69,"18":276},"b":{"0":[437],"1":[0,0],"2":[380,0],"3":[437],"4":[437],"5":[0,437],"6":[63,6],"7":[2,8],"8":[21,2],"9":[2,21],"10":[23,46],"11":[69,46],"12":[23,46],"13":[23,23],"14":[69,23],"15":[69,23],"16":[69,23],"17":[63,6],"18":[69,6,4],"19":[437,115],"20":[437,115],"21":[184,46],"22":[0,184],"23":[138,92],"24":[69,69],"25":[138,92],"26":[138,0],"27":[46,23],"28":[46,23],"29":[1,0],"30":[22,116],"31":[22,116],"32":[22,116]},"meta":{"lastBranch":33,"lastFunction":19,"lastStatement":41,"seen":{"s:27:18:49:Infinity":0,"f:27:18:27:19":0,"b:27:29:27:36":0,"s:28:8:28:Infinity":1,"s:29:30:29:Infinity":2,"s:31:2:46:Infinity":3,"f:31:12:31:18":1,"s:32:21:39:Infinity":4,"f:33:6:33:7":2,"b:34:8:36:Infinity:undefined:undefined:undefined:undefined":1,"s:34:8:36:Infinity":5,"s:35:10:35:Infinity":6,"b:41:4:43:Infinity:undefined:undefined:undefined:undefined":2,"s:41:4:43:Infinity":7,"s:42:6:42:Infinity":8,"s:45:4:45:Infinity":9,"f:45:11:45:17":3,"s:45:17:45:Infinity":10,"s:48:2:48:Infinity":11,"s:52:24:76:Infinity":12,"f:52:24:52:25":4,"b:54:14:54:Infinity":3,"b:55:10:55:Infinity":4,"s:61:28:61:Infinity":13,"s:63:2:74:Infinity":14,"b:68:19:68:49:68:49:68:Infinity":5,"s:78:16:904:Infinity":15,"f:78:16:78:22":5,"s:79:38:81:Infinity":16,"s:82:28:82:Infinity":17,"s:84:16:153:Infinity":18,"s:155:29:186:Infinity":19,"s:188:23:213:Infinity":20,"s:215:15:246:Infinity":21,"s:248:19:250:Infinity":22,"f:248:19:248:20":6,"s:249:4:249:Infinity":23,"b:249:40:249:60:249:60:249:Infinity":6,"s:252:21:256:Infinity":24,"f:252:21:252:22":7,"b:253:4:253:Infinity:undefined:undefined:undefined:undefined":7,"s:253:4:253:Infinity":25,"s:253:33:253:Infinity":26,"s:254:29:254:Infinity":27,"s:255:4:255:Infinity":28,"s:258:2:902:Infinity":29,"f:355:25:355:31":8,"s:355:31:355:Infinity":30,"b:359:22:359:Infinity:360:22:360:Infinity":8,"f:366:25:366:31":9,"s:366:31:366:Infinity":31,"b:370:22:370:Infinity:371:22:371:Infinity":9,"f:388:23:388:24":10,"s:389:14:500:Infinity":32,"b:394:24:394:Infinity:395:24:395:Infinity":10,"b:400:19:400:Infinity:401:20:410:Infinity":11,"b:418:26:418:Infinity:419:26:421:Infinity":12,"b:420:28:420:Infinity:421:28:421:Infinity":13,"b:424:21:424:Infinity:425:22:425:Infinity":14,"b:427:21:427:Infinity:428:22:428:Infinity":15,"b:430:21:430:Infinity:431:22:431:Infinity":16,"b:450:55:450:65:450:65:450:Infinity":17,"b:453:21:453:50:453:50:453:Infinity:454:22:456:Infinity":18,"f:462:39:462:40":11,"s:463:22:485:Infinity":33,"b:465:26:468:Infinity:470:26:473:Infinity":19,"b:479:32:479:Infinity:480:32:480:Infinity":20,"f:547:42:547:43":12,"s:548:20:591:Infinity":34,"b:554:26:557:Infinity:560:26:562:Infinity":21,"b:555:28:555:Infinity:557:28:557:Infinity":22,"b:567:26:570:Infinity:573:26:575:Infinity":23,"b:568:28:568:Infinity:570:28:570:Infinity":24,"b:580:26:583:Infinity:586:26:588:Infinity":25,"b:581:28:581:Infinity:583:28:583:Infinity":26,"f:671:30:671:31":13,"s:672:14:711:Infinity":35,"b:679:26:679:Infinity:680:26:680:Infinity":27,"b:684:22:684:Infinity:686:22:686:Infinity":28,"f:736:22:736:23":14,"s:737:14:772:Infinity":36,"f:740:29:740:35":15,"s:740:35:740:Infinity":37,"b:740:64:740:71:740:71:740:74":29,"b:744:26:744:Infinity:745:26:745:Infinity":30,"b:755:42:755:67:755:67:755:Infinity":31,"b:763:26:763:Infinity:764:26:764:Infinity":32,"f:841:41:841:42":16,"s:842:18:848:Infinity":38,"f:872:18:872:19":17,"s:873:14:887:Infinity":39,"f:876:37:876:38":18,"s:877:20:884:Infinity":40}}}
,"/Users/vvssgowtham/Documents/FreelanceMarketPlace/frontend/src/stores/useStore.ts": {"path":"/Users/vvssgowtham/Documents/FreelanceMarketPlace/frontend/src/stores/useStore.ts","statementMap":{"0":{"start":{"line":9,"column":13},"end":{"line":13,"column":null}},"1":{"start":{"line":9,"column":51},"end":{"line":13,"column":2}},"2":{"start":{"line":11,"column":18},"end":{"line":11,"column":null}},"3":{"start":{"line":11,"column":34},"end":{"line":11,"column":61}},"4":{"start":{"line":12,"column":15},"end":{"line":12,"column":null}}},"fnMap":{"0":{"name":"(anonymous_0)","decl":{"start":{"line":9,"column":41},"end":{"line":9,"column":42}},"loc":{"start":{"line":9,"column":51},"end":{"line":13,"column":2}},"line":9},"1":{"name":"(anonymous_1)","decl":{"start":{"line":11,"column":12},"end":{"line":11,"column":18}},"loc":{"start":{"line":11,"column":18},"end":{"line":11,"column":null}},"line":11},"2":{"name":"(anonymous_2)","decl":{"start":{"line":11,"column":22},"end":{"line":11,"column":23}},"loc":{"start":{"line":11,"column":34},"end":{"line":11,"column":61}},"line":11},"3":{"name":"(anonymous_3)","decl":{"start":{"line":12,"column":9},"end":{"line":12,"column":15}},"loc":{"start":{"line":12,"column":15},"end":{"line":12,"column":null}},"line":12}},"branchMap":{},"s":{"0":1,"1":1,"2":7,"3":7,"4":1},"f":{"0":1,"1":7,"2":7,"3":1},"b":{},"meta":{"lastBranch":0,"lastFunction":4,"lastStatement":5,"seen":{"s:9:13:13:Infinity":0,"f:9:41:9:42":0,"s:9:51:13:2":1,"f:11:12:11:18":1,"s:11:18:11:Infinity":2,"f:11:22:11:23":2,"s:11:34:11:61":3,"f:12:9:12:15":3,"s:12:15:12:Infinity":4}}}
,"/Users/vvssgowtham/Documents/FreelanceMarketPlace/frontend/src/utils/utils.ts": {"path":"/Users/vvssgowtham/Documents/FreelanceMarketPlace/frontend/src/utils/utils.ts","statementMap":{"0":{"start":{"line":5,"column":2},"end":{"line":5,"column":null}}},"fnMap":{"0":{"name":"cn","decl":{"start":{"line":4,"column":16},"end":{"line":4,"column":22}},"loc":{"start":{"line":4,"column":44},"end":{"line":6,"column":null}},"line":4}},"branchMap":{},"s":{"0":598},"f":{"0":598},"b":{},"meta":{"lastBranch":0,"lastFunction":1,"lastStatement":1,"seen":{"f:4:16:4:22":0,"s:5:2:5:Infinity":0}}}
}
